#
# A fatal error has been detected by the Java Runtime Environment:
#
#  SIGSEGV (0xb) at pc=0x0000705ebef5b764, pid=22420, tid=22453
#
# JRE version: OpenJDK Runtime Environment (21.0.10+7) (build 21.0.10+7-Ubuntu-124.04)
# Java VM: OpenJDK 64-Bit Server VM (21.0.10+7-Ubuntu-124.04, mixed mode, sharing, tiered, compressed oops, compressed class ptrs, g1 gc, linux-amd64)
# Problematic frame:
# V  [libjvm.so+0xd5b764]  PhaseCCP::transform(Node*)+0x624
#
# Core dump will be written. Default location: Core dumps may be processed with "/usr/share/apport/apport -p%p -s%s -c%c -d%d -P%P -u%u -g%g -F%F -- %E" (or dumping to /home/kbunny/Documents/ing.Soft/proyecto/kotliners-adopta-perrito-demo-api/core.22420)
#
# If you would like to submit a bug report, please visit:
#   https://bugs.launchpad.net/ubuntu/+source/openjdk-21
#

---------------  S U M M A R Y ------------

Command Line: -Djansi.mode=force -Dclassworlds.conf=/usr/share/maven/bin/m2.conf -Dmaven.home=/usr/share/maven -Dlibrary.jansi.path=/usr/share/maven/lib/jansi-native -Dmaven.multiModuleProjectDirectory=/home/kbunny/Documents/ing.Soft/proyecto/kotliners-adopta-perrito-demo-api org.codehaus.plexus.classworlds.launcher.Launcher spring-boot:run

Host: AMD Ryzen 3 3300U with Radeon Vega Mobile Gfx, 4 cores, 9G, Ubuntu 24.04.4 LTS
Time: Mon Mar  2 16:25:25 2026 CST elapsed time: 1.532703 seconds (0d 0h 0m 1s)

---------------  T H R E A D  ---------------

Current thread (0x0000705eb8105f70):  JavaThread "C2 CompilerThread0" daemon [_thread_in_native, id=22453, stack(0x0000705e9d900000,0x0000705e9da00000) (1024K)]


Current CompileTask:
C2:1532 3085       4       org.apache.maven.model.validation.DefaultModelValidator::validateEffectiveDependency (631 bytes)

Stack: [0x0000705e9d900000,0x0000705e9da00000],  sp=0x0000705e9d9fb8b0,  free space=1006k
Native frames: (J=compiled Java code, j=interpreted, Vv=VM code, C=native code)
V  [libjvm.so+0xd5b764]  PhaseCCP::transform(Node*)+0x624
V  [libjvm.so+0xd580ad]  PhaseCCP::do_transform()+0x1d
V  [libjvm.so+0x668e7a]  Compile::Optimize()+0x6fa
V  [libjvm.so+0x66a79c]  Compile::Compile(ciEnv*, ciMethod*, int, Options, DirectiveSet*)+0xecc
V  [libjvm.so+0x58e02d]  C2Compiler::compile_method(ciEnv*, ciMethod*, int, bool, DirectiveSet*)+0x19d
V  [libjvm.so+0x670b23]  CompileBroker::invoke_compiler_on_method(CompileTask*)+0xc73
V  [libjvm.so+0x673d48]  CompileBroker::compiler_thread_loop()+0x6d8
V  [libjvm.so+0x92c066]  JavaThread::thread_main_inner()+0x1e6
V  [libjvm.so+0xf8fef7]  Thread::call_run()+0xa7
V  [libjvm.so+0xd06565]  thread_native_entry(Thread*)+0xd5
C  [libc.so.6+0x9caa4]

siginfo: si_signo: 11 (SIGSEGV), si_code: 1 (SEGV_MAPERR), si_addr: 0x0000000200000028

Registers:
RAX=0x0000000000009200, RBX=0x0000000000000000, RCX=0x0000000000000100, RDX=0x0000000200000000
RSP=0x0000705e9d9fb8b0, RBP=0x0000705e9d9fb9e0, RSI=0x0000705e2022eeb0, RDI=0x0000000000010000
R8 =0x0000705e142d45b0, R9 =0x0000705e14442bb8, R10=0x0000705e20026ad8, R11=0x0000000000000001
R12=0x0000000000000000, R13=0x0000705e9d9fc540, R14=0x0000705eb81043c0, R15=0x0000705e20026a90
RIP=0x0000705ebef5b764, EFLAGS=0x0000000000010206, CSGSFS=0x002b000000000033, ERR=0x0000000000000004
  TRAPNO=0x000000000000000e

XMM[0]=0x0000705e14009aa0 0x0000e0bc28013540
XMM[1]=0x0000000000000000 0x0000705e14009aa0
XMM[2]=0x0000705e14009aa0 0x0000705e14009aa0
XMM[3]=0x0000705eb849c490 0x0000705eb849c800
XMM[4]=0x0000705e14302800 0x0000705e14302cb8
XMM[5]=0x0000705e14304c78 0x0000705e143030c0
XMM[6]=0x0000705eb849ca80 0x0000705e143034e0
XMM[7]=0x0000705e14302750 0x0000705e14302660
XMM[8]=0x0000705e14302c70 0x0000705e14302e48
XMM[9]=0x0000000000000000 0x46293e5939a08cea
XMM[10]=0x0000000000000000 0x4376345785d8a000
XMM[11]=0x0000705e2057ba50 0x0000705e2057bb10
XMM[12]=0x0000705e2057b990 0x0000705e2057b930
XMM[13]=0x550c7dc3243185be 0x12835b01d807aa98
XMM[14]=0xab1c5ed5923f82a4 0x59f111f13956c25b
XMM[15]=0x0000000000000000 0x0000000000000000
  MXCSR=0x00001fa2


Register to memory mapping:

RAX=0x0000000000009200 is an unknown value
RBX=0x0 is null
RCX=0x0000000000000100 is an unknown value
RDX=0x0000000200000000 is an unknown value
RSP=0x0000705e9d9fb8b0 is pointing into the stack for thread: 0x0000705eb8105f70
RBP=0x0000705e9d9fb9e0 is pointing into the stack for thread: 0x0000705eb8105f70
RSI=0x0000705e2022eeb0 points into unknown readable memory: 0x0000000200000000 | 00 00 00 00 02 00 00 00
RDI=0x0000000000010000 is an unknown value
R8 =0x0000705e142d45b0 points into unknown readable memory: 0xffffffffbfffffff | ff ff ff bf ff ff ff ff
R9 =0x0000705e14442bb8 points into unknown readable memory: 0x0000705e9d9fdcc0 | c0 dc 9f 9d 5e 70 00 00
R10=0x0000705e20026ad8 points into unknown readable memory: 0x0000705ebf6bea98 | 98 ea 6b bf 5e 70 00 00
R11=0x0000000000000001 is an unknown value
R12=0x0 is null
R13=0x0000705e9d9fc540 is pointing into the stack for thread: 0x0000705eb8105f70
R14=0x0000705eb81043c0 points into unknown readable memory: 0x0000000705eb8107 | 07 81 eb 05 07 00 00 00
R15=0x0000705e20026a90 points into unknown readable memory: 0x0000705ebf6a2a48 | 48 2a 6a bf 5e 70 00 00

Top of Stack: (sp=0x0000705e9d9fb8b0)
0x0000705e9d9fb8b0:   0000705e1023c3c0 0000705e102416c0
0x0000705e9d9fb8c0:   0000000000020338 0000705e102443a8
0x0000705e9d9fb8d0:   0000705eb81043c0 0000705e20026a10
0x0000705e9d9fb8e0:   0000705e1023c3c0 0000705e102416c0
0x0000705e9d9fb8f0:   0000705eb81043c0 0000705e9d9fb960
0x0000705e9d9fb900:   0000000000000010 0000705e9d9fb980
0x0000705e9d9fb910:   0000705e9d9fc540 0000000000000028
0x0000705e9d9fb920:   0000034800000000 0000705e102416e0
0x0000705e9d9fb930:   0000000000000000 000001009d9fbbd0
0x0000705e9d9fb940:   0000705eb81043c0 0000705e00000800
0x0000705e9d9fb950:   0000705e142d05b0 0000000000000000
0x0000705e9d9fb960:   0000705eb81043c0 0000000000000800
0x0000705e9d9fb970:   0000705e2000bdd0 000000000000068d
0x0000705e9d9fb980:   0000705e00000040 0000705e142d45b0
0x0000705e9d9fb990:   0000705e00000040 0000705eb81043c0
0x0000705e9d9fb9a0:   0000705e00000000 0000705e20101a50
0x0000705e9d9fb9b0:   0000000000000040 0000705e9d9fdb90
0x0000705e9d9fb9c0:   0000705eb81043c0 0000705e9d9fbbd0
0x0000705e9d9fb9d0:   0000705e9d9fc540 0000000000018360
0x0000705e9d9fb9e0:   0000705e9d9fba00 0000705ebef580ad
0x0000705e9d9fb9f0:   0000705e9d9fc540 0000705e9d9fdb90
0x0000705e9d9fba00:   0000705e9d9fcf30 0000705ebe868e7a
0x0000705e9d9fba10:   0000705e9d9fba90 0000705e9d9fba90
0x0000705e9d9fba20:   0000705e9d9fbed0 0000705e0000000e
0x0000705e9d9fba30:   0000705e9d9fbb60 0000705eb8005bc0
0x0000705e9d9fba40:   0000705e20143620 0000705e20147860
0x0000705e9d9fba50:   0000705e20147860 0000705e9d9fbaa0
0x0000705e9d9fba60:   0000705e2014b608 0000705e20143620
0x0000705e9d9fba70:   0000705eb81043c0 0000705e20143620
0x0000705e9d9fba80:   0000705e20147860 0000705e2014b608
0x0000705e9d9fba90:   0000000000018360 0000705eb8113370
0x0000705e9d9fbaa0:   0000705eb8100000 0000000000000000 

Instructions: (pc=0x0000705ebef5b764)
0x0000705ebef5b664:   8d bd 40 ff ff ff 48 89 95 38 ff ff ff e8 da 75
0x0000705ebef5b674:   76 ff 44 8b ad 40 ff ff ff 48 8b 95 38 ff ff ff
0x0000705ebef5b684:   e9 7f fe ff ff 0f 1f 80 00 00 00 00 48 8b bd 18
0x0000705ebef5b694:   ff ff ff 44 89 e6 48 89 95 20 ff ff ff 44 89 8d
0x0000705ebef5b6a4:   38 ff ff ff e8 63 3d f7 ff 48 8b 95 20 ff ff ff
0x0000705ebef5b6b4:   44 8b 8d 38 ff ff ff e9 3e ff ff ff 4c 8b b5 10
0x0000705ebef5b6c4:   ff ff ff 4c 8b ad 30 ff ff ff 0f b6 9d 50 ff ff
0x0000705ebef5b6d4:   ff 83 e3 01 49 8b 7d 10 4c 8b bf e8 02 00 00 4d
0x0000705ebef5b6e4:   85 ff 74 38 41 8b 4f 28 41 89 cc 41 c1 ec 05 44
0x0000705ebef5b6f4:   3b 65 a0 0f 83 87 02 00 00 48 8b 55 a8 b8 01 00
0x0000705ebef5b704:   00 00 d3 e0 4a 8d 0c a2 89 c6 8b 11 09 d6 89 31
0x0000705ebef5b714:   85 d0 0f 84 88 02 00 00 49 8b 7d 10 48 8b b5 18
0x0000705ebef5b724:   ff ff ff e8 64 e6 8f ff 4d 8b 4d 20 31 c0 41 bb
0x0000705ebef5b734:   01 00 00 00 41 8b 79 08 4d 8b 51 20 48 89 fa 48
0x0000705ebef5b744:   c1 e7 03 85 d2 74 45 0f 1f 44 00 00 49 8b 71 18
0x0000705ebef5b754:   48 01 c6 48 8b 16 48 85 d2 74 28 49 39 d2 74 23
0x0000705ebef5b764:   8b 4a 28 89 ca c1 ea 05 3b 55 a0 73 13 45 89 d8
0x0000705ebef5b774:   41 d3 e0 44 89 c1 4c 8b 45 a8 41 23 0c 90 75 03
0x0000705ebef5b784:   4c 89 16 48 83 c0 08 48 39 f8 75 c0 49 8d 7d 38
0x0000705ebef5b794:   44 89 ea 31 c0 45 31 e4 48 83 e7 f8 49 8d b5 80
0x0000705ebef5b7a4:   04 00 00 49 c7 45 30 00 00 00 00 29 fa 48 83 e6
0x0000705ebef5b7b4:   f8 49 c7 85 70 04 00 00 00 00 00 00 8d 8a 78 04
0x0000705ebef5b7c4:   00 00 49 8d 95 c8 08 00 00 c1 e9 03 f3 48 ab 44
0x0000705ebef5b7d4:   89 e9 48 89 f7 49 c7 85 78 04 00 00 00 00 00 00
0x0000705ebef5b7e4:   49 c7 85 b8 08 00 00 00 00 00 00 29 f1 81 c1 c0
0x0000705ebef5b7f4:   08 00 00 c1 e9 03 f3 48 ab 48 89 d7 44 89 ea 49
0x0000705ebef5b804:   c7 85 c0 08 00 00 00 00 00 00 49 c7 85 58 09 00
0x0000705ebef5b814:   00 00 00 00 00 48 83 e7 f8 29 fa 8d 8a 60 09 00
0x0000705ebef5b824:   00 c1 e9 03 f3 48 ab 49 8b bd 68 09 00 00 48 8b
0x0000705ebef5b834:   b5 28 ff ff ff e8 02 57 f7 ff 49 8b 95 68 09 00
0x0000705ebef5b844:   00 49 8b 7d 10 48 8b b5 18 ff ff ff e8 fb ef 8f
0x0000705ebef5b854:   ff 48 8b 85 f8 fe ff ff 8b 40 28 3b 85 68 ff ff 


Stack slot to memory mapping:

stack at sp + 0 slots: 0x0000705e1023c3c0 points into unknown readable memory: 0x0000705e142ce320 | 20 e3 2c 14 5e 70 00 00
stack at sp + 1 slots: 0x0000705e102416c0 points into unknown readable memory: 0x0000705e20026a10 | 10 6a 02 20 5e 70 00 00
stack at sp + 2 slots: 0x0000000000020338 is an unknown value
stack at sp + 3 slots: 0x0000705e102443a8 points into unknown readable memory: 0x0000000000007ff5 | f5 7f 00 00 00 00 00 00
stack at sp + 4 slots: 0x0000705eb81043c0 points into unknown readable memory: 0x0000000705eb8107 | 07 81 eb 05 07 00 00 00
stack at sp + 5 slots: 0x0000705e20026a10 points into unknown readable memory: 0x0000705ebf6ab290 | 90 b2 6a bf 5e 70 00 00
stack at sp + 6 slots: 0x0000705e1023c3c0 points into unknown readable memory: 0x0000705e142ce320 | 20 e3 2c 14 5e 70 00 00
stack at sp + 7 slots: 0x0000705e102416c0 points into unknown readable memory: 0x0000705e20026a10 | 10 6a 02 20 5e 70 00 00


---------------  P R O C E S S  ---------------

Threads class SMR info:
_java_thread_list=0x0000705e141ad380, length=11, elements={
0x0000705eb801a430, 0x0000705eb80fe9e0, 0x0000705eb80fff60, 0x0000705eb8101820,
0x0000705eb8102e70, 0x0000705eb8104420, 0x0000705eb8105f70, 0x0000705eb8107640,
0x0000705eb815b460, 0x0000705eb815e7a0, 0x0000705e141ac7b0
}

Java Threads: ( => current thread )
  0x0000705eb801a430 JavaThread "main"                              [_thread_in_Java, id=22440, stack(0x0000705ebe100000,0x0000705ebe200000) (1024K)]
  0x0000705eb80fe9e0 JavaThread "Reference Handler"          daemon [_thread_blocked, id=22448, stack(0x0000705ebc1f8000,0x0000705ebc2f8000) (1024K)]
  0x0000705eb80fff60 JavaThread "Finalizer"                  daemon [_thread_blocked, id=22449, stack(0x0000705ebc0f8000,0x0000705ebc1f8000) (1024K)]
  0x0000705eb8101820 JavaThread "Signal Dispatcher"          daemon [_thread_blocked, id=22450, stack(0x0000705eb7f00000,0x0000705eb8000000) (1024K)]
  0x0000705eb8102e70 JavaThread "Service Thread"             daemon [_thread_blocked, id=22451, stack(0x0000705e9db00000,0x0000705e9dc00000) (1024K)]
  0x0000705eb8104420 JavaThread "Monitor Deflation Thread"   daemon [_thread_blocked, id=22452, stack(0x0000705e9da00000,0x0000705e9db00000) (1024K)]
=>0x0000705eb8105f70 JavaThread "C2 CompilerThread0"         daemon [_thread_in_native, id=22453, stack(0x0000705e9d900000,0x0000705e9da00000) (1024K)]
  0x0000705eb8107640 JavaThread "C1 CompilerThread0"         daemon [_thread_in_vm, id=22454, stack(0x0000705e9d800000,0x0000705e9d900000) (1024K)]
  0x0000705eb815b460 JavaThread "Notification Thread"        daemon [_thread_blocked, id=22455, stack(0x0000705e9d700000,0x0000705e9d800000) (1024K)]
  0x0000705eb815e7a0 JavaThread "Common-Cleaner"             daemon [_thread_blocked, id=22456, stack(0x0000705e9d600000,0x0000705e9d700000) (1024K)]
  0x0000705e141ac7b0 JavaThread "C2 CompilerThread1"         daemon [_thread_in_native, id=22458, stack(0x0000705e9d500000,0x0000705e9d600000) (1024K)]
Total: 11

Other Threads:
  0x0000705eb80f58a0 VMThread "VM Thread"                           [id=22447, stack(0x0000705ebc2f9000,0x0000705ebc3f9000) (1024K)]
  0x0000705eb80e3ee0 WatcherThread "VM Periodic Task Thread"        [id=22446, stack(0x0000705ebc3fa000,0x0000705ebc4fa000) (1024K)]
  0x0000705eb8065d20 WorkerThread "GC Thread#0"                     [id=22441, stack(0x0000705ebcd84000,0x0000705ebce84000) (1024K)]
  0x0000705e34006970 WorkerThread "GC Thread#1"                     [id=22459, stack(0x0000705e9d400000,0x0000705e9d500000) (1024K)]
  0x0000705e340074a0 WorkerThread "GC Thread#2"                     [id=22460, stack(0x0000705e9d2ff000,0x0000705e9d3ff000) (1024K)]
  0x0000705e3400bbd0 WorkerThread "GC Thread#3"                     [id=22461, stack(0x0000705e9d068000,0x0000705e9d168000) (1024K)]
  0x0000705eb8070c70 ConcurrentGCThread "G1 Main Marker"            [id=22442, stack(0x0000705ebcc83000,0x0000705ebcd83000) (1024K)]
  0x0000705eb8071b50 WorkerThread "G1 Conc#0"                       [id=22443, stack(0x0000705ebcb82000,0x0000705ebcc82000) (1024K)]
  0x0000705eb80ca3f0 ConcurrentGCThread "G1 Refine#0"               [id=22444, stack(0x0000705ebc67d000,0x0000705ebc77d000) (1024K)]
  0x0000705eb80cb3c0 ConcurrentGCThread "G1 Service"                [id=22445, stack(0x0000705ebc57c000,0x0000705ebc67c000) (1024K)]
Total: 10

Threads with active compile tasks:
C2 CompilerThread0  1535 3085       4       org.apache.maven.model.validation.DefaultModelValidator::validateEffectiveDependency (631 bytes)
C1 CompilerThread0  1535 3108       3       org.codehaus.plexus.util.xml.Xpp3Dom::mergeIntoXpp3Dom (528 bytes)
C2 CompilerThread1  1535 3060       4       org.codehaus.plexus.util.xml.pull.MXParser::nextImpl (1208 bytes)
Total: 3

VM state: not at safepoint (normal execution)

VM Mutex/Monitor currently owned by a thread: None

Heap address: 0x0000000765e00000, size: 2466 MB, Compressed Oops mode: Zero based, Oop shift amount: 3

CDS archive(s) mapped at: [0x0000705e3f000000-0x0000705e3fc9c000-0x0000705e3fc9c000), size 13221888, SharedBaseAddress: 0x0000705e3f000000, ArchiveRelocationMode: 1.
Compressed class space mapped at: 0x0000705e40000000-0x0000705e80000000, reserved size: 1073741824
Narrow klass base: 0x0000705e3f000000, Narrow klass shift: 0, Narrow klass range: 0x100000000

GC Precious Log:
 CardTable entry size: 512
 Card Set container configuration: InlinePtr #cards 4 size 8 Array Of Cards #cards 16 size 48 Howl #buckets 8 coarsen threshold 3686 Howl Bitmap #cards 512 size 80 coarsen threshold 460 Card regions per heap region 1 cards per card region 4096
 CPUs: 4 total, 4 available
 Memory: 9856M
 Large Page Support: Disabled
 NUMA Support: Disabled
 Compressed Oops: Enabled (Zero based)
 Heap Region Size: 2M
 Heap Min Capacity: 8M
 Heap Initial Capacity: 156M
 Heap Max Capacity: 2466M
 Pre-touch: Disabled
 Parallel Workers: 4
 Concurrent Workers: 1
 Concurrent Refinement Workers: 4
 Periodic GC: Disabled

Heap:
 garbage-first heap   total 161792K, used 46937K [0x0000000765e00000, 0x0000000800000000)
  region size 2048K, 23 young (47104K), 3 survivors (6144K)
 Metaspace       used 13782K, committed 14080K, reserved 1114112K
  class space    used 1550K, committed 1728K, reserved 1048576K

Heap Regions: E=young(eden), S=young(survivor), O=old, HS=humongous(starts), HC=humongous(continues), CS=collection set, F=free, TAMS=top-at-mark-start, PB=parsable bottom
|   0|0x0000000765e00000, 0x0000000766000000, 0x0000000766000000|100%| O|  |TAMS 0x0000000765e00000| PB 0x0000000765e00000| Untracked 
|   1|0x0000000766000000, 0x000000076606bd10, 0x0000000766200000| 21%| O|  |TAMS 0x0000000766000000| PB 0x0000000766000000| Untracked 
|   2|0x0000000766200000, 0x0000000766200000, 0x0000000766400000|  0%| F|  |TAMS 0x0000000766200000| PB 0x0000000766200000| Untracked 
|   3|0x0000000766400000, 0x0000000766400000, 0x0000000766600000|  0%| F|  |TAMS 0x0000000766400000| PB 0x0000000766400000| Untracked 
|   4|0x0000000766600000, 0x0000000766600000, 0x0000000766800000|  0%| F|  |TAMS 0x0000000766600000| PB 0x0000000766600000| Untracked 
|   5|0x0000000766800000, 0x0000000766800000, 0x0000000766a00000|  0%| F|  |TAMS 0x0000000766800000| PB 0x0000000766800000| Untracked 
|   6|0x0000000766a00000, 0x0000000766a00000, 0x0000000766c00000|  0%| F|  |TAMS 0x0000000766a00000| PB 0x0000000766a00000| Untracked 
|   7|0x0000000766c00000, 0x0000000766c00000, 0x0000000766e00000|  0%| F|  |TAMS 0x0000000766c00000| PB 0x0000000766c00000| Untracked 
|   8|0x0000000766e00000, 0x0000000766e00000, 0x0000000767000000|  0%| F|  |TAMS 0x0000000766e00000| PB 0x0000000766e00000| Untracked 
|   9|0x0000000767000000, 0x0000000767000000, 0x0000000767200000|  0%| F|  |TAMS 0x0000000767000000| PB 0x0000000767000000| Untracked 
|  10|0x0000000767200000, 0x0000000767200000, 0x0000000767400000|  0%| F|  |TAMS 0x0000000767200000| PB 0x0000000767200000| Untracked 
|  11|0x0000000767400000, 0x0000000767400000, 0x0000000767600000|  0%| F|  |TAMS 0x0000000767400000| PB 0x0000000767400000| Untracked 
|  12|0x0000000767600000, 0x0000000767600000, 0x0000000767800000|  0%| F|  |TAMS 0x0000000767600000| PB 0x0000000767600000| Untracked 
|  13|0x0000000767800000, 0x0000000767800000, 0x0000000767a00000|  0%| F|  |TAMS 0x0000000767800000| PB 0x0000000767800000| Untracked 
|  14|0x0000000767a00000, 0x0000000767a00000, 0x0000000767c00000|  0%| F|  |TAMS 0x0000000767a00000| PB 0x0000000767a00000| Untracked 
|  15|0x0000000767c00000, 0x0000000767c00000, 0x0000000767e00000|  0%| F|  |TAMS 0x0000000767c00000| PB 0x0000000767c00000| Untracked 
|  16|0x0000000767e00000, 0x0000000767e00000, 0x0000000768000000|  0%| F|  |TAMS 0x0000000767e00000| PB 0x0000000767e00000| Untracked 
|  17|0x0000000768000000, 0x0000000768000000, 0x0000000768200000|  0%| F|  |TAMS 0x0000000768000000| PB 0x0000000768000000| Untracked 
|  18|0x0000000768200000, 0x0000000768200000, 0x0000000768400000|  0%| F|  |TAMS 0x0000000768200000| PB 0x0000000768200000| Untracked 
|  19|0x0000000768400000, 0x0000000768400000, 0x0000000768600000|  0%| F|  |TAMS 0x0000000768400000| PB 0x0000000768400000| Untracked 
|  20|0x0000000768600000, 0x0000000768600000, 0x0000000768800000|  0%| F|  |TAMS 0x0000000768600000| PB 0x0000000768600000| Untracked 
|  21|0x0000000768800000, 0x0000000768800000, 0x0000000768a00000|  0%| F|  |TAMS 0x0000000768800000| PB 0x0000000768800000| Untracked 
|  22|0x0000000768a00000, 0x0000000768a00000, 0x0000000768c00000|  0%| F|  |TAMS 0x0000000768a00000| PB 0x0000000768a00000| Untracked 
|  23|0x0000000768c00000, 0x0000000768c00000, 0x0000000768e00000|  0%| F|  |TAMS 0x0000000768c00000| PB 0x0000000768c00000| Untracked 
|  24|0x0000000768e00000, 0x0000000768e00000, 0x0000000769000000|  0%| F|  |TAMS 0x0000000768e00000| PB 0x0000000768e00000| Untracked 
|  25|0x0000000769000000, 0x0000000769000000, 0x0000000769200000|  0%| F|  |TAMS 0x0000000769000000| PB 0x0000000769000000| Untracked 
|  26|0x0000000769200000, 0x0000000769200000, 0x0000000769400000|  0%| F|  |TAMS 0x0000000769200000| PB 0x0000000769200000| Untracked 
|  27|0x0000000769400000, 0x0000000769400000, 0x0000000769600000|  0%| F|  |TAMS 0x0000000769400000| PB 0x0000000769400000| Untracked 
|  28|0x0000000769600000, 0x0000000769600000, 0x0000000769800000|  0%| F|  |TAMS 0x0000000769600000| PB 0x0000000769600000| Untracked 
|  29|0x0000000769800000, 0x0000000769800000, 0x0000000769a00000|  0%| F|  |TAMS 0x0000000769800000| PB 0x0000000769800000| Untracked 
|  30|0x0000000769a00000, 0x0000000769a00000, 0x0000000769c00000|  0%| F|  |TAMS 0x0000000769a00000| PB 0x0000000769a00000| Untracked 
|  31|0x0000000769c00000, 0x0000000769c00000, 0x0000000769e00000|  0%| F|  |TAMS 0x0000000769c00000| PB 0x0000000769c00000| Untracked 
|  32|0x0000000769e00000, 0x0000000769e00000, 0x000000076a000000|  0%| F|  |TAMS 0x0000000769e00000| PB 0x0000000769e00000| Untracked 
|  33|0x000000076a000000, 0x000000076a000000, 0x000000076a200000|  0%| F|  |TAMS 0x000000076a000000| PB 0x000000076a000000| Untracked 
|  34|0x000000076a200000, 0x000000076a200000, 0x000000076a400000|  0%| F|  |TAMS 0x000000076a200000| PB 0x000000076a200000| Untracked 
|  35|0x000000076a400000, 0x000000076a400000, 0x000000076a600000|  0%| F|  |TAMS 0x000000076a400000| PB 0x000000076a400000| Untracked 
|  36|0x000000076a600000, 0x000000076a600000, 0x000000076a800000|  0%| F|  |TAMS 0x000000076a600000| PB 0x000000076a600000| Untracked 
|  37|0x000000076a800000, 0x000000076a800000, 0x000000076aa00000|  0%| F|  |TAMS 0x000000076a800000| PB 0x000000076a800000| Untracked 
|  38|0x000000076aa00000, 0x000000076aa00000, 0x000000076ac00000|  0%| F|  |TAMS 0x000000076aa00000| PB 0x000000076aa00000| Untracked 
|  39|0x000000076ac00000, 0x000000076ac00000, 0x000000076ae00000|  0%| F|  |TAMS 0x000000076ac00000| PB 0x000000076ac00000| Untracked 
|  40|0x000000076ae00000, 0x000000076ae00000, 0x000000076b000000|  0%| F|  |TAMS 0x000000076ae00000| PB 0x000000076ae00000| Untracked 
|  41|0x000000076b000000, 0x000000076b000000, 0x000000076b200000|  0%| F|  |TAMS 0x000000076b000000| PB 0x000000076b000000| Untracked 
|  42|0x000000076b200000, 0x000000076b200000, 0x000000076b400000|  0%| F|  |TAMS 0x000000076b200000| PB 0x000000076b200000| Untracked 
|  43|0x000000076b400000, 0x000000076b400000, 0x000000076b600000|  0%| F|  |TAMS 0x000000076b400000| PB 0x000000076b400000| Untracked 
|  44|0x000000076b600000, 0x000000076b600000, 0x000000076b800000|  0%| F|  |TAMS 0x000000076b600000| PB 0x000000076b600000| Untracked 
|  45|0x000000076b800000, 0x000000076b800000, 0x000000076ba00000|  0%| F|  |TAMS 0x000000076b800000| PB 0x000000076b800000| Untracked 
|  46|0x000000076ba00000, 0x000000076ba00000, 0x000000076bc00000|  0%| F|  |TAMS 0x000000076ba00000| PB 0x000000076ba00000| Untracked 
|  47|0x000000076bc00000, 0x000000076bc00000, 0x000000076be00000|  0%| F|  |TAMS 0x000000076bc00000| PB 0x000000076bc00000| Untracked 
|  48|0x000000076be00000, 0x000000076be00000, 0x000000076c000000|  0%| F|  |TAMS 0x000000076be00000| PB 0x000000076be00000| Untracked 
|  49|0x000000076c000000, 0x000000076c000000, 0x000000076c200000|  0%| F|  |TAMS 0x000000076c000000| PB 0x000000076c000000| Untracked 
|  50|0x000000076c200000, 0x000000076c200000, 0x000000076c400000|  0%| F|  |TAMS 0x000000076c200000| PB 0x000000076c200000| Untracked 
|  51|0x000000076c400000, 0x000000076c400000, 0x000000076c600000|  0%| F|  |TAMS 0x000000076c400000| PB 0x000000076c400000| Untracked 
|  52|0x000000076c600000, 0x000000076c600000, 0x000000076c800000|  0%| F|  |TAMS 0x000000076c600000| PB 0x000000076c600000| Untracked 
|  53|0x000000076c800000, 0x000000076c800000, 0x000000076ca00000|  0%| F|  |TAMS 0x000000076c800000| PB 0x000000076c800000| Untracked 
|  54|0x000000076ca00000, 0x000000076ca00000, 0x000000076cc00000|  0%| F|  |TAMS 0x000000076ca00000| PB 0x000000076ca00000| Untracked 
|  55|0x000000076cc00000, 0x000000076ce00000, 0x000000076ce00000|100%| E|  |TAMS 0x000000076cc00000| PB 0x000000076cc00000| Complete 
|  56|0x000000076ce00000, 0x000000076d000000, 0x000000076d000000|100%| E|CS|TAMS 0x000000076ce00000| PB 0x000000076ce00000| Complete 
|  57|0x000000076d000000, 0x000000076d05e0c0, 0x000000076d200000| 18%| S|CS|TAMS 0x000000076d000000| PB 0x000000076d000000| Complete 
|  58|0x000000076d200000, 0x000000076d400000, 0x000000076d400000|100%| S|CS|TAMS 0x000000076d200000| PB 0x000000076d200000| Complete 
|  59|0x000000076d400000, 0x000000076d600000, 0x000000076d600000|100%| S|CS|TAMS 0x000000076d400000| PB 0x000000076d400000| Complete 
|  60|0x000000076d600000, 0x000000076d800000, 0x000000076d800000|100%| E|CS|TAMS 0x000000076d600000| PB 0x000000076d600000| Complete 
|  61|0x000000076d800000, 0x000000076da00000, 0x000000076da00000|100%| E|CS|TAMS 0x000000076d800000| PB 0x000000076d800000| Complete 
|  62|0x000000076da00000, 0x000000076dc00000, 0x000000076dc00000|100%| E|CS|TAMS 0x000000076da00000| PB 0x000000076da00000| Complete 
|  63|0x000000076dc00000, 0x000000076de00000, 0x000000076de00000|100%| E|CS|TAMS 0x000000076dc00000| PB 0x000000076dc00000| Complete 
|  64|0x000000076de00000, 0x000000076e000000, 0x000000076e000000|100%| E|CS|TAMS 0x000000076de00000| PB 0x000000076de00000| Complete 
|  65|0x000000076e000000, 0x000000076e200000, 0x000000076e200000|100%| E|CS|TAMS 0x000000076e000000| PB 0x000000076e000000| Complete 
|  66|0x000000076e200000, 0x000000076e400000, 0x000000076e400000|100%| E|CS|TAMS 0x000000076e200000| PB 0x000000076e200000| Complete 
|  67|0x000000076e400000, 0x000000076e600000, 0x000000076e600000|100%| E|CS|TAMS 0x000000076e400000| PB 0x000000076e400000| Complete 
|  68|0x000000076e600000, 0x000000076e800000, 0x000000076e800000|100%| E|CS|TAMS 0x000000076e600000| PB 0x000000076e600000| Complete 
|  69|0x000000076e800000, 0x000000076ea00000, 0x000000076ea00000|100%| E|CS|TAMS 0x000000076e800000| PB 0x000000076e800000| Complete 
|  70|0x000000076ea00000, 0x000000076ec00000, 0x000000076ec00000|100%| E|CS|TAMS 0x000000076ea00000| PB 0x000000076ea00000| Complete 
|  71|0x000000076ec00000, 0x000000076ee00000, 0x000000076ee00000|100%| E|CS|TAMS 0x000000076ec00000| PB 0x000000076ec00000| Complete 
|  72|0x000000076ee00000, 0x000000076f000000, 0x000000076f000000|100%| E|CS|TAMS 0x000000076ee00000| PB 0x000000076ee00000| Complete 
|  73|0x000000076f000000, 0x000000076f200000, 0x000000076f200000|100%| E|CS|TAMS 0x000000076f000000| PB 0x000000076f000000| Complete 
|  74|0x000000076f200000, 0x000000076f400000, 0x000000076f400000|100%| E|CS|TAMS 0x000000076f200000| PB 0x000000076f200000| Complete 
|  75|0x000000076f400000, 0x000000076f600000, 0x000000076f600000|100%| E|CS|TAMS 0x000000076f400000| PB 0x000000076f400000| Complete 
|  76|0x000000076f600000, 0x000000076f800000, 0x000000076f800000|100%| E|CS|TAMS 0x000000076f600000| PB 0x000000076f600000| Complete 
|  77|0x000000076f800000, 0x000000076fa00000, 0x000000076fa00000|100%| E|CS|TAMS 0x000000076f800000| PB 0x000000076f800000| Complete 
|1232|0x00000007ffe00000, 0x00000007fff0c6d0, 0x0000000800000000| 52%| O|  |TAMS 0x00000007ffe00000| PB 0x00000007ffe00000| Untracked 

Card table byte_map: [0x0000705ebce84000,0x0000705ebd355000] _byte_map_base: 0x0000705eb9355000

Marking Bits: (CMBitMap*) 0x0000705eb8066790
 Bits: [0x0000705e9e178000, 0x0000705ea0800000)

Polling page: 0x0000705ebfb83000

Metaspace:

Usage:
  Non-class:     11.95 MB used.
      Class:      1.51 MB used.
       Both:     13.46 MB used.

Virtual space:
  Non-class space:       64.00 MB reserved,      12.06 MB ( 19%) committed,  1 nodes.
      Class space:        1.00 GB reserved,       1.69 MB ( <1%) committed,  1 nodes.
             Both:        1.06 GB reserved,      13.75 MB (  1%) committed. 

Chunk freelists:
   Non-Class:  3.26 MB
       Class:  14.17 MB
        Both:  17.43 MB

MaxMetaspaceSize: unlimited
CompressedClassSpaceSize: 1.00 GB
Initial GC threshold: 21.00 MB
Current GC threshold: 21.00 MB
CDS: on
 - commit_granule_bytes: 65536.
 - commit_granule_words: 8192.
 - virtual_space_node_default_size: 8388608.
 - enlarge_chunks_in_place: 1.
 - use_allocation_guard: 0.


Internal statistics:

num_allocs_failed_limit: 0.
num_arena_births: 242.
num_arena_deaths: 0.
num_vsnodes_births: 2.
num_vsnodes_deaths: 0.
num_space_committed: 220.
num_space_uncommitted: 0.
num_chunks_returned_to_freelist: 0.
num_chunks_taken_from_freelist: 668.
num_chunk_merges: 0.
num_chunk_splits: 495.
num_chunks_enlarged: 378.
num_inconsistent_stats: 0.

CodeHeap 'non-profiled nmethods': size=120032Kb used=1290Kb max_used=1290Kb free=118741Kb
 bounds [0x0000705ea82c8000, 0x0000705ea8538000, 0x0000705eaf800000]
CodeHeap 'profiled nmethods': size=120028Kb used=6006Kb max_used=6006Kb free=114022Kb
 bounds [0x0000705ea0800000, 0x0000705ea0de0000, 0x0000705ea7d37000]
CodeHeap 'non-nmethods': size=5700Kb used=1378Kb max_used=1422Kb free=4321Kb
 bounds [0x0000705ea7d37000, 0x0000705ea7fa7000, 0x0000705ea82c8000]
CodeCache: size=245760Kb, used=8674Kb, max_used=8718Kb, free=237084Kb
 total_blobs=3587, nmethods=3100, adapters=392, full_count=0
Compilation: enabled, stopped_count=0, restarted_count=0

Compilation events (20 events):
Event: 1.522 Thread 0x0000705eb8107640 3093       3       org.eclipse.aether.util.graph.manager.ClassicDependencyManager$Key::equals (123 bytes)
Event: 1.523 Thread 0x0000705eb8107640 nmethod 3093 0x0000705ea0dd2610 code [0x0000705ea0dd2860, 0x0000705ea0dd3180]
Event: 1.523 Thread 0x0000705eb8107640 3094  s    3       java.util.Properties::putAll (9 bytes)
Event: 1.523 Thread 0x0000705eb8107640 nmethod 3094 0x0000705ea0dd3510 code [0x0000705ea0dd36c0, 0x0000705ea0dd38e0]
Event: 1.523 Thread 0x0000705eb8107640 3095       3       java.nio.charset.Charset::forName (20 bytes)
Event: 1.523 Thread 0x0000705eb8107640 nmethod 3095 0x0000705ea0dd3a10 code [0x0000705ea0dd3bc0, 0x0000705ea0dd3df0]
Event: 1.523 Thread 0x0000705eb8107640 3096       3       org.apache.maven.model.inheritance.DefaultInheritanceAssembler$InheritanceModelMerger::mergePluginContainer_Plugins (430 bytes)
Event: 1.526 Thread 0x0000705eb8107640 nmethod 3096 0x0000705ea0dd3f10 code [0x0000705ea0dd46c0, 0x0000705ea0dd8f70]
Event: 1.526 Thread 0x0000705eb8107640 3098       1       org.apache.maven.model.profile.DefaultProfileActivationContext::getUserProperties (5 bytes)
Event: 1.526 Thread 0x0000705eb8107640 nmethod 3098 0x0000705ea840a190 code [0x0000705ea840a320, 0x0000705ea840a3e8]
Event: 1.526 Thread 0x0000705eb8107640 3099       3       org.apache.maven.model.merge.ModelMerger::getRepositoryKey (6 bytes)
Event: 1.527 Thread 0x0000705eb8107640 nmethod 3099 0x0000705ea0dda610 code [0x0000705ea0dda7c0, 0x0000705ea0dda980]
Event: 1.527 Thread 0x0000705eb8107640 3100       3       org.apache.maven.model.merge.MavenModelMerger::getRepositoryBaseKey (5 bytes)
Event: 1.527 Thread 0x0000705eb8107640 nmethod 3100 0x0000705ea0ddaa10 code [0x0000705ea0ddaba0, 0x0000705ea0ddad48]
Event: 1.527 Thread 0x0000705eb8107640 3101       3       org.apache.maven.model.normalization.DefaultModelNormalizer::injectDependencyDefaults (46 bytes)
Event: 1.527 Thread 0x0000705eb8107640 nmethod 3101 0x0000705ea0ddae10 code [0x0000705ea0ddb040, 0x0000705ea0ddb810]
Event: 1.527 Thread 0x0000705eb8107640 3102       1       org.eclipse.aether.graph.DefaultDependencyNode::getArtifact (5 bytes)
Event: 1.527 Thread 0x0000705eb8107640 nmethod 3102 0x0000705ea840a490 code [0x0000705ea840a620, 0x0000705ea840a6e8]
Event: 1.528 Thread 0x0000705eb8107640 3103       1       org.apache.maven.model.ModelBase::setPluginRepositories (6 bytes)
Event: 1.528 Thread 0x0000705eb8107640 nmethod 3103 0x0000705ea840a790 code [0x0000705ea840a920, 0x0000705ea840aa30]

GC Heap History (6 events):
Event: 0.327 GC heap before
{Heap before GC invocations=0 (full 0):
 garbage-first heap   total 161792K, used 13361K [0x0000000765e00000, 0x0000000800000000)
  region size 2048K, 6 young (12288K), 0 survivors (0K)
 Metaspace       used 4112K, committed 4224K, reserved 1114112K
  class space    used 436K, committed 512K, reserved 1048576K
}
Event: 0.330 GC heap after
{Heap after GC invocations=1 (full 0):
 garbage-first heap   total 161792K, used 3548K [0x0000000765e00000, 0x0000000800000000)
  region size 2048K, 1 young (2048K), 1 survivors (2048K)
 Metaspace       used 4112K, committed 4224K, reserved 1114112K
  class space    used 436K, committed 512K, reserved 1048576K
}
Event: 0.502 GC heap before
{Heap before GC invocations=1 (full 0):
 garbage-first heap   total 161792K, used 15836K [0x0000000765e00000, 0x0000000800000000)
  region size 2048K, 7 young (14336K), 1 survivors (2048K)
 Metaspace       used 5794K, committed 5952K, reserved 1114112K
  class space    used 658K, committed 704K, reserved 1048576K
}
Event: 0.505 GC heap after
{Heap after GC invocations=2 (full 0):
 garbage-first heap   total 161792K, used 4213K [0x0000000765e00000, 0x0000000800000000)
  region size 2048K, 1 young (2048K), 1 survivors (2048K)
 Metaspace       used 5794K, committed 5952K, reserved 1114112K
  class space    used 658K, committed 704K, reserved 1048576K
}
Event: 1.190 GC heap before
{Heap before GC invocations=2 (full 0):
 garbage-first heap   total 161792K, used 36981K [0x0000000765e00000, 0x0000000800000000)
  region size 2048K, 18 young (36864K), 1 survivors (2048K)
 Metaspace       used 12971K, committed 13248K, reserved 1114112K
  class space    used 1509K, committed 1600K, reserved 1048576K
}
Event: 1.196 GC heap after
{Heap after GC invocations=3 (full 0):
 garbage-first heap   total 161792K, used 8025K [0x0000000765e00000, 0x0000000800000000)
  region size 2048K, 3 young (6144K), 3 survivors (6144K)
 Metaspace       used 12971K, committed 13248K, reserved 1114112K
  class space    used 1509K, committed 1600K, reserved 1048576K
}

Dll operation events (7 events):
Event: 0.002 Loaded shared library /usr/lib/jvm/java-21-openjdk-amd64/lib/libjava.so
Event: 0.022 Loaded shared library /usr/lib/jvm/java-21-openjdk-amd64/lib/libjsvml.so
Event: 0.026 Loaded shared library /usr/lib/jvm/java-21-openjdk-amd64/lib/libnio.so
Event: 0.028 Loaded shared library /usr/lib/jvm/java-21-openjdk-amd64/lib/libzip.so
Event: 0.035 Loaded shared library /usr/lib/jvm/java-21-openjdk-amd64/lib/libnet.so
Event: 0.102 Loaded shared library /usr/lib/jvm/java-21-openjdk-amd64/lib/libjimage.so
Event: 0.169 Loaded shared library /usr/lib/jvm/java-21-openjdk-amd64/lib/libverify.so

Deoptimization events (20 events):
Event: 1.476 Thread 0x0000705eb801a430 DEOPT PACKING pc=0x0000705ea0c60756 sp=0x0000705ebe1fb8a0
Event: 1.476 Thread 0x0000705eb801a430 DEOPT UNPACKING pc=0x0000705ea7d8b72f sp=0x0000705ebe1fadf0 mode 0
Event: 1.482 Thread 0x0000705eb801a430 DEOPT PACKING pc=0x0000705ea0d69a7a sp=0x0000705ebe1fb910
Event: 1.482 Thread 0x0000705eb801a430 DEOPT UNPACKING pc=0x0000705ea7d8b72f sp=0x0000705ebe1fae78 mode 0
Event: 1.487 Thread 0x0000705eb801a430 DEOPT PACKING pc=0x0000705ea0c60756 sp=0x0000705ebe1fb9a0
Event: 1.487 Thread 0x0000705eb801a430 DEOPT UNPACKING pc=0x0000705ea7d8b72f sp=0x0000705ebe1faef0 mode 0
Event: 1.501 Thread 0x0000705eb801a430 Uncommon trap: trap_request=0xffffff45 fr.pc=0x0000705ea83fc890 relative=0x0000000000001570
Event: 1.501 Thread 0x0000705eb801a430 Uncommon trap: reason=unstable_if action=reinterpret pc=0x0000705ea83fc890 method=org.codehaus.plexus.util.xml.pull.MXParser.nextImpl()I @ 280 c2
Event: 1.501 Thread 0x0000705eb801a430 DEOPT PACKING pc=0x0000705ea83fc890 sp=0x0000705ebe1fb460
Event: 1.501 Thread 0x0000705eb801a430 DEOPT UNPACKING pc=0x0000705ea7d8af99 sp=0x0000705ebe1fb408 mode 2
Event: 1.504 Thread 0x0000705eb801a430 DEOPT PACKING pc=0x0000705ea0c60756 sp=0x0000705ebe1fb4b0
Event: 1.504 Thread 0x0000705eb801a430 DEOPT UNPACKING pc=0x0000705ea7d8b72f sp=0x0000705ebe1faa08 mode 0
Event: 1.507 Thread 0x0000705eb801a430 DEOPT PACKING pc=0x0000705ea0c60756 sp=0x0000705ebe1fb390
Event: 1.507 Thread 0x0000705eb801a430 DEOPT UNPACKING pc=0x0000705ea7d8b72f sp=0x0000705ebe1fa8e8 mode 0
Event: 1.508 Thread 0x0000705eb801a430 DEOPT PACKING pc=0x0000705ea0dc09fa sp=0x0000705ebe1fb240
Event: 1.508 Thread 0x0000705eb801a430 DEOPT UNPACKING pc=0x0000705ea7d8b72f sp=0x0000705ebe1fa7a8 mode 0
Event: 1.512 Thread 0x0000705eb801a430 DEOPT PACKING pc=0x0000705ea0dc09fa sp=0x0000705ebe1fb250
Event: 1.512 Thread 0x0000705eb801a430 DEOPT UNPACKING pc=0x0000705ea7d8b72f sp=0x0000705ebe1fa7b8 mode 0
Event: 1.512 Thread 0x0000705eb801a430 DEOPT PACKING pc=0x0000705ea0c60756 sp=0x0000705ebe1fb2f0
Event: 1.512 Thread 0x0000705eb801a430 DEOPT UNPACKING pc=0x0000705ea7d8b72f sp=0x0000705ebe1fa840 mode 0

Classes loaded (20 events):
Event: 1.152 Loading class java/math/BigDecimal
Event: 1.153 Loading class java/math/BigDecimal done
Event: 1.155 Loading class java/lang/Character$UnicodeBlock
Event: 1.156 Loading class java/lang/Character$Subset
Event: 1.156 Loading class java/lang/Character$Subset done
Event: 1.156 Loading class java/lang/Character$UnicodeBlock done
Event: 1.166 Loading class sun/invoke/util/ValueConversions$1
Event: 1.166 Loading class sun/invoke/util/ValueConversions$1 done
Event: 1.167 Loading class java/lang/invoke/BoundMethodHandle$Species_LI
Event: 1.167 Loading class java/lang/invoke/BoundMethodHandle$Species_LI done
Event: 1.362 Loading class java/util/concurrent/locks/ReentrantReadWriteLock$NonfairSync
Event: 1.362 Loading class java/util/concurrent/locks/ReentrantReadWriteLock$Sync
Event: 1.362 Loading class java/util/concurrent/locks/ReentrantReadWriteLock$Sync done
Event: 1.362 Loading class java/util/concurrent/locks/ReentrantReadWriteLock$NonfairSync done
Event: 1.363 Loading class java/util/concurrent/locks/ReentrantReadWriteLock$Sync$ThreadLocalHoldCounter
Event: 1.363 Loading class java/util/concurrent/locks/ReentrantReadWriteLock$Sync$ThreadLocalHoldCounter done
Event: 1.363 Loading class java/util/concurrent/locks/ReentrantReadWriteLock$ReadLock
Event: 1.363 Loading class java/util/concurrent/locks/ReentrantReadWriteLock$ReadLock done
Event: 1.363 Loading class java/util/concurrent/locks/ReentrantReadWriteLock$WriteLock
Event: 1.363 Loading class java/util/concurrent/locks/ReentrantReadWriteLock$WriteLock done

Classes unloaded (0 events):
No events

Classes redefined (0 events):
No events

Internal exceptions (20 events):
Event: 0.888 Thread 0x0000705eb801a430 Exception <a 'java/lang/NoSuchMethodError'{0x000000076e33c6a8}: 'void java.lang.invoke.Invokers$Holder.invokeExact_MT(java.lang.Object, java.lang.Object, java.lang.Object, java.lang.Object)'> (0x000000076e33c6a8) 
thrown [./src/hotspot/share/interpreter/linkResolver.cpp, line 772]
Event: 0.902 Thread 0x0000705eb801a430 Exception <a 'java/lang/NoClassDefFoundError'{0x000000076e3c2428}: com/google/inject/servlet/ServletModuleTargetVisitor> (0x000000076e3c2428) 
thrown [./src/hotspot/share/classfile/systemDictionary.cpp, line 301]
Event: 0.930 Thread 0x0000705eb801a430 Exception <a 'java/lang/NoSuchMethodError'{0x000000076e074668}: 'java.lang.Object java.lang.invoke.DirectMethodHandle$Holder.invokeStatic(java.lang.Object, java.lang.Object, int)'> (0x000000076e074668) 
thrown [./src/hotspot/share/interpreter/linkResolver.cpp, line 772]
Event: 0.930 Thread 0x0000705eb801a430 Exception <a 'java/lang/NoSuchMethodError'{0x000000076e079a08}: 'void java.lang.invoke.DirectMethodHandle$Holder.invokeStatic(java.lang.Object, java.lang.Object, int, java.lang.Object)'> (0x000000076e079a08) 
thrown [./src/hotspot/share/interpreter/linkResolver.cpp, line 772]
Event: 0.931 Thread 0x0000705eb801a430 Exception <a 'java/lang/NoSuchMethodError'{0x000000076e081558}: 'void java.lang.invoke.DelegatingMethodHandle$Holder.delegate(java.lang.Object, java.lang.Object, int, java.lang.Object)'> (0x000000076e081558) 
thrown [./src/hotspot/share/interpreter/linkResolver.cpp, line 772]
Event: 0.955 Thread 0x0000705eb801a430 Exception <a 'java/lang/NoSuchMethodError'{0x000000076e10fe60}: 'java.lang.Object java.lang.invoke.DirectMethodHandle$Holder.newInvokeSpecial(java.lang.Object, java.lang.Object, java.lang.Object, java.lang.Object, java.lang.Object, java.lang.Object, java.lang.Object)'> (0x000000076e10fe60) 
thrown [./src/hotspot/share/interpreter/linkResolver.cpp, line 772]
Event: 0.962 Thread 0x0000705eb801a430 Exception <a 'java/lang/NoSuchMethodError'{0x000000076e1498e0}: 'java.lang.Object java.lang.invoke.DirectMethodHandle$Holder.newInvokeSpecial(java.lang.Object, java.lang.Object, java.lang.Object, java.lang.Object, java.lang.Object, java.lang.Object, java.lang.Object, java.lang.Object, java.lang.Object)'> (0x000000076e1498e0) 
thrown [./src/hotspot/share/interpreter/linkResolver.cpp, line 772]
Event: 0.979 Thread 0x0000705eb801a430 Exception <a 'java/lang/NoSuchMethodError'{0x000000076e1f0738}: 'java.lang.Object java.lang.invoke.DirectMethodHandle$Holder.newInvokeSpecial(java.lang.Object, java.lang.Object, java.lang.Object, java.lang.Object, java.lang.Object, java.lang.Object, java.lang.Object, java.lang.Object, java.lang.Object, java.lang.Object, java.lang.Object, java.lang.Object)'> (0x000000076e1f0738) 
thrown [./src/hotspot/share/interpreter/linkResolver.cpp, line 772]
Event: 0.985 Thread 0x0000705eb801a430 Exception <a 'java/lang/NoSuchMethodError'{0x000000076de362b0}: 'java.lang.Object java.lang.invoke.DirectMethodHandle$Holder.invokeStatic(java.lang.Object, java.lang.Object, java.lang.Object, java.lang.Object, java.lang.Object, java.lang.Object, java.lang.Object, java.lang.Object, java.lang.Object, java.lang.Object, java.lang.Object, java.lang.Object, java.lang.Object)'> (0x000000076de362b0) 
thrown [./src/hotspot/share/interpreter/linkResolver.cpp, line 772]
Event: 0.987 Thread 0x0000705eb801a430 Exception <a 'java/lang/NoSuchMethodError'{0x000000076de55520}: 'java.lang.Object java.lang.invoke.DirectMethodHandle$Holder.invokeStatic(java.lang.Object, java.lang.Object, java.lang.Object, java.lang.Object, java.lang.Object, java.lang.Object, java.lang.Object, java.lang.Object, java.lang.Object, java.lang.Object, java.lang.Object, java.lang.Object, java.lang.Object, java.lang.Object)'> (0x000000076de55520) 
thrown [./src/hotspot/share/interpreter/linkResolver.cpp, line 772]
Event: 0.989 Thread 0x0000705eb801a430 Exception <a 'java/lang/NoSuchMethodError'{0x000000076de779b0}: 'java.lang.Object java.lang.invoke.DirectMethodHandle$Holder.invokeStatic(java.lang.Object, java.lang.Object, java.lang.Object, java.lang.Object, java.lang.Object, java.lang.Object, java.lang.Object, java.lang.Object, java.lang.Object, java.lang.Object, java.lang.Object, java.lang.Object, java.lang.Object, java.lang.Object, java.lang.Object)'> (0x000000076de779b0) 
thrown [./src/hotspot/share/interpreter/linkResolver.cpp, line 772]
Event: 1.105 Thread 0x0000705eb801a430 Implicit null exception at 0x0000705ea82ffaa0 to 0x0000705ea8300190
Event: 1.105 Thread 0x0000705eb801a430 Implicit null exception at 0x0000705ea8300820 to 0x0000705ea8300f0c
Event: 1.166 Thread 0x0000705eb801a430 Exception <a 'java/lang/NoSuchMethodError'{0x000000076d694cf8}: 'void java.lang.invoke.DirectMethodHandle$Holder.invokeVirtual(java.lang.Object, java.lang.Object, int)'> (0x000000076d694cf8) 
thrown [./src/hotspot/share/interpreter/linkResolver.cpp, line 772]
Event: 1.166 Thread 0x0000705eb801a430 Exception <a 'java/lang/NoSuchMethodError'{0x000000076d698f00}: 'int java.lang.invoke.DirectMethodHandle$Holder.invokeSpecial(java.lang.Object, java.lang.Object, java.lang.Object, int)'> (0x000000076d698f00) 
thrown [./src/hotspot/share/interpreter/linkResolver.cpp, line 772]
Event: 1.167 Thread 0x0000705eb801a430 Exception <a 'java/lang/NoSuchMethodError'{0x000000076d6a9350}: 'java.lang.Object java.lang.invoke.DirectMethodHandle$Holder.invokeStatic(java.lang.Object, java.lang.Object, java.lang.Object, java.lang.Object, int)'> (0x000000076d6a9350) 
thrown [./src/hotspot/share/interpreter/linkResolver.cpp, line 772]
Event: 1.168 Thread 0x0000705eb801a430 Exception <a 'java/lang/NoSuchMethodError'{0x000000076d6b45d0}: 'void java.lang.invoke.DelegatingMethodHandle$Holder.reinvoke_L(java.lang.Object, java.lang.Object, int)'> (0x000000076d6b45d0) 
thrown [./src/hotspot/share/interpreter/linkResolver.cpp, line 772]
Event: 1.420 Thread 0x0000705eb801a430 Implicit null exception at 0x0000705ea83cc66a to 0x0000705ea83cc738
Event: 1.420 Thread 0x0000705eb801a430 Implicit null exception at 0x0000705ea835589b to 0x0000705ea8355ab4
Event: 1.420 Thread 0x0000705eb801a430 Implicit null exception at 0x0000705ea8355166 to 0x0000705ea835520a

ZGC Phase Switch (0 events):
No events

VM Operations (20 events):
Event: 1.025 Executing non-safepoint VM operation: HandshakeAllThreads (Deoptimize)
Event: 1.025 Executing non-safepoint VM operation: HandshakeAllThreads (Deoptimize) done
Event: 1.056 Executing non-safepoint VM operation: HandshakeAllThreads (Deoptimize)
Event: 1.056 Executing non-safepoint VM operation: HandshakeAllThreads (Deoptimize) done
Event: 1.082 Executing non-safepoint VM operation: HandshakeAllThreads (Deoptimize)
Event: 1.082 Executing non-safepoint VM operation: HandshakeAllThreads (Deoptimize) done
Event: 1.083 Executing safepoint VM operation: ICBufferFull
Event: 1.083 Executing safepoint VM operation: ICBufferFull done
Event: 1.095 Executing non-safepoint VM operation: HandshakeAllThreads (Deoptimize)
Event: 1.095 Executing non-safepoint VM operation: HandshakeAllThreads (Deoptimize) done
Event: 1.190 Executing safepoint VM operation: G1CollectForAllocation (G1 Evacuation Pause)
Event: 1.196 Executing safepoint VM operation: G1CollectForAllocation (G1 Evacuation Pause) done
Event: 1.363 Executing non-safepoint VM operation: HandshakeAllThreads (Deoptimize)
Event: 1.363 Executing non-safepoint VM operation: HandshakeAllThreads (Deoptimize) done
Event: 1.363 Executing non-safepoint VM operation: HandshakeAllThreads (Deoptimize)
Event: 1.363 Executing non-safepoint VM operation: HandshakeAllThreads (Deoptimize) done
Event: 1.363 Executing non-safepoint VM operation: HandshakeAllThreads (Deoptimize)
Event: 1.363 Executing non-safepoint VM operation: HandshakeAllThreads (Deoptimize) done
Event: 1.418 Executing safepoint VM operation: ICBufferFull
Event: 1.418 Executing safepoint VM operation: ICBufferFull done

Memory protections (12 events):
Event: 0.002 Protecting memory [0x0000705ebe100000,0x0000705ebe104000] with protection modes 0
Event: 0.020 Protecting memory [0x0000705ebc1f8000,0x0000705ebc1fc000] with protection modes 0
Event: 0.020 Protecting memory [0x0000705ebc0f8000,0x0000705ebc0fc000] with protection modes 0
Event: 0.020 Protecting memory [0x0000705eb7f00000,0x0000705eb7f04000] with protection modes 0
Event: 0.020 Protecting memory [0x0000705e9db00000,0x0000705e9db04000] with protection modes 0
Event: 0.020 Protecting memory [0x0000705e9da00000,0x0000705e9da04000] with protection modes 0
Event: 0.020 Protecting memory [0x0000705e9d900000,0x0000705e9d904000] with protection modes 0
Event: 0.021 Protecting memory [0x0000705e9d800000,0x0000705e9d804000] with protection modes 0
Event: 0.023 Protecting memory [0x0000705e9d700000,0x0000705e9d704000] with protection modes 0
Event: 0.025 Protecting memory [0x0000705e9d600000,0x0000705e9d604000] with protection modes 0
Event: 0.100 Protecting memory [0x0000705e9d500000,0x0000705e9d504000] with protection modes 0
Event: 0.278 Protecting memory [0x0000705e9d500000,0x0000705e9d504000] with protection modes 0

Nmethod flushes (0 events):
No events

Events (13 events):
Event: 0.013 Thread 0x0000705eb801a430 Thread added: 0x0000705eb801a430
Event: 0.020 Thread 0x0000705eb801a430 Thread added: 0x0000705eb80fe9e0
Event: 0.020 Thread 0x0000705eb801a430 Thread added: 0x0000705eb80fff60
Event: 0.020 Thread 0x0000705eb801a430 Thread added: 0x0000705eb8101820
Event: 0.020 Thread 0x0000705eb801a430 Thread added: 0x0000705eb8102e70
Event: 0.020 Thread 0x0000705eb801a430 Thread added: 0x0000705eb8104420
Event: 0.020 Thread 0x0000705eb801a430 Thread added: 0x0000705eb8105f70
Event: 0.020 Thread 0x0000705eb801a430 Thread added: 0x0000705eb8107640
Event: 0.023 Thread 0x0000705eb801a430 Thread added: 0x0000705eb815b460
Event: 0.025 Thread 0x0000705eb801a430 Thread added: 0x0000705eb815e7a0
Event: 0.100 Thread 0x0000705eb801a430 Thread added: 0x0000705eb8322610
Event: 0.109 Thread 0x0000705eb8322610 Thread exited: 0x0000705eb8322610
Event: 0.278 Thread 0x0000705eb8107640 Thread added: 0x0000705e141ac7b0


Dynamic libraries:
765e00000-76fa00000 rw-p 00000000 00:00 0 
76fa00000-7ffe00000 ---p 00000000 00:00 0 
7ffe00000-7fff0d000 rw-p 00cdb000 08:01 6300084                          /usr/lib/jvm/java-21-openjdk-amd64/lib/server/classes.jsa
7fff0d000-800000000 rw-p 00000000 00:00 0 
57c96e717000-57c96e718000 r--p 00000000 08:01 6291496                    /usr/lib/jvm/java-21-openjdk-amd64/bin/java
57c96e718000-57c96e719000 r-xp 00001000 08:01 6291496                    /usr/lib/jvm/java-21-openjdk-amd64/bin/java
57c96e719000-57c96e71a000 r--p 00002000 08:01 6291496                    /usr/lib/jvm/java-21-openjdk-amd64/bin/java
57c96e71a000-57c96e71b000 r--p 00002000 08:01 6291496                    /usr/lib/jvm/java-21-openjdk-amd64/bin/java
57c96e71b000-57c96e71c000 rw-p 00003000 08:01 6291496                    /usr/lib/jvm/java-21-openjdk-amd64/bin/java
57c98a670000-57c98a6b7000 rw-p 00000000 00:00 0                          [heap]
705dfc000000-705dfc021000 rw-p 00000000 00:00 0 
705dfc021000-705e00000000 ---p 00000000 00:00 0 
705e04000000-705e04021000 rw-p 00000000 00:00 0 
705e04021000-705e08000000 ---p 00000000 00:00 0 
705e08000000-705e08021000 rw-p 00000000 00:00 0 
705e08021000-705e0c000000 ---p 00000000 00:00 0 
705e0c000000-705e0c021000 rw-p 00000000 00:00 0 
705e0c021000-705e10000000 ---p 00000000 00:00 0 
705e10000000-705e10532000 rw-p 00000000 00:00 0 
705e10532000-705e14000000 ---p 00000000 00:00 0 
705e14000000-705e144fc000 rw-p 00000000 00:00 0 
705e144fc000-705e18000000 ---p 00000000 00:00 0 
705e18000000-705e18021000 rw-p 00000000 00:00 0 
705e18021000-705e1c000000 ---p 00000000 00:00 0 
705e1c000000-705e1c021000 rw-p 00000000 00:00 0 
705e1c021000-705e20000000 ---p 00000000 00:00 0 
705e20000000-705e205cd000 rw-p 00000000 00:00 0 
705e205cd000-705e24000000 ---p 00000000 00:00 0 
705e24000000-705e24021000 rw-p 00000000 00:00 0 
705e24021000-705e28000000 ---p 00000000 00:00 0 
705e28000000-705e28021000 rw-p 00000000 00:00 0 
705e28021000-705e2c000000 ---p 00000000 00:00 0 
705e2c000000-705e2c021000 rw-p 00000000 00:00 0 
705e2c021000-705e30000000 ---p 00000000 00:00 0 
705e30000000-705e30021000 rw-p 00000000 00:00 0 
705e30021000-705e34000000 ---p 00000000 00:00 0 
705e34000000-705e34021000 rw-p 00000000 00:00 0 
705e34021000-705e38000000 ---p 00000000 00:00 0 
705e3b000000-705e3b350000 rw-p 00000000 00:00 0 
705e3b350000-705e3b400000 ---p 00000000 00:00 0 
705e3b400000-705e3bcc0000 rw-p 00000000 00:00 0 
705e3bcc0000-705e3f000000 ---p 00000000 00:00 0 
705e3f000000-705e3fc9c000 rw-p 00001000 08:01 6300084                    /usr/lib/jvm/java-21-openjdk-amd64/lib/server/classes.jsa
705e3fc9c000-705e40000000 ---p 00000000 00:00 0 
705e40000000-705e40040000 rw-p 00000000 00:00 0 
705e40040000-705e40080000 rw-p 00000000 00:00 0 
705e40080000-705e401a0000 rw-p 00000000 00:00 0 
705e401a0000-705e401c0000 ---p 00000000 00:00 0 
705e401c0000-705e401d0000 rw-p 00000000 00:00 0 
705e401d0000-705e80000000 ---p 00000000 00:00 0 
705e80000000-705e80021000 rw-p 00000000 00:00 0 
705e80021000-705e84000000 ---p 00000000 00:00 0 
705e84000000-705e84021000 rw-p 00000000 00:00 0 
705e84021000-705e88000000 ---p 00000000 00:00 0 
705e88000000-705e88021000 rw-p 00000000 00:00 0 
705e88021000-705e8c000000 ---p 00000000 00:00 0 
705e8e000000-705e90021000 rw-p 00000000 00:00 0 
705e90021000-705e94000000 ---p 00000000 00:00 0 
705e94000000-705e94021000 rw-p 00000000 00:00 0 
705e94021000-705e98000000 ---p 00000000 00:00 0 
705e98000000-705e98021000 rw-p 00000000 00:00 0 
705e98021000-705e9c000000 ---p 00000000 00:00 0 
705e9cd83000-705e9d067000 rw-p 00000000 00:00 0 
705e9d067000-705e9d068000 ---p 00000000 00:00 0 
705e9d068000-705e9d168000 rw-p 00000000 00:00 0 
705e9d17d000-705e9d2fe000 rw-p 00000000 00:00 0 
705e9d2fe000-705e9d2ff000 ---p 00000000 00:00 0 
705e9d2ff000-705e9d3ff000 rw-p 00000000 00:00 0 
705e9d3ff000-705e9d400000 ---p 00000000 00:00 0 
705e9d400000-705e9d500000 rw-p 00000000 00:00 0 
705e9d500000-705e9d504000 ---p 00000000 00:00 0 
705e9d504000-705e9d600000 rw-p 00000000 00:00 0 
705e9d600000-705e9d604000 ---p 00000000 00:00 0 
705e9d604000-705e9d700000 rw-p 00000000 00:00 0 
705e9d700000-705e9d704000 ---p 00000000 00:00 0 
705e9d704000-705e9d800000 rw-p 00000000 00:00 0 
705e9d800000-705e9d804000 ---p 00000000 00:00 0 
705e9d804000-705e9d900000 rw-p 00000000 00:00 0 
705e9d900000-705e9d904000 ---p 00000000 00:00 0 
705e9d904000-705e9da00000 rw-p 00000000 00:00 0 
705e9da00000-705e9da04000 ---p 00000000 00:00 0 
705e9da04000-705e9db00000 rw-p 00000000 00:00 0 
705e9db00000-705e9db04000 ---p 00000000 00:00 0 
705e9db04000-705e9dc00000 rw-p 00000000 00:00 0 
705e9dc00000-705e9e175000 r--p 00000000 08:01 5767242                    /usr/lib/locale/locale-archive
705e9e178000-705e9e3e8000 rw-p 00000000 00:00 0 
705e9e3e8000-705ea07f8000 ---p 00000000 00:00 0 
705ea07f8000-705ea0800000 rw-p 00000000 00:00 0 
705ea0800000-705ea0de0000 rwxp 00000000 00:00 0 
705ea0de0000-705ea7d37000 ---p 00000000 00:00 0 
705ea7d37000-705ea7fa7000 rwxp 00000000 00:00 0 
705ea7fa7000-705ea82c8000 ---p 00000000 00:00 0 
705ea82c8000-705ea8538000 rwxp 00000000 00:00 0 
705ea8538000-705eaf800000 ---p 00000000 00:00 0 
705eaf800000-705eb7e3e000 r--s 00000000 08:01 6300083                    /usr/lib/jvm/java-21-openjdk-amd64/lib/modules
705eb7f00000-705eb7f04000 ---p 00000000 00:00 0 
705eb7f04000-705eb8000000 rw-p 00000000 00:00 0 
705eb8000000-705eb88c7000 rw-p 00000000 00:00 0 
705eb88c7000-705ebc000000 ---p 00000000 00:00 0 
705ebc027000-705ebc02c000 r--p 00000000 08:01 6300067                    /usr/lib/jvm/java-21-openjdk-amd64/lib/libjsvml.so
705ebc02c000-705ebc06d000 r-xp 00005000 08:01 6300067                    /usr/lib/jvm/java-21-openjdk-amd64/lib/libjsvml.so
705ebc06d000-705ebc0f6000 r--p 00046000 08:01 6300067                    /usr/lib/jvm/java-21-openjdk-amd64/lib/libjsvml.so
705ebc0f6000-705ebc0f7000 r--p 000ce000 08:01 6300067                    /usr/lib/jvm/java-21-openjdk-amd64/lib/libjsvml.so
705ebc0f7000-705ebc0f8000 rw-p 000cf000 08:01 6300067                    /usr/lib/jvm/java-21-openjdk-amd64/lib/libjsvml.so
705ebc0f8000-705ebc0fc000 ---p 00000000 00:00 0 
705ebc0fc000-705ebc1f8000 rw-p 00000000 00:00 0 
705ebc1f8000-705ebc1fc000 ---p 00000000 00:00 0 
705ebc1fc000-705ebc2f8000 rw-p 00000000 00:00 0 
705ebc2f8000-705ebc2f9000 ---p 00000000 00:00 0 
705ebc2f9000-705ebc3f9000 rw-p 00000000 00:00 0 
705ebc3f9000-705ebc3fa000 ---p 00000000 00:00 0 
705ebc3fa000-705ebc4fa000 rw-p 00000000 00:00 0 
705ebc4fa000-705ebc57b000 rw-p 00000000 00:00 0 
705ebc57b000-705ebc57c000 ---p 00000000 00:00 0 
705ebc57c000-705ebc67c000 rw-p 00000000 00:00 0 
705ebc67c000-705ebc67d000 ---p 00000000 00:00 0 
705ebc67d000-705ebc77d000 rw-p 00000000 00:00 0 
705ebc77d000-705ebcb81000 rw-p 00000000 00:00 0 
705ebcb81000-705ebcb82000 ---p 00000000 00:00 0 
705ebcb82000-705ebcc82000 rw-p 00000000 00:00 0 
705ebcc82000-705ebcc83000 ---p 00000000 00:00 0 
705ebcc83000-705ebcd83000 rw-p 00000000 00:00 0 
705ebcd83000-705ebcd84000 ---p 00000000 00:00 0 
705ebcd84000-705ebce84000 rw-p 00000000 00:00 0 
705ebce84000-705ebced2000 rw-p 00000000 00:00 0 
705ebced2000-705ebd354000 ---p 00000000 00:00 0 
705ebd354000-705ebd3a3000 rw-p 00000000 00:00 0 
705ebd3a3000-705ebd825000 ---p 00000000 00:00 0 
705ebd825000-705ebdc2f000 rw-p 00000000 00:00 0 
705ebdc2f000-705ebdd15000 ---p 00000000 00:00 0 
705ebdd15000-705ebdd21000 rw-p 00000000 00:00 0 
705ebdd21000-705ebde00000 ---p 00000000 00:00 0 
705ebde00000-705ebde9d000 r--p 00000000 08:01 5779168                    /usr/lib/x86_64-linux-gnu/libstdc++.so.6.0.33
705ebde9d000-705ebdfe5000 r-xp 0009d000 08:01 5779168                    /usr/lib/x86_64-linux-gnu/libstdc++.so.6.0.33
705ebdfe5000-705ebe06c000 r--p 001e5000 08:01 5779168                    /usr/lib/x86_64-linux-gnu/libstdc++.so.6.0.33
705ebe06c000-705ebe077000 r--p 0026b000 08:01 5779168                    /usr/lib/x86_64-linux-gnu/libstdc++.so.6.0.33
705ebe077000-705ebe07a000 rw-p 00276000 08:01 5779168                    /usr/lib/x86_64-linux-gnu/libstdc++.so.6.0.33
705ebe07a000-705ebe07e000 rw-p 00000000 00:00 0 
705ebe083000-705ebe08a000 r--s 00000000 08:01 5791834                    /usr/lib/x86_64-linux-gnu/gconv/gconv-modules.cache
705ebe08a000-705ebe08e000 r--p 00000000 08:01 6300081                    /usr/lib/jvm/java-21-openjdk-amd64/lib/libverify.so
705ebe08e000-705ebe095000 r-xp 00004000 08:01 6300081                    /usr/lib/jvm/java-21-openjdk-amd64/lib/libverify.so
705ebe095000-705ebe097000 r--p 0000b000 08:01 6300081                    /usr/lib/jvm/java-21-openjdk-amd64/lib/libverify.so
705ebe097000-705ebe099000 r--p 0000c000 08:01 6300081                    /usr/lib/jvm/java-21-openjdk-amd64/lib/libverify.so
705ebe099000-705ebe09a000 rw-p 0000e000 08:01 6300081                    /usr/lib/jvm/java-21-openjdk-amd64/lib/libverify.so
705ebe09a000-705ebe09c000 r--p 00000000 08:01 6300082                    /usr/lib/jvm/java-21-openjdk-amd64/lib/libzip.so
705ebe09c000-705ebe0a1000 r-xp 00002000 08:01 6300082                    /usr/lib/jvm/java-21-openjdk-amd64/lib/libzip.so
705ebe0a1000-705ebe0a3000 r--p 00007000 08:01 6300082                    /usr/lib/jvm/java-21-openjdk-amd64/lib/libzip.so
705ebe0a3000-705ebe0a4000 r--p 00008000 08:01 6300082                    /usr/lib/jvm/java-21-openjdk-amd64/lib/libzip.so
705ebe0a4000-705ebe0a5000 rw-p 00009000 08:01 6300082                    /usr/lib/jvm/java-21-openjdk-amd64/lib/libzip.so
705ebe0a5000-705ebe100000 rw-p 00000000 00:00 0 
705ebe100000-705ebe104000 ---p 00000000 00:00 0 
705ebe104000-705ebe200000 rw-p 00000000 00:00 0 
705ebe200000-705ebe4a2000 r--p 00000000 08:01 6300087                    /usr/lib/jvm/java-21-openjdk-amd64/lib/server/libjvm.so
705ebe4a2000-705ebf318000 r-xp 002a2000 08:01 6300087                    /usr/lib/jvm/java-21-openjdk-amd64/lib/server/libjvm.so
705ebf318000-705ebf5f2000 r--p 01118000 08:01 6300087                    /usr/lib/jvm/java-21-openjdk-amd64/lib/server/libjvm.so
705ebf5f2000-705ebf6c6000 r--p 013f1000 08:01 6300087                    /usr/lib/jvm/java-21-openjdk-amd64/lib/server/libjvm.so
705ebf6c6000-705ebf6f6000 rw-p 014c5000 08:01 6300087                    /usr/lib/jvm/java-21-openjdk-amd64/lib/server/libjvm.so
705ebf6f6000-705ebf75c000 rw-p 00000000 00:00 0 
705ebf75c000-705ebf763000 r--p 00000000 08:01 6300075                    /usr/lib/jvm/java-21-openjdk-amd64/lib/libnio.so
705ebf763000-705ebf76c000 r-xp 00007000 08:01 6300075                    /usr/lib/jvm/java-21-openjdk-amd64/lib/libnio.so
705ebf76c000-705ebf770000 r--p 00010000 08:01 6300075                    /usr/lib/jvm/java-21-openjdk-amd64/lib/libnio.so
705ebf770000-705ebf771000 r--p 00014000 08:01 6300075                    /usr/lib/jvm/java-21-openjdk-amd64/lib/libnio.so
705ebf771000-705ebf772000 rw-p 00015000 08:01 6300075                    /usr/lib/jvm/java-21-openjdk-amd64/lib/libnio.so
705ebf772000-705ebf7dc000 rw-p 00000000 00:00 0 
705ebf7dc000-705ebf7e9000 r--p 00000000 08:01 6300060                    /usr/lib/jvm/java-21-openjdk-amd64/lib/libjava.so
705ebf7e9000-705ebf7f8000 r-xp 0000d000 08:01 6300060                    /usr/lib/jvm/java-21-openjdk-amd64/lib/libjava.so
705ebf7f8000-705ebf7fd000 r--p 0001c000 08:01 6300060                    /usr/lib/jvm/java-21-openjdk-amd64/lib/libjava.so
705ebf7fd000-705ebf7fe000 r--p 00021000 08:01 6300060                    /usr/lib/jvm/java-21-openjdk-amd64/lib/libjava.so
705ebf7fe000-705ebf7ff000 rw-p 00022000 08:01 6300060                    /usr/lib/jvm/java-21-openjdk-amd64/lib/libjava.so
705ebf7ff000-705ebf800000 rw-p 00000000 00:00 0 
705ebf800000-705ebf828000 r--p 00000000 08:01 5792426                    /usr/lib/x86_64-linux-gnu/libc.so.6
705ebf828000-705ebf9b0000 r-xp 00028000 08:01 5792426                    /usr/lib/x86_64-linux-gnu/libc.so.6
705ebf9b0000-705ebf9ff000 r--p 001b0000 08:01 5792426                    /usr/lib/x86_64-linux-gnu/libc.so.6
705ebf9ff000-705ebfa03000 r--p 001fe000 08:01 5792426                    /usr/lib/x86_64-linux-gnu/libc.so.6
705ebfa03000-705ebfa05000 rw-p 00202000 08:01 5792426                    /usr/lib/x86_64-linux-gnu/libc.so.6
705ebfa05000-705ebfa12000 rw-p 00000000 00:00 0 
705ebfa14000-705ebfa17000 r--p 00000000 08:01 6300074                    /usr/lib/jvm/java-21-openjdk-amd64/lib/libnet.so
705ebfa17000-705ebfa1f000 r-xp 00003000 08:01 6300074                    /usr/lib/jvm/java-21-openjdk-amd64/lib/libnet.so
705ebfa1f000-705ebfa21000 r--p 0000b000 08:01 6300074                    /usr/lib/jvm/java-21-openjdk-amd64/lib/libnet.so
705ebfa21000-705ebfa22000 r--p 0000c000 08:01 6300074                    /usr/lib/jvm/java-21-openjdk-amd64/lib/libnet.so
705ebfa22000-705ebfa23000 rw-p 0000d000 08:01 6300074                    /usr/lib/jvm/java-21-openjdk-amd64/lib/libnet.so
705ebfa23000-705ebfa28000 rw-p 00000000 00:00 0 
705ebfa28000-705ebfa2f000 ---p 00000000 00:00 0 
705ebfa2f000-705ebfa37000 rw-s 00000000 08:01 16908346                   /tmp/hsperfdata_kbunny/22420
705ebfa37000-705ebfa3b000 r--p 00000000 08:01 5778774                    /usr/lib/x86_64-linux-gnu/libgcc_s.so.1
705ebfa3b000-705ebfa5f000 r-xp 00004000 08:01 5778774                    /usr/lib/x86_64-linux-gnu/libgcc_s.so.1
705ebfa5f000-705ebfa63000 r--p 00028000 08:01 5778774                    /usr/lib/x86_64-linux-gnu/libgcc_s.so.1
705ebfa63000-705ebfa64000 r--p 0002b000 08:01 5778774                    /usr/lib/x86_64-linux-gnu/libgcc_s.so.1
705ebfa64000-705ebfa65000 rw-p 0002c000 08:01 5778774                    /usr/lib/x86_64-linux-gnu/libgcc_s.so.1
705ebfa65000-705ebfa75000 r--p 00000000 08:01 5792865                    /usr/lib/x86_64-linux-gnu/libm.so.6
705ebfa75000-705ebfaf4000 r-xp 00010000 08:01 5792865                    /usr/lib/x86_64-linux-gnu/libm.so.6
705ebfaf4000-705ebfb4c000 r--p 0008f000 08:01 5792865                    /usr/lib/x86_64-linux-gnu/libm.so.6
705ebfb4c000-705ebfb4d000 r--p 000e7000 08:01 5792865                    /usr/lib/x86_64-linux-gnu/libm.so.6
705ebfb4d000-705ebfb4e000 rw-p 000e8000 08:01 5792865                    /usr/lib/x86_64-linux-gnu/libm.so.6
705ebfb4e000-705ebfb50000 rw-p 00000000 00:00 0 
705ebfb50000-705ebfb52000 r--p 00000000 08:01 6300064                    /usr/lib/jvm/java-21-openjdk-amd64/lib/libjli.so
705ebfb52000-705ebfb5c000 r-xp 00002000 08:01 6300064                    /usr/lib/jvm/java-21-openjdk-amd64/lib/libjli.so
705ebfb5c000-705ebfb5f000 r--p 0000c000 08:01 6300064                    /usr/lib/jvm/java-21-openjdk-amd64/lib/libjli.so
705ebfb5f000-705ebfb60000 r--p 0000f000 08:01 6300064                    /usr/lib/jvm/java-21-openjdk-amd64/lib/libjli.so
705ebfb60000-705ebfb61000 rw-p 00010000 08:01 6300064                    /usr/lib/jvm/java-21-openjdk-amd64/lib/libjli.so
705ebfb61000-705ebfb63000 r--p 00000000 08:01 5779300                    /usr/lib/x86_64-linux-gnu/libz.so.1.3
705ebfb63000-705ebfb75000 r-xp 00002000 08:01 5779300                    /usr/lib/x86_64-linux-gnu/libz.so.1.3
705ebfb75000-705ebfb7b000 r--p 00014000 08:01 5779300                    /usr/lib/x86_64-linux-gnu/libz.so.1.3
705ebfb7b000-705ebfb7c000 r--p 0001a000 08:01 5779300                    /usr/lib/x86_64-linux-gnu/libz.so.1.3
705ebfb7c000-705ebfb7d000 rw-p 0001b000 08:01 5779300                    /usr/lib/x86_64-linux-gnu/libz.so.1.3
705ebfb83000-705ebfb84000 ---p 00000000 00:00 0 
705ebfb84000-705ebfb85000 r--p 00000000 00:00 0 
705ebfb85000-705ebfb86000 ---p 00000000 00:00 0 
705ebfb86000-705ebfb88000 r--p 00000000 08:01 6300063                    /usr/lib/jvm/java-21-openjdk-amd64/lib/libjimage.so
705ebfb88000-705ebfb8b000 r-xp 00002000 08:01 6300063                    /usr/lib/jvm/java-21-openjdk-amd64/lib/libjimage.so
705ebfb8b000-705ebfb8c000 r--p 00005000 08:01 6300063                    /usr/lib/jvm/java-21-openjdk-amd64/lib/libjimage.so
705ebfb8c000-705ebfb8d000 r--p 00006000 08:01 6300063                    /usr/lib/jvm/java-21-openjdk-amd64/lib/libjimage.so
705ebfb8d000-705ebfb8e000 rw-p 00007000 08:01 6300063                    /usr/lib/jvm/java-21-openjdk-amd64/lib/libjimage.so
705ebfb8e000-705ebfb90000 rw-p 00000000 00:00 0 
705ebfb90000-705ebfb94000 r--p 00000000 00:00 0                          [vvar]
705ebfb94000-705ebfb96000 r--p 00000000 00:00 0                          [vvar_vclock]
705ebfb96000-705ebfb98000 r-xp 00000000 00:00 0                          [vdso]
705ebfb98000-705ebfb99000 r--p 00000000 08:01 5791883                    /usr/lib/x86_64-linux-gnu/ld-linux-x86-64.so.2
705ebfb99000-705ebfbc4000 r-xp 00001000 08:01 5791883                    /usr/lib/x86_64-linux-gnu/ld-linux-x86-64.so.2
705ebfbc4000-705ebfbce000 r--p 0002c000 08:01 5791883                    /usr/lib/x86_64-linux-gnu/ld-linux-x86-64.so.2
705ebfbce000-705ebfbd0000 r--p 00036000 08:01 5791883                    /usr/lib/x86_64-linux-gnu/ld-linux-x86-64.so.2
705ebfbd0000-705ebfbd2000 rw-p 00038000 08:01 5791883                    /usr/lib/x86_64-linux-gnu/ld-linux-x86-64.so.2
7fff15b9c000-7fff15bbe000 rw-p 00000000 00:00 0                          [stack]
ffffffffff600000-ffffffffff601000 --xp 00000000 00:00 0                  [vsyscall]
Total number of mappings: 224

JVMTI agents: none


VM Arguments:
jvm_args: -Djansi.mode=force -Dclassworlds.conf=/usr/share/maven/bin/m2.conf -Dmaven.home=/usr/share/maven -Dlibrary.jansi.path=/usr/share/maven/lib/jansi-native -Dmaven.multiModuleProjectDirectory=/home/kbunny/Documents/ing.Soft/proyecto/kotliners-adopta-perrito-demo-api 
java_command: org.codehaus.plexus.classworlds.launcher.Launcher spring-boot:run
java_class_path (initial): /usr/share/maven/boot/plexus-classworlds-2.x.jar
Launcher Type: SUN_STANDARD

[Global flags]
     intx CICompilerCount                          = 3                                         {product} {ergonomic}
     uint ConcGCThreads                            = 1                                         {product} {ergonomic}
     uint G1ConcRefinementThreads                  = 4                                         {product} {ergonomic}
   size_t G1HeapRegionSize                         = 2097152                                   {product} {ergonomic}
    uintx GCDrainStackTargetSize                   = 64                                        {product} {ergonomic}
   size_t InitialHeapSize                          = 163577856                                 {product} {ergonomic}
   size_t MarkStackSize                            = 4194304                                   {product} {ergonomic}
   size_t MaxHeapSize                              = 2585788416                                {product} {ergonomic}
   size_t MaxNewSize                               = 1549795328                                {product} {ergonomic}
   size_t MinHeapDeltaBytes                        = 2097152                                   {product} {ergonomic}
   size_t MinHeapSize                              = 8388608                                   {product} {ergonomic}
    uintx NonNMethodCodeHeapSize                   = 5832780                                {pd product} {ergonomic}
    uintx NonProfiledCodeHeapSize                  = 122912730                              {pd product} {ergonomic}
    uintx ProfiledCodeHeapSize                     = 122912730                              {pd product} {ergonomic}
    uintx ReservedCodeCacheSize                    = 251658240                              {pd product} {ergonomic}
     bool SegmentedCodeCache                       = true                                      {product} {ergonomic}
   size_t SoftMaxHeapSize                          = 2585788416                             {manageable} {ergonomic}
     bool UseCompressedOops                        = true                           {product lp64_product} {ergonomic}
     bool UseG1GC                                  = true                                      {product} {ergonomic}

Logging:
Log output configuration:
 #0: stdout all=warning uptime,level,tags foldmultilines=false
 #1: stderr all=off uptime,level,tags foldmultilines=false

Release file:
IMPLEMENTOR="Ubuntu"
JAVA_RUNTIME_VERSION="21.0.10+7-Ubuntu-124.04"
JAVA_VERSION="21.0.10"
JAVA_VERSION_DATE="2026-01-20"
LIBC="gnu"
MODULES="java.base java.compiler java.datatransfer java.xml java.prefs java.desktop java.instrument java.logging java.management java.security.sasl java.naming java.rmi java.management.rmi java.net.http java.scripting java.security.jgss java.transaction.xa java.sql java.sql.rowset java.xml.crypto java.se java.smartcardio jdk.accessibility jdk.internal.jvmstat jdk.attach jdk.charsets jdk.internal.opt jdk.zipfs jdk.compiler jdk.crypto.ec jdk.crypto.cryptoki jdk.dynalink jdk.internal.ed jdk.editpad jdk.hotspot.agent jdk.httpserver jdk.incubator.vector jdk.internal.le jdk.internal.vm.ci jdk.internal.vm.compiler jdk.internal.vm.compiler.management jdk.jartool jdk.javadoc jdk.jcmd jdk.management jdk.management.agent jdk.jconsole jdk.jdeps jdk.jdwp.agent jdk.jdi jdk.jfr jdk.jlink jdk.jpackage jdk.jshell jdk.jsobject jdk.jstatd jdk.localedata jdk.management.jfr jdk.naming.dns jdk.naming.rmi jdk.net jdk.nio.mapmode jdk.random jdk.sctp jdk.security.auth jdk.security.jgss jdk.unsupported jdk.unsupported.desktop jdk.xml.dom"
OS_ARCH="x86_64"
OS_NAME="Linux"
SOURCE=""

Environment Variables:
PATH=/usr/local/sbin:/usr/local/bin:/usr/sbin:/usr/bin:/sbin:/bin:/usr/games:/usr/local/games:/snap/bin:/snap/bin
USERNAME=kbunny
SHELL=/bin/bash
DISPLAY=:0
WAYLAND_DISPLAY=wayland-0
LANG=en_US.UTF-8
TERM=xterm-256color

Active Locale:
LC_ALL=en_US.UTF-8
LC_COLLATE=en_US.UTF-8
LC_CTYPE=en_US.UTF-8
LC_MESSAGES=en_US.UTF-8
LC_MONETARY=en_US.UTF-8
LC_NUMERIC=en_US.UTF-8
LC_TIME=en_US.UTF-8

Signal Handlers:
   SIGSEGV: crash_handler in libjvm.so, mask=11100100010111111101111111111110, flags=SA_RESTART|SA_SIGINFO, unblocked
    SIGBUS: crash_handler in libjvm.so, mask=11100100010111111101111111111110, flags=SA_RESTART|SA_SIGINFO, unblocked
    SIGFPE: crash_handler in libjvm.so, mask=11100100010111111101111111111110, flags=SA_RESTART|SA_SIGINFO, unblocked
   SIGPIPE: javaSignalHandler in libjvm.so, mask=11100100010111111101111111111110, flags=SA_RESTART|SA_SIGINFO, blocked
   SIGXFSZ: javaSignalHandler in libjvm.so, mask=11100100010111111101111111111110, flags=SA_RESTART|SA_SIGINFO, blocked
    SIGILL: crash_handler in libjvm.so, mask=11100100010111111101111111111110, flags=SA_RESTART|SA_SIGINFO, unblocked
   SIGUSR2: SR_handler in libjvm.so, mask=00000000000000000000000000000000, flags=SA_RESTART|SA_SIGINFO, blocked
    SIGHUP: UserHandler in libjvm.so, mask=11100100010111111101111111111110, flags=SA_RESTART|SA_SIGINFO, blocked
    SIGINT: UserHandler in libjvm.so, mask=11100100010111111101111111111110, flags=SA_RESTART|SA_SIGINFO, blocked
   SIGTERM: UserHandler in libjvm.so, mask=11100100010111111101111111111110, flags=SA_RESTART|SA_SIGINFO, blocked
   SIGQUIT: UserHandler in libjvm.so, mask=11100100010111111101111111111110, flags=SA_RESTART|SA_SIGINFO, blocked
   SIGTRAP: crash_handler in libjvm.so, mask=11100100010111111101111111111110, flags=SA_RESTART|SA_SIGINFO, unblocked


Periodic native trim disabled

---------------  S Y S T E M  ---------------

OS:
DISTRIB_ID=Ubuntu
DISTRIB_RELEASE=24.04
DISTRIB_CODENAME=noble
DISTRIB_DESCRIPTION="Ubuntu 24.04.4 LTS"
uname: Linux 6.17.0-14-generic #14~24.04.1-Ubuntu SMP PREEMPT_DYNAMIC Thu Jan 15 15:52:10 UTC 2 x86_64
OS uptime: 0 days 6:17 hours
libc: glibc 2.39 NPTL 2.39 
rlimit (soft/hard): STACK 8192k/infinity , CORE 0k/infinity , NPROC 38826/38826 , NOFILE 1048576/1048576 , AS infinity/infinity , CPU infinity/infinity , DATA infinity/infinity , FSIZE infinity/infinity , MEMLOCK 1261604k/1261604k
load average: 2.33 1.17 0.80

/proc/meminfo:
MemTotal:       10092852 kB
MemFree:         2000360 kB
MemAvailable:    7207556 kB
Buffers:          211704 kB
Cached:          5218796 kB
SwapCached:            0 kB
Active:          4347476 kB
Inactive:        2964196 kB
Active(anon):    1994092 kB
Inactive(anon):        0 kB
Active(file):    2353384 kB
Inactive(file):  2964196 kB
Unevictable:          32 kB
Mlocked:              32 kB
SwapTotal:       4194300 kB
SwapFree:        4194300 kB
Zswap:                 0 kB
Zswapped:              0 kB
Dirty:             58848 kB
Writeback:             0 kB
AnonPages:       1881076 kB
Mapped:           698032 kB
Shmem:            112920 kB
KReclaimable:     201008 kB
Slab:             452264 kB
SReclaimable:     201008 kB
SUnreclaim:       251256 kB
KernelStack:       13952 kB
PageTables:        33860 kB
SecPageTables:      3168 kB
NFS_Unstable:          0 kB
Bounce:                0 kB
WritebackTmp:          0 kB
CommitLimit:     9240724 kB
Committed_AS:   11188472 kB
VmallocTotal:   34359738367 kB
VmallocUsed:       72884 kB
VmallocChunk:          0 kB
Percpu:             4288 kB
HardwareCorrupted:     0 kB
AnonHugePages:         0 kB
ShmemHugePages:        0 kB
ShmemPmdMapped:        0 kB
FileHugePages:    149504 kB
FilePmdMapped:         0 kB
CmaTotal:              0 kB
CmaFree:               0 kB
Unaccepted:            0 kB
Balloon:               0 kB
HugePages_Total:       0
HugePages_Free:        0
HugePages_Rsvd:        0
HugePages_Surp:        0
Hugepagesize:       2048 kB
Hugetlb:               0 kB
DirectMap4k:      270624 kB
DirectMap2M:     8030208 kB
DirectMap1G:     3145728 kB

/sys/kernel/mm/transparent_hugepage/enabled: always [madvise] never
/sys/kernel/mm/transparent_hugepage/hpage_pmd_size: 2097152
/sys/kernel/mm/transparent_hugepage/defrag (defrag/compaction efforts parameter): always defer defer+madvise [madvise] never

Process Memory:
Virtual Size: 5570236K (peak: 5632868K)
Resident Set Size: 137708K (peak: 137708K) (anon: 112740K, file: 24968K, shmem: 0K)
Swapped out: 0K
C-Heap outstanding allocations: 34643K, retained: 5064K
glibc malloc tunables: (default)

/proc/sys/kernel/threads-max (system-wide limit on the number of threads): 77652
/proc/sys/vm/max_map_count (maximum number of memory map areas a process may have): 1048576
/proc/sys/vm/swappiness (control to define how aggressively the kernel swaps out anonymous memory): 60
/proc/sys/kernel/pid_max (system-wide limit on number of process identifiers): 4194304

container information not found.
Steal ticks since vm start: 0
Steal ticks percentage since vm start:  0.000

CPU: total 4 (initial active 4) (4 cores per cpu, 1 threads per core) family 23 model 24 stepping 1 microcode 0x8108102, cx8, cmov, fxsr, mmx, 3dnowpref, sse, sse2, sse3, ssse3, sse4a, sse4.1, sse4.2, popcnt, lzcnt, tsc, tscinvbit, avx, avx2, aes, clmul, bmi1, bmi2, adx, sha, fma, vzeroupper, clflush, clflushopt, rdtscp, f16c
CPU Model and flags from /proc/cpuinfo:
model name	: AMD Ryzen 3 3300U with Radeon Vega Mobile Gfx
flags		: fpu vme de pse tsc msr pae mce cx8 apic sep mtrr pge mca cmov pat pse36 clflush mmx fxsr sse sse2 ht syscall nx mmxext fxsr_opt pdpe1gb rdtscp lm constant_tsc rep_good nopl nonstop_tsc cpuid extd_apicid aperfmperf rapl pni pclmulqdq monitor ssse3 fma cx16 sse4_1 sse4_2 movbe popcnt aes xsave avx f16c rdrand lahf_lm cmp_legacy extapic cr8_legacy abm sse4a misalignsse 3dnowprefetch osvw skinit wdt tce topoext perfctr_core perfctr_nb bpext perfctr_llc mwaitx cpb hw_pstate ssbd ibpb vmmcall fsgsbase bmi1 avx2 smep bmi2 rdseed adx smap clflushopt sha_ni xsaveopt xsavec xgetbv1 clzero xsaveerptr arat npt lbrv svm_lock nrip_save tsc_scale vmcb_clean flushbyasid decodeassists pausefilter pfthreshold avic v_vmsave_vmload vgif overflow_recov succor smca sev sev_es

Online cpus: 0-3
Offline cpus: 
BIOS frequency limitation: 2100000
Frequency switch latency (ns): 0
Available cpu frequencies: 2100000 1700000 1400000 
Current governor: schedutil
Core performance/turbo boost: 1

Memory: 4k page, physical 10092852k(7207556k free), swap 4194300k(4194300k free)
Page Sizes: 4k

vm_info: OpenJDK 64-Bit Server VM (21.0.10+7-Ubuntu-124.04) for linux-amd64 JRE (21.0.10+7-Ubuntu-124.04), built on 2026-01-22T23:46:23Z by "buildd" with gcc 13.3.0

END.
