#
# A fatal error has been detected by the Java Runtime Environment:
#
#  SIGSEGV (0xb) at pc=0x000075cb08954304, pid=6890, tid=6930
#
# JRE version: OpenJDK Runtime Environment (21.0.10+7) (build 21.0.10+7-Ubuntu-124.04)
# Java VM: OpenJDK 64-Bit Server VM (21.0.10+7-Ubuntu-124.04, mixed mode, sharing, tiered, compressed oops, compressed class ptrs, g1 gc, linux-amd64)
# Problematic frame:
# V  [libjvm.so+0xd54304]  PhaseRemoveUseless::PhaseRemoveUseless(PhaseGVN*, Unique_Node_List&, Phase::PhaseNumber)+0xe4
#
# Core dump will be written. Default location: Core dumps may be processed with "/usr/share/apport/apport -p%p -s%s -c%c -d%d -P%P -u%u -g%g -F%F -- %E" (or dumping to /home/kbunny/Documents/ing.Soft/proyecto/kotliners-adopta-perrito-demo-api/core.6890)
#
# If you would like to submit a bug report, please visit:
#   https://bugs.launchpad.net/ubuntu/+source/openjdk-21
#

---------------  S U M M A R Y ------------

Command Line: -Djansi.mode=force -Dclassworlds.conf=/usr/share/maven/bin/m2.conf -Dmaven.home=/usr/share/maven -Dlibrary.jansi.path=/usr/share/maven/lib/jansi-native -Dmaven.multiModuleProjectDirectory=/home/kbunny/Documents/ing.Soft/proyecto/kotliners-adopta-perrito-demo-api org.codehaus.plexus.classworlds.launcher.Launcher spring-boot:run

Host: AMD Ryzen 3 3300U with Radeon Vega Mobile Gfx, 4 cores, 9G, Ubuntu 24.04.3 LTS
Time: Mon Mar  2 11:13:22 2026 CST elapsed time: 2.623430 seconds (0d 0h 0m 2s)

---------------  T H R E A D  ---------------

Current thread (0x000075ca6021ca20):  JavaThread "C2 CompilerThread1" daemon [_thread_in_native, id=6930, stack(0x000075cad8e00000,0x000075cad8f00000) (1024K)]


Current CompileTask:
C2:2623 4298       4       org.codehaus.plexus.classworlds.realm.ClassRealm::loadClass (7 bytes)

Stack: [0x000075cad8e00000,0x000075cad8f00000],  sp=0x000075cad8efb660,  free space=1005k
Native frames: (J=compiled Java code, j=interpreted, Vv=VM code, C=native code)
V  [libjvm.so+0xd54304]  PhaseRemoveUseless::PhaseRemoveUseless(PhaseGVN*, Unique_Node_List&, Phase::PhaseNumber)+0xe4
V  [libjvm.so+0x65dfaa]  Compile::inline_incrementally_cleanup(PhaseIterGVN&)+0xda
V  [libjvm.so+0x6652f9]  Compile::inline_incrementally(PhaseIterGVN&)+0x609
V  [libjvm.so+0x668b16]  Compile::Optimize()+0x396
V  [libjvm.so+0x66a79c]  Compile::Compile(ciEnv*, ciMethod*, int, Options, DirectiveSet*)+0xecc
V  [libjvm.so+0x58e02d]  C2Compiler::compile_method(ciEnv*, ciMethod*, int, bool, DirectiveSet*)+0x19d
V  [libjvm.so+0x670b23]  CompileBroker::invoke_compiler_on_method(CompileTask*)+0xc73
V  [libjvm.so+0x673d48]  CompileBroker::compiler_thread_loop()+0x6d8
V  [libjvm.so+0x92c066]  JavaThread::thread_main_inner()+0x1e6
V  [libjvm.so+0xf8fef7]  Thread::call_run()+0xa7
V  [libjvm.so+0xd06565]  thread_native_entry(Thread*)+0xd5
C  [libc.so.6+0x9caa4]

siginfo: si_signo: 11 (SIGSEGV), si_code: 1 (SEGV_MAPERR), si_addr: 0x0000000200000028

Registers:
RAX=0x000000000001a240, RBX=0x000075cad8efb740, RCX=0x0000000000020000, RDX=0x0000000200000000
RSP=0x000075cad8efb660, RBP=0x000075cad8efb6a0, RSI=0x000075ca5455be50, RDI=0x0000000000020000
R8 =0x000075cb00649d58, R9 =0x000075ca6c07f9e8, R10=0x0000000000000001, R11=0x000075ca6019cb30
R12=0x000075cb00649cd0, R13=0x000075cad8efb750, R14=0x000075cad8efd160, R15=0x000075cad8efb770
RIP=0x000075cb08954304, EFLAGS=0x0000000000010206, CSGSFS=0x002b000000000033, ERR=0x0000000000000004
  TRAPNO=0x000000000000000e

XMM[0]=0x0000000000000000 0x0000000000000000
XMM[1]=0x0000000000000000 0x0000000000000000
XMM[2]=0x0000000000000000 0x00000000000000bf
XMM[3]=0x0000000000000000 0x000075ca54000090
XMM[4]=0x000075ca541eaf90 0x000075ca541eaf90
XMM[5]=0x000075ca6c07f9a0 0x000075ca6c07f9a0
XMM[6]=0x000075ca6c07f9a0 0x000075ca6c07f9a0
XMM[7]=0x000075ca6c07f9a0 0x000075ca6c07f9a0
XMM[8]=0x0000000000000000 0x0000000000000000
XMM[9]=0x0000000000000000 0x46293e5939a08cea
XMM[10]=0x0000000000000000 0x4376345785d8a000
XMM[11]=0x000075ca6c0e8780 0x000075ca6c0e8840
XMM[12]=0x000075ca6c0e86c0 0x000075ca6c0e8660
XMM[13]=0x0000000000000000 0x0000000000000000
XMM[14]=0x0000000000000000 0x0000000000000000
XMM[15]=0x0000000000000000 0x0000000000000000
  MXCSR=0x00001fa2


Register to memory mapping:

RAX=0x000000000001a240 is an unknown value
RBX=0x000075cad8efb740 is pointing into the stack for thread: 0x000075ca6021ca20
RCX=0x0000000000020000 is an unknown value
RDX=0x0000000200000000 is an unknown value
RSP=0x000075cad8efb660 is pointing into the stack for thread: 0x000075ca6021ca20
RBP=0x000075cad8efb6a0 is pointing into the stack for thread: 0x000075ca6021ca20
RSI=0x000075ca5455be50 points into unknown readable memory: 0x0000000200000000 | 00 00 00 00 02 00 00 00
RDI=0x0000000000020000 is an unknown value
R8 =0x000075cb00649d58 points into unknown readable memory: 0x000075cad8efdcc0 | c0 dc ef d8 ca 75 00 00
R9 =0x000075ca6c07f9e8 points into unknown readable memory: 0x000075cb090bea98 | 98 ea 0b 09 cb 75 00 00
R10=0x0000000000000001 is an unknown value
R11=0x000075ca6019cb30 points into unknown readable memory: 0x05c0000013820feb | eb 0f 82 13 00 00 c0 05
R12=0x000075cb00649cd0 points into unknown readable memory: 0x000075cad8efdcc0 | c0 dc ef d8 ca 75 00 00
R13=0x000075cad8efb750 is pointing into the stack for thread: 0x000075ca6021ca20
R14=0x000075cad8efd160 is pointing into the stack for thread: 0x000075ca6021ca20
R15=0x000075cad8efb770 is pointing into the stack for thread: 0x000075ca6021ca20

Top of Stack: (sp=0x000075cad8efb660)
0x000075cad8efb660:   000075cb09110d80 000075ca6019cb30
0x000075cad8efb670:   000075cad8efb680 000075cad8efdb90
0x000075cad8efb680:   000075cad8efbbd0 000075cad8efb740
0x000075cad8efb690:   000075ca603937c0 000075ca6054cc50
0x000075cad8efb6a0:   000075cad8efb7d0 000075cb0825dfaa
0x000075cad8efb6b0:   000075ca6054cc50 000075ca6054e958
0x000075cad8efb6c0:   0000000000058220 000075ca60554c38
0x000075cad8efb6d0:   000075cad8efb6e0 000075ca6054e958
0x000075cad8efb6e0:   000075ca00000000 0000000000000000
0x000075cad8efb6f0:   000075ca54070800 000075cad8efdb00
0x000075cad8efb700:   000075cad8efdb90 000075cb08d2417f
0x000075cad8efb710:   0000000000000000 0000000000000000
0x000075cad8efb720:   0000000000000000 000075cb08d2417f
0x000075cad8efb730:   000075cad8efb800 000075cad8efb740
0x000075cad8efb740:   000075ca00000002 000075cad8efdb90
0x000075cad8efb750:   000075ca603937c0 000075cb00002000
0x000075cad8efb760:   000075ca54561c30 000075cb00001876
0x000075cad8efb770:   0000000000000400 000075ca6019cb30
0x000075cad8efb780:   0000000000000400 000075ca603937c0
0x000075cad8efb790:   000075ca00000000 0000000000000000
0x000075cad8efb7a0:   000075cad8efb7f0 000075cb00649cd0
0x000075cad8efb7b0:   000075cad8efb820 0000000000000000
0x000075cad8efb7c0:   000075cad8efdb90 000075cad8efbbd0
0x000075cad8efb7d0:   000075cad8efba00 000075cb082652f9
0x000075cad8efb7e0:   000075cad8efb830 000075cad8efb960
0x000075cad8efb7f0:   000000000000000b 000075cb005257a8
0x000075cad8efb800:   000075ca60161bf0 0000000000000000
0x000075cad8efb810:   000075cad8efb860 000075cb088a1640
0x000075cad8efb820:   000075ca60540000 0000000000000000
0x000075cad8efb830:   000075cad8efb901 000075cb08954800
0x000075cad8efb840:   00000000000231a0 000075cb08d2420c
0x000075cad8efb850:   0000000000000000 0000000000000000 

Instructions: (pc=0x000075cb08954304)
0x000075cb08954204:   2e 0f 1f 84 00 00 00 00 00 0f 1f 00 f3 0f 1e fa
0x000075cb08954214:   c3 90 66 2e 0f 1f 84 00 00 00 00 00 f3 0f 1e fa
0x000075cb08954224:   55 48 89 e5 41 57 41 56 49 89 f6 89 ce 41 55 41
0x000075cb08954234:   54 49 89 d4 53 48 89 fb 4c 8d 6b 10 48 83 ec 18
0x000075cb08954244:   e8 87 e8 ff ff 66 48 8d 3d 1f 1d 77 00 66 66 48
0x000075cb08954254:   e8 e7 e2 54 ff 48 8b 00 48 8b 80 20 03 00 00 c7
0x000075cb08954264:   43 18 04 00 00 00 48 89 43 10 48 8b 78 18 48 8b
0x000075cb08954274:   50 20 48 29 fa 48 83 fa 1f 0f 86 7d 01 00 00 48
0x000075cb08954284:   8d 57 20 48 89 50 18 48 89 7b 20 8b 53 18 31 f6
0x000075cb08954294:   4c 8d 7b 30 48 c1 e2 03 e8 8f e0 54 ff c7 43 28
0x000075cb089542a4:   00 00 00 00 4c 89 ff e8 50 ac 29 00 c7 43 50 00
0x000075cb089542b4:   00 00 00 48 8b 7b 08 4c 89 ee e8 6d 58 90 ff 48
0x000075cb089542c4:   8b 7b 08 4c 89 ee e8 c1 5a 90 ff 4d 8b 46 20 41
0x000075cb089542d4:   8b 78 08 4d 8b 48 20 85 ff 74 59 48 c1 e7 03 31
0x000075cb089542e4:   c0 41 ba 01 00 00 00 0f 1f 44 00 00 49 8b 70 18
0x000075cb089542f4:   48 01 c6 48 8b 16 48 85 d2 74 30 49 39 d1 74 2b
0x000075cb08954304:   8b 4a 28 89 ca c1 ea 05 3b 53 30 73 1b 4c 8b 5b
0x000075cb08954314:   38 4c 89 5d c8 45 89 d3 41 d3 e3 44 89 d9 4c 8b
0x000075cb08954324:   5d c8 41 23 0c 93 75 03 4c 89 0e 48 83 c0 08 48
0x000075cb08954334:   39 c7 75 b8 49 8d 7e 38 44 89 f2 49 8d b6 80 04
0x000075cb08954344:   00 00 31 c0 48 83 e7 f8 49 c7 46 30 00 00 00 00
0x000075cb08954354:   49 c7 86 70 04 00 00 00 00 00 00 29 fa 8d 8a 78
0x000075cb08954364:   04 00 00 49 8d 96 c8 08 00 00 c1 e9 03 f3 48 ab
0x000075cb08954374:   48 89 f7 44 89 f1 4c 89 fe 49 c7 86 78 04 00 00
0x000075cb08954384:   00 00 00 00 48 83 e7 f8 49 c7 86 b8 08 00 00 00
0x000075cb08954394:   00 00 00 29 f9 81 c1 c0 08 00 00 c1 e9 03 f3 48
0x000075cb089543a4:   ab 48 89 d7 49 c7 86 c0 08 00 00 00 00 00 00 49
0x000075cb089543b4:   c7 86 58 09 00 00 00 00 00 00 48 83 e7 f8 41 29
0x000075cb089543c4:   fe 41 8d 8e 60 09 00 00 c1 e9 03 f3 48 ab 4c 89
0x000075cb089543d4:   e7 e8 66 cb f7 ff 48 8b 7b 08 48 83 c4 18 4c 89
0x000075cb089543e4:   e2 5b 4c 89 ee 41 5c 41 5d 41 5e 41 5f 5d e9 59
0x000075cb089543f4:   64 90 ff 66 0f 1f 84 00 00 00 00 00 48 89 c7 31 


Stack slot to memory mapping:

stack at sp + 0 slots: 0x000075cb09110d80: <offset 0x0000000001510d80> in /usr/lib/jvm/java-21-openjdk-amd64/lib/server/libjvm.so at 0x000075cb07c00000
stack at sp + 1 slots: 0x000075ca6019cb30 points into unknown readable memory: 0x05c0000013820feb | eb 0f 82 13 00 00 c0 05
stack at sp + 2 slots: 0x000075cad8efb680 is pointing into the stack for thread: 0x000075ca6021ca20
stack at sp + 3 slots: 0x000075cad8efdb90 is pointing into the stack for thread: 0x000075ca6021ca20
stack at sp + 4 slots: 0x000075cad8efbbd0 is pointing into the stack for thread: 0x000075ca6021ca20
stack at sp + 5 slots: 0x000075cad8efb740 is pointing into the stack for thread: 0x000075ca6021ca20
stack at sp + 6 slots: 0x000075ca603937c0 points into unknown readable memory: 0x000000075ca60307 | 07 03 a6 5c 07 00 00 00
stack at sp + 7 slots: 0x000075ca6054cc50 points into unknown readable memory: 0x000075ca54561c20 | 20 1c 56 54 ca 75 00 00


---------------  P R O C E S S  ---------------

Threads class SMR info:
_java_thread_list=0x000075cb00da2810, length=16, elements={
0x000075cb0001a460, 0x000075cb000fe9d0, 0x000075cb000fff50, 0x000075cb001016f0,
0x000075cb00102d40, 0x000075cb001042f0, 0x000075cb00105e40, 0x000075cb00107510,
0x000075cb0015b330, 0x000075cb0015e670, 0x000075ca6021ca20, 0x000075cb00d9c650,
0x000075cb00d6b710, 0x000075cb00d9f0f0, 0x000075cb00da0620, 0x000075cb00da1b60
}

Java Threads: ( => current thread )
  0x000075cb0001a460 JavaThread "main"                              [_thread_in_vm, id=6910, stack(0x000075cb07b00000,0x000075cb07c00000) (1024K)]
  0x000075cb000fe9d0 JavaThread "Reference Handler"          daemon [_thread_blocked, id=6918, stack(0x000075cad9700000,0x000075cad9800000) (1024K)]
  0x000075cb000fff50 JavaThread "Finalizer"                  daemon [_thread_blocked, id=6919, stack(0x000075cad9600000,0x000075cad9700000) (1024K)]
  0x000075cb001016f0 JavaThread "Signal Dispatcher"          daemon [_thread_blocked, id=6920, stack(0x000075cad9500000,0x000075cad9600000) (1024K)]
  0x000075cb00102d40 JavaThread "Service Thread"             daemon [_thread_blocked, id=6921, stack(0x000075cad9400000,0x000075cad9500000) (1024K)]
  0x000075cb001042f0 JavaThread "Monitor Deflation Thread"   daemon [_thread_blocked, id=6922, stack(0x000075cad9300000,0x000075cad9400000) (1024K)]
  0x000075cb00105e40 JavaThread "C2 CompilerThread0"         daemon [_thread_in_native, id=6923, stack(0x000075cad9200000,0x000075cad9300000) (1024K)]
  0x000075cb00107510 JavaThread "C1 CompilerThread0"         daemon [_thread_in_native, id=6924, stack(0x000075cad9100000,0x000075cad9200000) (1024K)]
  0x000075cb0015b330 JavaThread "Notification Thread"        daemon [_thread_blocked, id=6925, stack(0x000075cad9000000,0x000075cad9100000) (1024K)]
  0x000075cb0015e670 JavaThread "Common-Cleaner"             daemon [_thread_blocked, id=6926, stack(0x000075cad8f00000,0x000075cad9000000) (1024K)]
=>0x000075ca6021ca20 JavaThread "C2 CompilerThread1"         daemon [_thread_in_native, id=6930, stack(0x000075cad8e00000,0x000075cad8f00000) (1024K)]
  0x000075cb00d9c650 JavaThread "resolver-1"                 daemon [_thread_blocked, id=6932, stack(0x000075cad89fd000,0x000075cad8afd000) (1024K)]
  0x000075cb00d6b710 JavaThread "resolver-2"                 daemon [_thread_blocked, id=6933, stack(0x000075cad88fd000,0x000075cad89fd000) (1024K)]
  0x000075cb00d9f0f0 JavaThread "resolver-3"                 daemon [_thread_blocked, id=6934, stack(0x000075cad87fd000,0x000075cad88fd000) (1024K)]
  0x000075cb00da0620 JavaThread "resolver-4"                 daemon [_thread_blocked, id=6935, stack(0x000075cad86fd000,0x000075cad87fd000) (1024K)]
  0x000075cb00da1b60 JavaThread "resolver-5"                 daemon [_thread_blocked, id=6936, stack(0x000075cad85fd000,0x000075cad86fd000) (1024K)]
Total: 16

Other Threads:
  0x000075cb000f5890 VMThread "VM Thread"                           [id=6917, stack(0x000075cad9dff000,0x000075cad9eff000) (1024K)]
  0x000075cb000e3ed0 WatcherThread "VM Periodic Task Thread"        [id=6916, stack(0x000075cad9f00000,0x000075cada000000) (1024K)]
  0x000075cb00065d50 WorkerThread "GC Thread#0"                     [id=6911, stack(0x000075cb040fc000,0x000075cb041fc000) (1024K)]
  0x000075ca80006970 WorkerThread "GC Thread#1"                     [id=6928, stack(0x000075cad8d00000,0x000075cad8e00000) (1024K)]
  0x000075ca800071f0 WorkerThread "GC Thread#2"                     [id=6929, stack(0x000075cad8bff000,0x000075cad8cff000) (1024K)]
  0x000075ca8000b7b0 WorkerThread "GC Thread#3"                     [id=6931, stack(0x000075cad8afe000,0x000075cad8bfe000) (1024K)]
  0x000075cb00070ca0 ConcurrentGCThread "G1 Main Marker"            [id=6912, stack(0x000075cafff00000,0x000075cb00000000) (1024K)]
  0x000075cb00071b80 WorkerThread "G1 Conc#0"                       [id=6913, stack(0x000075cae8700000,0x000075cae8800000) (1024K)]
  0x000075cb000ca420 ConcurrentGCThread "G1 Refine#0"               [id=6914, stack(0x000075cae81fb000,0x000075cae82fb000) (1024K)]
  0x000075cb000cb3f0 ConcurrentGCThread "G1 Service"                [id=6915, stack(0x000075cae80fa000,0x000075cae81fa000) (1024K)]
Total: 10

Threads with active compile tasks:
C2 CompilerThread0  2627 4297   !   4       java.lang.ClassLoader::loadClass (121 bytes)
C1 CompilerThread0  2627 4350       3       kotlin.reflect.jvm.internal.impl.protobuf.SmallSortedMap$EmptySet$2::iterator (4 bytes)
C2 CompilerThread1  2627 4298       4       org.codehaus.plexus.classworlds.realm.ClassRealm::loadClass (7 bytes)
Total: 3

VM state: not at safepoint (normal execution)

VM Mutex/Monitor currently owned by a thread: None

Heap address: 0x0000000765e00000, size: 2466 MB, Compressed Oops mode: Zero based, Oop shift amount: 3

CDS archive(s) mapped at: [0x000075ca8b000000-0x000075ca8bc9c000-0x000075ca8bc9c000), size 13221888, SharedBaseAddress: 0x000075ca8b000000, ArchiveRelocationMode: 1.
Compressed class space mapped at: 0x000075ca8c000000-0x000075cacc000000, reserved size: 1073741824
Narrow klass base: 0x000075ca8b000000, Narrow klass shift: 0, Narrow klass range: 0x100000000

GC Precious Log:
 CardTable entry size: 512
 Card Set container configuration: InlinePtr #cards 4 size 8 Array Of Cards #cards 16 size 48 Howl #buckets 8 coarsen threshold 3686 Howl Bitmap #cards 512 size 80 coarsen threshold 460 Card regions per heap region 1 cards per card region 4096
 CPUs: 4 total, 4 available
 Memory: 9856M
 Large Page Support: Disabled
 NUMA Support: Disabled
 Compressed Oops: Enabled (Zero based)
 Heap Region Size: 2M
 Heap Min Capacity: 8M
 Heap Initial Capacity: 156M
 Heap Max Capacity: 2466M
 Pre-touch: Disabled
 Parallel Workers: 4
 Concurrent Workers: 1
 Concurrent Refinement Workers: 4
 Periodic GC: Disabled

Heap:
 garbage-first heap   total 90112K, used 37502K [0x0000000765e00000, 0x0000000800000000)
  region size 2048K, 11 young (22528K), 3 survivors (6144K)
 Metaspace       used 23575K, committed 24000K, reserved 1114112K
  class space    used 2529K, committed 2752K, reserved 1048576K

Heap Regions: E=young(eden), S=young(survivor), O=old, HS=humongous(starts), HC=humongous(continues), CS=collection set, F=free, TAMS=top-at-mark-start, PB=parsable bottom
|   0|0x0000000765e00000, 0x0000000766000000, 0x0000000766000000|100%| O|  |TAMS 0x0000000765e00000| PB 0x0000000765e00000| Untracked 
|   1|0x0000000766000000, 0x0000000766200000, 0x0000000766200000|100%| O|  |TAMS 0x0000000766000000| PB 0x0000000766000000| Untracked 
|   2|0x0000000766200000, 0x0000000766200000, 0x0000000766400000|  0%| F|  |TAMS 0x0000000766200000| PB 0x0000000766200000| Untracked 
|   3|0x0000000766400000, 0x0000000766400000, 0x0000000766600000|  0%| F|  |TAMS 0x0000000766400000| PB 0x0000000766400000| Untracked 
|   4|0x0000000766600000, 0x0000000766600000, 0x0000000766800000|  0%| F|  |TAMS 0x0000000766600000| PB 0x0000000766600000| Untracked 
|   5|0x0000000766800000, 0x0000000766800000, 0x0000000766a00000|  0%| F|  |TAMS 0x0000000766800000| PB 0x0000000766800000| Untracked 
|   6|0x0000000766a00000, 0x0000000766a00000, 0x0000000766c00000|  0%| F|  |TAMS 0x0000000766a00000| PB 0x0000000766a00000| Untracked 
|   7|0x0000000766c00000, 0x0000000766c00000, 0x0000000766e00000|  0%| F|  |TAMS 0x0000000766c00000| PB 0x0000000766c00000| Untracked 
|   8|0x0000000766e00000, 0x0000000766e00000, 0x0000000767000000|  0%| F|  |TAMS 0x0000000766e00000| PB 0x0000000766e00000| Untracked 
|   9|0x0000000767000000, 0x0000000767000000, 0x0000000767200000|  0%| F|  |TAMS 0x0000000767000000| PB 0x0000000767000000| Untracked 
|  10|0x0000000767200000, 0x0000000767200000, 0x0000000767400000|  0%| F|  |TAMS 0x0000000767200000| PB 0x0000000767200000| Untracked 
|  11|0x0000000767400000, 0x0000000767400000, 0x0000000767600000|  0%| F|  |TAMS 0x0000000767400000| PB 0x0000000767400000| Untracked 
|  12|0x0000000767600000, 0x0000000767600000, 0x0000000767800000|  0%| F|  |TAMS 0x0000000767600000| PB 0x0000000767600000| Untracked 
|  13|0x0000000767800000, 0x0000000767800000, 0x0000000767a00000|  0%| F|  |TAMS 0x0000000767800000| PB 0x0000000767800000| Untracked 
|  14|0x0000000767a00000, 0x0000000767a00000, 0x0000000767c00000|  0%| F|  |TAMS 0x0000000767a00000| PB 0x0000000767a00000| Untracked 
|  15|0x0000000767c00000, 0x0000000767c00000, 0x0000000767e00000|  0%| F|  |TAMS 0x0000000767c00000| PB 0x0000000767c00000| Untracked 
|  16|0x0000000767e00000, 0x0000000767e00000, 0x0000000768000000|  0%| F|  |TAMS 0x0000000767e00000| PB 0x0000000767e00000| Untracked 
|  17|0x0000000768000000, 0x0000000768000000, 0x0000000768200000|  0%| F|  |TAMS 0x0000000768000000| PB 0x0000000768000000| Untracked 
|  18|0x0000000768200000, 0x0000000768200000, 0x0000000768400000|  0%| F|  |TAMS 0x0000000768200000| PB 0x0000000768200000| Untracked 
|  19|0x0000000768400000, 0x0000000768400000, 0x0000000768600000|  0%| F|  |TAMS 0x0000000768400000| PB 0x0000000768400000| Untracked 
|  20|0x0000000768600000, 0x0000000768600000, 0x0000000768800000|  0%| F|  |TAMS 0x0000000768600000| PB 0x0000000768600000| Untracked 
|  21|0x0000000768800000, 0x0000000768800000, 0x0000000768a00000|  0%| F|  |TAMS 0x0000000768800000| PB 0x0000000768800000| Untracked 
|  22|0x0000000768a00000, 0x0000000768a00000, 0x0000000768c00000|  0%| F|  |TAMS 0x0000000768a00000| PB 0x0000000768a00000| Untracked 
|  23|0x0000000768c00000, 0x0000000768c00000, 0x0000000768e00000|  0%| F|  |TAMS 0x0000000768c00000| PB 0x0000000768c00000| Untracked 
|  24|0x0000000768e00000, 0x0000000769000000, 0x0000000769000000|100%|HS|  |TAMS 0x0000000768e00000| PB 0x0000000768e00000| Complete 
|  25|0x0000000769000000, 0x0000000769200000, 0x0000000769200000|100%|HC|  |TAMS 0x0000000769000000| PB 0x0000000769000000| Complete 
|  26|0x0000000769200000, 0x0000000769200000, 0x0000000769400000|  0%| F|  |TAMS 0x0000000769200000| PB 0x0000000769200000| Untracked 
|  27|0x0000000769400000, 0x0000000769500000, 0x0000000769600000| 50%| E|  |TAMS 0x0000000769400000| PB 0x0000000769400000| Complete 
|  28|0x0000000769600000, 0x0000000769800000, 0x0000000769800000|100%| E|CS|TAMS 0x0000000769600000| PB 0x0000000769600000| Complete 
|  29|0x0000000769800000, 0x0000000769a00000, 0x0000000769a00000|100%| E|CS|TAMS 0x0000000769800000| PB 0x0000000769800000| Complete 
|  30|0x0000000769a00000, 0x0000000769c00000, 0x0000000769c00000|100%| E|CS|TAMS 0x0000000769a00000| PB 0x0000000769a00000| Complete 
|  31|0x0000000769c00000, 0x0000000769e00000, 0x0000000769e00000|100%| E|CS|TAMS 0x0000000769c00000| PB 0x0000000769c00000| Complete 
|  32|0x0000000769e00000, 0x000000076a000000, 0x000000076a000000|100%| O|  |TAMS 0x0000000769e00000| PB 0x0000000769e00000| Untracked 
|  33|0x000000076a000000, 0x000000076a200000, 0x000000076a200000|100%| O|  |TAMS 0x000000076a000000| PB 0x000000076a000000| Untracked 
|  34|0x000000076a200000, 0x000000076a400000, 0x000000076a400000|100%| O|  |TAMS 0x000000076a200000| PB 0x000000076a200000| Untracked 
|  35|0x000000076a400000, 0x000000076a600000, 0x000000076a600000|100%| O|  |TAMS 0x000000076a400000| PB 0x000000076a400000| Untracked 
|  36|0x000000076a600000, 0x000000076a706100, 0x000000076a800000| 51%| O|Cm|TAMS 0x000000076a600000| PB 0x000000076a600000| Complete 
|  37|0x000000076a800000, 0x000000076aa00000, 0x000000076aa00000|100%| E|CS|TAMS 0x000000076a800000| PB 0x000000076a800000| Complete 
|  42|0x000000076b200000, 0x000000076b28d330, 0x000000076b400000| 27%| S|CS|TAMS 0x000000076b200000| PB 0x000000076b200000| Complete 
|  43|0x000000076b400000, 0x000000076b600000, 0x000000076b600000|100%| S|CS|TAMS 0x000000076b400000| PB 0x000000076b400000| Complete 
|  44|0x000000076b600000, 0x000000076b800000, 0x000000076b800000|100%| S|CS|TAMS 0x000000076b600000| PB 0x000000076b600000| Complete 
|  92|0x0000000771600000, 0x0000000771800000, 0x0000000771800000|100%| E|CS|TAMS 0x0000000771600000| PB 0x0000000771600000| Complete 
|  93|0x0000000771800000, 0x0000000771a00000, 0x0000000771a00000|100%| E|CS|TAMS 0x0000000771800000| PB 0x0000000771800000| Complete 
|1232|0x00000007ffe00000, 0x00000007fff0c6d0, 0x0000000800000000| 52%| O|  |TAMS 0x00000007ffe00000| PB 0x00000007ffe00000| Untracked 

Card table byte_map: [0x000075cb06884000,0x000075cb06d55000] _byte_map_base: 0x000075cb02d55000

Marking Bits: (CMBitMap*) 0x000075cb000667c0
 Bits: [0x000075cb041fc000, 0x000075cb06884000)

Polling page: 0x000075cb095db000

Metaspace:

Usage:
  Non-class:     20.56 MB used.
      Class:      2.47 MB used.
       Both:     23.03 MB used.

Virtual space:
  Non-class space:       64.00 MB reserved,      20.75 MB ( 32%) committed,  1 nodes.
      Class space:        1.00 GB reserved,       2.69 MB ( <1%) committed,  1 nodes.
             Both:        1.06 GB reserved,      23.44 MB (  2%) committed. 

Chunk freelists:
   Non-Class:  11.28 MB
       Class:  13.23 MB
        Both:  24.52 MB

MaxMetaspaceSize: unlimited
CompressedClassSpaceSize: 1.00 GB
Initial GC threshold: 21.00 MB
Current GC threshold: 35.44 MB
CDS: on
 - commit_granule_bytes: 65536.
 - commit_granule_words: 8192.
 - virtual_space_node_default_size: 8388608.
 - enlarge_chunks_in_place: 1.
 - use_allocation_guard: 0.


Internal statistics:

num_allocs_failed_limit: 3.
num_arena_births: 294.
num_arena_deaths: 0.
num_vsnodes_births: 2.
num_vsnodes_deaths: 0.
num_space_committed: 375.
num_space_uncommitted: 0.
num_chunks_returned_to_freelist: 3.
num_chunks_taken_from_freelist: 1088.
num_chunk_merges: 3.
num_chunk_splits: 835.
num_chunks_enlarged: 671.
num_inconsistent_stats: 0.

CodeHeap 'non-profiled nmethods': size=120032Kb used=2142Kb max_used=2142Kb free=117889Kb
 bounds [0x000075caf02c8000, 0x000075caf0538000, 0x000075caf7800000]
CodeHeap 'profiled nmethods': size=120028Kb used=8893Kb max_used=8893Kb free=111134Kb
 bounds [0x000075cae8800000, 0x000075cae90b0000, 0x000075caefd37000]
CodeHeap 'non-nmethods': size=5700Kb used=1433Kb max_used=1439Kb free=4266Kb
 bounds [0x000075caefd37000, 0x000075caeffa7000, 0x000075caf02c8000]
CodeCache: size=245760Kb, used=12468Kb, max_used=12474Kb, free=233289Kb
 total_blobs=4880, nmethods=4346, adapters=439, full_count=0
Compilation: enabled, stopped_count=0, restarted_count=0

Compilation events (20 events):
Event: 2.603 Thread 0x000075cb00107510 4331       3       kotlin.reflect.jvm.internal.impl.protobuf.ByteString$Output::flushLastBuffer (96 bytes)
Event: 2.604 Thread 0x000075cb00107510 nmethod 4331 0x000075cae90a8410 code [0x000075cae90a8680, 0x000075cae90a94f0]
Event: 2.604 Thread 0x000075cb00107510 4332       3       kotlin.reflect.jvm.internal.impl.protobuf.ByteString::copyFrom (94 bytes)
Event: 2.606 Thread 0x000075cb00107510 nmethod 4332 0x000075cae90a9990 code [0x000075cae90a9c40, 0x000075cae90aad08]
Event: 2.606 Thread 0x000075cb00107510 4333       3       kotlin.reflect.jvm.internal.impl.protobuf.CodedInputStream::checkLastTagWas (13 bytes)
Event: 2.606 Thread 0x000075cb00107510 nmethod 4333 0x000075cae90ab110 code [0x000075cae90ab2c0, 0x000075cae90ab420]
Event: 2.606 Thread 0x000075cb00107510 4334       3       kotlin.reflect.jvm.internal.impl.protobuf.CodedInputStream::popLimit (10 bytes)
Event: 2.606 Thread 0x000075cb00107510 nmethod 4334 0x000075cae90ab510 code [0x000075cae90ab6c0, 0x000075cae90ab800]
Event: 2.606 Thread 0x000075cb00107510 4318       1       kotlin.reflect.jvm.internal.impl.protobuf.GeneratedMessageLite$ExtensionDescriptor::getLiteType (5 bytes)
Event: 2.606 Thread 0x000075cb00107510 nmethod 4318 0x000075caf04de990 code [0x000075caf04deb20, 0x000075caf04debe8]
Event: 2.606 Thread 0x000075cb00107510 4322       1       kotlin.reflect.jvm.internal.impl.protobuf.WireFormat$FieldType::getJavaType (5 bytes)
Event: 2.606 Thread 0x000075cb00107510 nmethod 4322 0x000075caf04dec90 code [0x000075caf04dee20, 0x000075caf04deee8]
Event: 2.606 Thread 0x000075cb00107510 4328       1       kotlin.reflect.jvm.internal.impl.protobuf.GeneratedMessageLite$Builder::getUnknownFields (5 bytes)
Event: 2.606 Thread 0x000075cb00107510 nmethod 4328 0x000075caf04def90 code [0x000075caf04df120, 0x000075caf04df1e8]
Event: 2.606 Thread 0x000075cb00107510 4336       1       kotlin.reflect.jvm.internal.impl.protobuf.SmallSortedMap$Entry::getKey (5 bytes)
Event: 2.607 Thread 0x000075cb00107510 nmethod 4336 0x000075caf04df290 code [0x000075caf04df420, 0x000075caf04df4e8]
Event: 2.618 Thread 0x000075cb00107510 4337       3       kotlin.reflect.jvm.internal.ReflectProperties::lazy (17 bytes)
Event: 2.619 Thread 0x000075cb00107510 nmethod 4337 0x000075cae90ab890 code [0x000075cae90aba60, 0x000075cae90abe78]
Event: 2.619 Thread 0x000075cb00107510 4338       3       kotlin.reflect.jvm.internal.ReflectProperties$LazyVal::<init> (23 bytes)
Event: 2.619 Thread 0x000075cb00107510 nmethod 4338 0x000075cae90ac010 code [0x000075cae90ac1c0, 0x000075cae90ac4d0]

GC Heap History (10 events):
Event: 0.318 GC heap before
{Heap before GC invocations=0 (full 0):
 garbage-first heap   total 161792K, used 13361K [0x0000000765e00000, 0x0000000800000000)
  region size 2048K, 6 young (12288K), 0 survivors (0K)
 Metaspace       used 4120K, committed 4224K, reserved 1114112K
  class space    used 436K, committed 512K, reserved 1048576K
}
Event: 0.322 GC heap after
{Heap after GC invocations=1 (full 0):
 garbage-first heap   total 161792K, used 3558K [0x0000000765e00000, 0x0000000800000000)
  region size 2048K, 1 young (2048K), 1 survivors (2048K)
 Metaspace       used 4120K, committed 4224K, reserved 1114112K
  class space    used 436K, committed 512K, reserved 1048576K
}
Event: 0.493 GC heap before
{Heap before GC invocations=1 (full 0):
 garbage-first heap   total 161792K, used 15846K [0x0000000765e00000, 0x0000000800000000)
  region size 2048K, 7 young (14336K), 1 survivors (2048K)
 Metaspace       used 5798K, committed 5952K, reserved 1114112K
  class space    used 658K, committed 704K, reserved 1048576K
}
Event: 0.497 GC heap after
{Heap after GC invocations=2 (full 0):
 garbage-first heap   total 161792K, used 4251K [0x0000000765e00000, 0x0000000800000000)
  region size 2048K, 1 young (2048K), 1 survivors (2048K)
 Metaspace       used 5798K, committed 5952K, reserved 1114112K
  class space    used 658K, committed 704K, reserved 1048576K
}
Event: 1.181 GC heap before
{Heap before GC invocations=2 (full 0):
 garbage-first heap   total 161792K, used 37019K [0x0000000765e00000, 0x0000000800000000)
  region size 2048K, 18 young (36864K), 1 survivors (2048K)
 Metaspace       used 13007K, committed 13248K, reserved 1114112K
  class space    used 1508K, committed 1600K, reserved 1048576K
}
Event: 1.189 GC heap after
{Heap after GC invocations=3 (full 0):
 garbage-first heap   total 161792K, used 7981K [0x0000000765e00000, 0x0000000800000000)
  region size 2048K, 3 young (6144K), 3 survivors (6144K)
 Metaspace       used 13007K, committed 13248K, reserved 1114112K
  class space    used 1508K, committed 1600K, reserved 1048576K
}
Event: 1.840 GC heap before
{Heap before GC invocations=3 (full 0):
 garbage-first heap   total 161792K, used 96045K [0x0000000765e00000, 0x0000000800000000)
  region size 2048K, 46 young (94208K), 3 survivors (6144K)
 Metaspace       used 14442K, committed 14784K, reserved 1114112K
  class space    used 1574K, committed 1728K, reserved 1048576K
}
Event: 1.854 GC heap after
{Heap after GC invocations=4 (full 0):
 garbage-first heap   total 161792K, used 15254K [0x0000000765e00000, 0x0000000800000000)
  region size 2048K, 6 young (12288K), 6 survivors (12288K)
 Metaspace       used 14442K, committed 14784K, reserved 1114112K
  class space    used 1574K, committed 1728K, reserved 1048576K
}
Event: 2.460 GC heap before
{Heap before GC invocations=4 (full 0):
 garbage-first heap   total 161792K, used 129942K [0x0000000765e00000, 0x0000000800000000)
  region size 2048K, 39 young (79872K), 6 survivors (12288K)
 Metaspace       used 21123K, committed 21504K, reserved 1114112K
  class space    used 2206K, committed 2432K, reserved 1048576K
}
Event: 2.472 GC heap after
{Heap after GC invocations=5 (full 0):
 garbage-first heap   total 194560K, used 23166K [0x0000000765e00000, 0x0000000800000000)
  region size 2048K, 3 young (6144K), 3 survivors (6144K)
 Metaspace       used 21123K, committed 21504K, reserved 1114112K
  class space    used 2206K, committed 2432K, reserved 1048576K
}

Dll operation events (7 events):
Event: 0.002 Loaded shared library /usr/lib/jvm/java-21-openjdk-amd64/lib/libjava.so
Event: 0.020 Loaded shared library /usr/lib/jvm/java-21-openjdk-amd64/lib/libjsvml.so
Event: 0.025 Loaded shared library /usr/lib/jvm/java-21-openjdk-amd64/lib/libnio.so
Event: 0.028 Loaded shared library /usr/lib/jvm/java-21-openjdk-amd64/lib/libzip.so
Event: 0.035 Loaded shared library /usr/lib/jvm/java-21-openjdk-amd64/lib/libnet.so
Event: 0.102 Loaded shared library /usr/lib/jvm/java-21-openjdk-amd64/lib/libjimage.so
Event: 0.170 Loaded shared library /usr/lib/jvm/java-21-openjdk-amd64/lib/libverify.so

Deoptimization events (20 events):
Event: 2.367 Thread 0x000075cb00d6b710 Uncommon trap: trap_request=0xffffffde fr.pc=0x000075caf0468120 relative=0x00000000000001c0
Event: 2.367 Thread 0x000075cb00d6b710 Uncommon trap: reason=class_check action=maybe_recompile pc=0x000075caf0468120 method=java.util.concurrent.locks.AbstractQueuedSynchronizer.release(I)Z @ 2 c2
Event: 2.367 Thread 0x000075cb00d6b710 DEOPT PACKING pc=0x000075caf0468120 sp=0x000075cad89fb7d0
Event: 2.367 Thread 0x000075cb00d6b710 DEOPT UNPACKING pc=0x000075caefd8af99 sp=0x000075cad89fb788 mode 2
Event: 2.369 Thread 0x000075cb00d9f0f0 Uncommon trap: trap_request=0xffffffbe fr.pc=0x000075caf04c9984 relative=0x0000000000000d04
Event: 2.369 Thread 0x000075cb00d9f0f0 Uncommon trap: reason=profile_predicate action=maybe_recompile pc=0x000075caf04c9984 method=java.util.regex.Pattern$CharPropertyGreedy.match(Ljava/util/regex/Matcher;ILjava/lang/CharSequence;)Z @ 15 c2
Event: 2.369 Thread 0x000075cb00d9f0f0 DEOPT PACKING pc=0x000075caf04c9984 sp=0x000075cad88fb410
Event: 2.369 Thread 0x000075cb00d9f0f0 DEOPT UNPACKING pc=0x000075caefd8af99 sp=0x000075cad88fb3c0 mode 2
Event: 2.369 Thread 0x000075cb00d9f0f0 Uncommon trap: trap_request=0xffffffbe fr.pc=0x000075caf04c9984 relative=0x0000000000000d04
Event: 2.369 Thread 0x000075cb00d9f0f0 Uncommon trap: reason=profile_predicate action=maybe_recompile pc=0x000075caf04c9984 method=java.util.regex.Pattern$CharPropertyGreedy.match(Ljava/util/regex/Matcher;ILjava/lang/CharSequence;)Z @ 15 c2
Event: 2.369 Thread 0x000075cb00d9f0f0 DEOPT PACKING pc=0x000075caf04c9984 sp=0x000075cad88fb050
Event: 2.369 Thread 0x000075cb00d9f0f0 DEOPT UNPACKING pc=0x000075caefd8af99 sp=0x000075cad88fb000 mode 2
Event: 2.369 Thread 0x000075cb00d9f0f0 Uncommon trap: trap_request=0xffffffbe fr.pc=0x000075caf04c9984 relative=0x0000000000000d04
Event: 2.369 Thread 0x000075cb00d9f0f0 Uncommon trap: reason=profile_predicate action=maybe_recompile pc=0x000075caf04c9984 method=java.util.regex.Pattern$CharPropertyGreedy.match(Ljava/util/regex/Matcher;ILjava/lang/CharSequence;)Z @ 15 c2
Event: 2.369 Thread 0x000075cb00d9f0f0 DEOPT PACKING pc=0x000075caf04c9984 sp=0x000075cad88fb050
Event: 2.369 Thread 0x000075cb00d9f0f0 DEOPT UNPACKING pc=0x000075caefd8af99 sp=0x000075cad88fb000 mode 2
Event: 2.369 Thread 0x000075cb00d9f0f0 Uncommon trap: trap_request=0xffffffbe fr.pc=0x000075caf04c9984 relative=0x0000000000000d04
Event: 2.369 Thread 0x000075cb00d9f0f0 Uncommon trap: reason=profile_predicate action=maybe_recompile pc=0x000075caf04c9984 method=java.util.regex.Pattern$CharPropertyGreedy.match(Ljava/util/regex/Matcher;ILjava/lang/CharSequence;)Z @ 15 c2
Event: 2.369 Thread 0x000075cb00d9f0f0 DEOPT PACKING pc=0x000075caf04c9984 sp=0x000075cad88fae90
Event: 2.369 Thread 0x000075cb00d9f0f0 DEOPT UNPACKING pc=0x000075caefd8af99 sp=0x000075cad88fae40 mode 2

Classes loaded (20 events):
Event: 2.395 Loading class java/util/concurrent/locks/ReentrantReadWriteLock$FairSync
Event: 2.396 Loading class java/util/concurrent/locks/ReentrantReadWriteLock$FairSync done
Event: 2.396 Loading class java/nio/file/FileTreeWalker$DirectoryNode
Event: 2.396 Loading class java/nio/file/FileTreeWalker$DirectoryNode done
Event: 2.396 Loading class sun/nio/fs/UnixDirectoryStream$UnixDirectoryIterator
Event: 2.396 Loading class sun/nio/fs/UnixDirectoryStream$UnixDirectoryIterator done
Event: 2.396 Loading class java/nio/file/FileTreeWalker$Event
Event: 2.396 Loading class java/nio/file/FileTreeWalker$Event done
Event: 2.396 Loading class java/nio/file/FileTreeWalker$EventType
Event: 2.396 Loading class java/nio/file/FileTreeWalker$EventType done
Event: 2.398 Loading class sun/nio/fs/BasicFileAttributesHolder
Event: 2.398 Loading class sun/nio/fs/BasicFileAttributesHolder done
Event: 2.399 Loading class sun/nio/fs/UnixException
Event: 2.399 Loading class sun/nio/fs/UnixException done
Event: 2.407 Loading class java/util/concurrent/atomic/AtomicReferenceFieldUpdater
Event: 2.407 Loading class java/util/concurrent/atomic/AtomicReferenceFieldUpdater done
Event: 2.407 Loading class java/util/concurrent/atomic/AtomicReferenceFieldUpdater$AtomicReferenceFieldUpdaterImpl
Event: 2.408 Loading class java/util/concurrent/atomic/AtomicReferenceFieldUpdater$AtomicReferenceFieldUpdaterImpl done
Event: 2.408 Loading class java/util/concurrent/atomic/AtomicReferenceFieldUpdater$AtomicReferenceFieldUpdaterImpl$1
Event: 2.408 Loading class java/util/concurrent/atomic/AtomicReferenceFieldUpdater$AtomicReferenceFieldUpdaterImpl$1 done

Classes unloaded (0 events):
No events

Classes redefined (0 events):
No events

Internal exceptions (20 events):
Event: 1.092 Thread 0x000075cb0001a460 Implicit null exception at 0x000075caf02ff120 to 0x000075caf02ff810
Event: 1.092 Thread 0x000075cb0001a460 Implicit null exception at 0x000075caf03014a0 to 0x000075caf0301b8c
Event: 1.155 Thread 0x000075cb0001a460 Exception <a 'java/lang/NoSuchMethodError'{0x000000076d6819a8}: 'void java.lang.invoke.DirectMethodHandle$Holder.invokeVirtual(java.lang.Object, java.lang.Object, int)'> (0x000000076d6819a8) 
thrown [./src/hotspot/share/interpreter/linkResolver.cpp, line 772]
Event: 1.156 Thread 0x000075cb0001a460 Exception <a 'java/lang/NoSuchMethodError'{0x000000076d685bb0}: 'int java.lang.invoke.DirectMethodHandle$Holder.invokeSpecial(java.lang.Object, java.lang.Object, java.lang.Object, int)'> (0x000000076d685bb0) 
thrown [./src/hotspot/share/interpreter/linkResolver.cpp, line 772]
Event: 1.157 Thread 0x000075cb0001a460 Exception <a 'java/lang/NoSuchMethodError'{0x000000076d696000}: 'java.lang.Object java.lang.invoke.DirectMethodHandle$Holder.invokeStatic(java.lang.Object, java.lang.Object, java.lang.Object, java.lang.Object, int)'> (0x000000076d696000) 
thrown [./src/hotspot/share/interpreter/linkResolver.cpp, line 772]
Event: 1.158 Thread 0x000075cb0001a460 Exception <a 'java/lang/NoSuchMethodError'{0x000000076d6a1280}: 'void java.lang.invoke.DelegatingMethodHandle$Holder.reinvoke_L(java.lang.Object, java.lang.Object, int)'> (0x000000076d6a1280) 
thrown [./src/hotspot/share/interpreter/linkResolver.cpp, line 772]
Event: 1.412 Thread 0x000075cb0001a460 Implicit null exception at 0x000075caf03d30ea to 0x000075caf03d31b8
Event: 1.412 Thread 0x000075cb0001a460 Implicit null exception at 0x000075caf0353c9b to 0x000075caf0353eb4
Event: 1.412 Thread 0x000075cb0001a460 Implicit null exception at 0x000075caf03527e6 to 0x000075caf035288a
Event: 1.764 Thread 0x000075cb0001a460 Implicit null exception at 0x000075caf042352b to 0x000075caf0423700
Event: 1.764 Thread 0x000075cb0001a460 Implicit null exception at 0x000075caf033449b to 0x000075caf03346a4
Event: 1.764 Thread 0x000075cb0001a460 Implicit null exception at 0x000075caf034013d to 0x000075caf03401c1
Event: 1.896 Thread 0x000075cb0001a460 Exception <a 'java/lang/NoSuchMethodError'{0x000000076f6c7000}: 'void java.lang.invoke.Invokers$Holder.invokeExact_MT(java.lang.Object, java.lang.Object, int, java.lang.Object)'> (0x000000076f6c7000) 
thrown [./src/hotspot/share/interpreter/linkResolver.cpp, line 772]
Event: 2.036 Thread 0x000075cb0001a460 Exception <a 'java/lang/NoSuchMethodError'{0x000000076e849b28}: 'java.lang.Object java.lang.invoke.DirectMethodHandle$Holder.invokeInterface(java.lang.Object, java.lang.Object)'> (0x000000076e849b28) 
thrown [./src/hotspot/share/interpreter/linkResolver.cpp, line 772]
Event: 2.186 Thread 0x000075cb0001a460 Exception <a 'java/lang/NoSuchMethodError'{0x000000076d4106c0}: 'java.lang.Object java.lang.invoke.DirectMethodHandle$Holder.newInvokeSpecial(java.lang.Object, java.lang.Object, java.lang.Object, java.lang.Object, java.lang.Object, java.lang.Object)'> (0x000000076d4106c0) 
thrown [./src/hotspot/share/interpreter/linkResolver.cpp, line 772]
Event: 2.248 Thread 0x000075cb0001a460 Exception <a 'java/lang/NoSuchMethodError'{0x000000076d11b7c8}: 'java.lang.Object java.lang.invoke.DirectMethodHandle$Holder.invokeStaticInit(java.lang.Object, int)'> (0x000000076d11b7c8) 
thrown [./src/hotspot/share/interpreter/linkResolver.cpp, line 772]
Event: 2.396 Thread 0x000075cb0001a460 Exception <a 'java/lang/NoSuchMethodError'{0x000000076be03480}: 'void java.lang.invoke.DirectMethodHandle$Holder.invokeVirtual(java.lang.Object, java.lang.Object)'> (0x000000076be03480) 
thrown [./src/hotspot/share/interpreter/linkResolver.cpp, line 772]
Event: 2.397 Thread 0x000075cb0001a460 Exception <a 'java/lang/IncompatibleClassChangeError'{0x000000076be0ada8}: Found class java.lang.Object, but interface was expected> (0x000000076be0ada8) 
thrown [./src/hotspot/share/interpreter/linkResolver.cpp, line 840]
Event: 2.397 Thread 0x000075cb0001a460 Exception <a 'java/lang/NoSuchMethodError'{0x000000076be0fde8}: 'int java.lang.invoke.DirectMethodHandle$Holder.invokeVirtual(java.lang.Object, java.lang.Object)'> (0x000000076be0fde8) 
thrown [./src/hotspot/share/interpreter/linkResolver.cpp, line 772]
Event: 2.581 Thread 0x000075cb0001a460 Exception <a 'java/lang/NoSuchMethodError'{0x0000000769902e68}: 'int java.lang.invoke.DirectMethodHandle$Holder.invokeInterface(java.lang.Object, java.lang.Object)'> (0x0000000769902e68) 
thrown [./src/hotspot/share/interpreter/linkResolver.cpp, line 772]

ZGC Phase Switch (0 events):
No events

VM Operations (20 events):
Event: 1.355 Executing non-safepoint VM operation: HandshakeAllThreads (Deoptimize)
Event: 1.355 Executing non-safepoint VM operation: HandshakeAllThreads (Deoptimize) done
Event: 1.423 Executing safepoint VM operation: ICBufferFull
Event: 1.423 Executing safepoint VM operation: ICBufferFull done
Event: 1.636 Executing non-safepoint VM operation: HandshakeAllThreads (Deoptimize)
Event: 1.636 Executing non-safepoint VM operation: HandshakeAllThreads (Deoptimize) done
Event: 1.636 Executing non-safepoint VM operation: HandshakeAllThreads (Deoptimize)
Event: 1.636 Executing non-safepoint VM operation: HandshakeAllThreads (Deoptimize) done
Event: 1.649 Executing safepoint VM operation: ICBufferFull
Event: 1.649 Executing safepoint VM operation: ICBufferFull done
Event: 1.840 Executing safepoint VM operation: G1CollectForAllocation (G1 Evacuation Pause)
Event: 1.854 Executing safepoint VM operation: G1CollectForAllocation (G1 Evacuation Pause) done
Event: 2.181 Executing safepoint VM operation: ICBufferFull
Event: 2.181 Executing safepoint VM operation: ICBufferFull done
Event: 2.460 Executing safepoint VM operation: CollectForMetadataAllocation (Metadata GC Threshold)
Event: 2.472 Executing safepoint VM operation: CollectForMetadataAllocation (Metadata GC Threshold) done
Event: 2.488 Executing safepoint VM operation: G1PauseRemark
Event: 2.492 Executing safepoint VM operation: G1PauseRemark done
Event: 2.504 Executing safepoint VM operation: G1PauseCleanup
Event: 2.504 Executing safepoint VM operation: G1PauseCleanup done

Memory protections (17 events):
Event: 0.002 Protecting memory [0x000075cb07b00000,0x000075cb07b04000] with protection modes 0
Event: 0.019 Protecting memory [0x000075cad9700000,0x000075cad9704000] with protection modes 0
Event: 0.019 Protecting memory [0x000075cad9600000,0x000075cad9604000] with protection modes 0
Event: 0.019 Protecting memory [0x000075cad9500000,0x000075cad9504000] with protection modes 0
Event: 0.019 Protecting memory [0x000075cad9400000,0x000075cad9404000] with protection modes 0
Event: 0.020 Protecting memory [0x000075cad9300000,0x000075cad9304000] with protection modes 0
Event: 0.020 Protecting memory [0x000075cad9200000,0x000075cad9204000] with protection modes 0
Event: 0.020 Protecting memory [0x000075cad9100000,0x000075cad9104000] with protection modes 0
Event: 0.023 Protecting memory [0x000075cad9000000,0x000075cad9004000] with protection modes 0
Event: 0.024 Protecting memory [0x000075cad8f00000,0x000075cad8f04000] with protection modes 0
Event: 0.100 Protecting memory [0x000075cad8e00000,0x000075cad8e04000] with protection modes 0
Event: 0.400 Protecting memory [0x000075cad8e00000,0x000075cad8e04000] with protection modes 0
Event: 2.324 Protecting memory [0x000075cad89fd000,0x000075cad8a01000] with protection modes 0
Event: 2.367 Protecting memory [0x000075cad88fd000,0x000075cad8901000] with protection modes 0
Event: 2.368 Protecting memory [0x000075cad86fd000,0x000075cad8701000] with protection modes 0
Event: 2.368 Protecting memory [0x000075cad85fd000,0x000075cad8601000] with protection modes 0
Event: 2.369 Protecting memory [0x000075cad87fd000,0x000075cad8801000] with protection modes 0

Nmethod flushes (0 events):
No events

Events (18 events):
Event: 0.012 Thread 0x000075cb0001a460 Thread added: 0x000075cb0001a460
Event: 0.019 Thread 0x000075cb0001a460 Thread added: 0x000075cb000fe9d0
Event: 0.019 Thread 0x000075cb0001a460 Thread added: 0x000075cb000fff50
Event: 0.019 Thread 0x000075cb0001a460 Thread added: 0x000075cb001016f0
Event: 0.019 Thread 0x000075cb0001a460 Thread added: 0x000075cb00102d40
Event: 0.020 Thread 0x000075cb0001a460 Thread added: 0x000075cb001042f0
Event: 0.020 Thread 0x000075cb0001a460 Thread added: 0x000075cb00105e40
Event: 0.020 Thread 0x000075cb0001a460 Thread added: 0x000075cb00107510
Event: 0.023 Thread 0x000075cb0001a460 Thread added: 0x000075cb0015b330
Event: 0.024 Thread 0x000075cb0001a460 Thread added: 0x000075cb0015e670
Event: 0.100 Thread 0x000075cb0001a460 Thread added: 0x000075cb00322860
Event: 0.113 Thread 0x000075cb00322860 Thread exited: 0x000075cb00322860
Event: 0.400 Thread 0x000075cb00107510 Thread added: 0x000075ca6021ca20
Event: 2.324 Thread 0x000075cb0001a460 Thread added: 0x000075cb00d9c650
Event: 2.367 Thread 0x000075cb0001a460 Thread added: 0x000075cb00d6b710
Event: 2.368 Thread 0x000075cb0001a460 Thread added: 0x000075cb00d9f0f0
Event: 2.368 Thread 0x000075cb0001a460 Thread added: 0x000075cb00da0620
Event: 2.368 Thread 0x000075cb0001a460 Thread added: 0x000075cb00da1b60


Dynamic libraries:
765e00000-76aa00000 rw-p 00000000 00:00 0 
76aa00000-76b200000 ---p 00000000 00:00 0 
76b200000-76b800000 rw-p 00000000 00:00 0 
76b800000-771600000 ---p 00000000 00:00 0 
771600000-771a00000 rw-p 00000000 00:00 0 
771a00000-7ffe00000 ---p 00000000 00:00 0 
7ffe00000-7fff0d000 rw-p 00cdb000 08:01 6300084                          /usr/lib/jvm/java-21-openjdk-amd64/lib/server/classes.jsa
7fff0d000-800000000 rw-p 00000000 00:00 0 
62bfb4937000-62bfb4938000 r--p 00000000 08:01 6291496                    /usr/lib/jvm/java-21-openjdk-amd64/bin/java
62bfb4938000-62bfb4939000 r-xp 00001000 08:01 6291496                    /usr/lib/jvm/java-21-openjdk-amd64/bin/java
62bfb4939000-62bfb493a000 r--p 00002000 08:01 6291496                    /usr/lib/jvm/java-21-openjdk-amd64/bin/java
62bfb493a000-62bfb493b000 r--p 00002000 08:01 6291496                    /usr/lib/jvm/java-21-openjdk-amd64/bin/java
62bfb493b000-62bfb493c000 rw-p 00003000 08:01 6291496                    /usr/lib/jvm/java-21-openjdk-amd64/bin/java
62bfb7dc0000-62bfb7e07000 rw-p 00000000 00:00 0                          [heap]
75ca38000000-75ca38021000 rw-p 00000000 00:00 0 
75ca38021000-75ca3c000000 ---p 00000000 00:00 0 
75ca3c000000-75ca3c021000 rw-p 00000000 00:00 0 
75ca3c021000-75ca40000000 ---p 00000000 00:00 0 
75ca40000000-75ca40021000 rw-p 00000000 00:00 0 
75ca40021000-75ca44000000 ---p 00000000 00:00 0 
75ca44000000-75ca44021000 rw-p 00000000 00:00 0 
75ca44021000-75ca48000000 ---p 00000000 00:00 0 
75ca48000000-75ca48021000 rw-p 00000000 00:00 0 
75ca48021000-75ca4c000000 ---p 00000000 00:00 0 
75ca4c000000-75ca4c021000 rw-p 00000000 00:00 0 
75ca4c021000-75ca50000000 ---p 00000000 00:00 0 
75ca50000000-75ca50021000 rw-p 00000000 00:00 0 
75ca50021000-75ca54000000 ---p 00000000 00:00 0 
75ca54000000-75ca549f5000 rw-p 00000000 00:00 0 
75ca549f5000-75ca58000000 ---p 00000000 00:00 0 
75ca58000000-75ca58021000 rw-p 00000000 00:00 0 
75ca58021000-75ca5c000000 ---p 00000000 00:00 0 
75ca5c000000-75ca5c040000 rw-p 00000000 00:00 0 
75ca5c040000-75ca60000000 ---p 00000000 00:00 0 
75ca60000000-75ca60796000 rw-p 00000000 00:00 0 
75ca60796000-75ca64000000 ---p 00000000 00:00 0 
75ca64000000-75ca64021000 rw-p 00000000 00:00 0 
75ca64021000-75ca68000000 ---p 00000000 00:00 0 
75ca68000000-75ca68021000 rw-p 00000000 00:00 0 
75ca68021000-75ca6c000000 ---p 00000000 00:00 0 
75ca6c000000-75ca6cfe8000 rw-p 00000000 00:00 0 
75ca6cfe8000-75ca70000000 ---p 00000000 00:00 0 
75ca70000000-75ca70021000 rw-p 00000000 00:00 0 
75ca70021000-75ca74000000 ---p 00000000 00:00 0 
75ca74000000-75ca74021000 rw-p 00000000 00:00 0 
75ca74021000-75ca78000000 ---p 00000000 00:00 0 
75ca78000000-75ca78021000 rw-p 00000000 00:00 0 
75ca78021000-75ca7c000000 ---p 00000000 00:00 0 
75ca7c000000-75ca7c021000 rw-p 00000000 00:00 0 
75ca7c021000-75ca80000000 ---p 00000000 00:00 0 
75ca80000000-75ca80021000 rw-p 00000000 00:00 0 
75ca80021000-75ca84000000 ---p 00000000 00:00 0 
75ca87000000-75ca87400000 rw-p 00000000 00:00 0 
75ca87400000-75ca884c0000 rw-p 00000000 00:00 0 
75ca884c0000-75ca8b000000 ---p 00000000 00:00 0 
75ca8b000000-75ca8bc9c000 rw-p 00001000 08:01 6300084                    /usr/lib/jvm/java-21-openjdk-amd64/lib/server/classes.jsa
75ca8bc9c000-75ca8c000000 ---p 00000000 00:00 0 
75ca8c000000-75ca8c040000 rw-p 00000000 00:00 0 
75ca8c040000-75ca8c080000 rw-p 00000000 00:00 0 
75ca8c080000-75ca8c1c0000 rw-p 00000000 00:00 0 
75ca8c1c0000-75ca8c1e0000 rw-p 00000000 00:00 0 
75ca8c1e0000-75ca8c200000 ---p 00000000 00:00 0 
75ca8c200000-75ca8c2d0000 rw-p 00000000 00:00 0 
75ca8c2d0000-75cacc000000 ---p 00000000 00:00 0 
75cacc000000-75cacc021000 rw-p 00000000 00:00 0 
75cacc021000-75cad0000000 ---p 00000000 00:00 0 
75cad0000000-75cad0021000 rw-p 00000000 00:00 0 
75cad0021000-75cad4000000 ---p 00000000 00:00 0 
75cad4000000-75cad4021000 rw-p 00000000 00:00 0 
75cad4021000-75cad8000000 ---p 00000000 00:00 0 
75cad8319000-75cad85fd000 rw-p 00000000 00:00 0 
75cad85fd000-75cad8601000 ---p 00000000 00:00 0 
75cad8601000-75cad86fd000 rw-p 00000000 00:00 0 
75cad86fd000-75cad8701000 ---p 00000000 00:00 0 
75cad8701000-75cad87fd000 rw-p 00000000 00:00 0 
75cad87fd000-75cad8801000 ---p 00000000 00:00 0 
75cad8801000-75cad88fd000 rw-p 00000000 00:00 0 
75cad88fd000-75cad8901000 ---p 00000000 00:00 0 
75cad8901000-75cad89fd000 rw-p 00000000 00:00 0 
75cad89fd000-75cad8a01000 ---p 00000000 00:00 0 
75cad8a01000-75cad8afd000 rw-p 00000000 00:00 0 
75cad8afd000-75cad8afe000 ---p 00000000 00:00 0 
75cad8afe000-75cad8bfe000 rw-p 00000000 00:00 0 
75cad8bfe000-75cad8bff000 ---p 00000000 00:00 0 
75cad8bff000-75cad8cff000 rw-p 00000000 00:00 0 
75cad8cff000-75cad8d00000 ---p 00000000 00:00 0 
75cad8d00000-75cad8e00000 rw-p 00000000 00:00 0 
75cad8e00000-75cad8e04000 ---p 00000000 00:00 0 
75cad8e04000-75cad8f00000 rw-p 00000000 00:00 0 
75cad8f00000-75cad8f04000 ---p 00000000 00:00 0 
75cad8f04000-75cad9000000 rw-p 00000000 00:00 0 
75cad9000000-75cad9004000 ---p 00000000 00:00 0 
75cad9004000-75cad9100000 rw-p 00000000 00:00 0 
75cad9100000-75cad9104000 ---p 00000000 00:00 0 
75cad9104000-75cad9200000 rw-p 00000000 00:00 0 
75cad9200000-75cad9204000 ---p 00000000 00:00 0 
75cad9204000-75cad9300000 rw-p 00000000 00:00 0 
75cad9300000-75cad9304000 ---p 00000000 00:00 0 
75cad9304000-75cad9400000 rw-p 00000000 00:00 0 
75cad9400000-75cad9404000 ---p 00000000 00:00 0 
75cad9404000-75cad9500000 rw-p 00000000 00:00 0 
75cad9500000-75cad9504000 ---p 00000000 00:00 0 
75cad9504000-75cad9600000 rw-p 00000000 00:00 0 
75cad9600000-75cad9604000 ---p 00000000 00:00 0 
75cad9604000-75cad9700000 rw-p 00000000 00:00 0 
75cad9700000-75cad9704000 ---p 00000000 00:00 0 
75cad9704000-75cad9800000 rw-p 00000000 00:00 0 
75cad9800000-75cad9d75000 r--p 00000000 08:01 5767242                    /usr/lib/locale/locale-archive
75cad9dfe000-75cad9dff000 ---p 00000000 00:00 0 
75cad9dff000-75cad9eff000 rw-p 00000000 00:00 0 
75cad9eff000-75cad9f00000 ---p 00000000 00:00 0 
75cad9f00000-75cada000000 rw-p 00000000 00:00 0 
75cada000000-75cadc021000 rw-p 00000000 00:00 0 
75cadc021000-75cae0000000 ---p 00000000 00:00 0 
75cae0000000-75cae0021000 rw-p 00000000 00:00 0 
75cae0021000-75cae4000000 ---p 00000000 00:00 0 
75cae4000000-75cae4021000 rw-p 00000000 00:00 0 
75cae4021000-75cae8000000 ---p 00000000 00:00 0 
75cae80f9000-75cae80fa000 ---p 00000000 00:00 0 
75cae80fa000-75cae81fa000 rw-p 00000000 00:00 0 
75cae81fa000-75cae81fb000 ---p 00000000 00:00 0 
75cae81fb000-75cae82fb000 rw-p 00000000 00:00 0 
75cae82fb000-75cae86ff000 rw-p 00000000 00:00 0 
75cae86ff000-75cae8700000 ---p 00000000 00:00 0 
75cae8700000-75cae8800000 rw-p 00000000 00:00 0 
75cae8800000-75cae90b0000 rwxp 00000000 00:00 0 
75cae90b0000-75caefd37000 ---p 00000000 00:00 0 
75caefd37000-75caeffa7000 rwxp 00000000 00:00 0 
75caeffa7000-75caf02c8000 ---p 00000000 00:00 0 
75caf02c8000-75caf0538000 rwxp 00000000 00:00 0 
75caf0538000-75caf7800000 ---p 00000000 00:00 0 
75caf7800000-75caffe3e000 r--s 00000000 08:01 6300083                    /usr/lib/jvm/java-21-openjdk-amd64/lib/modules
75caffeff000-75cafff00000 ---p 00000000 00:00 0 
75cafff00000-75cb00000000 rw-p 00000000 00:00 0 
75cb00000000-75cb01104000 rw-p 00000000 00:00 0 
75cb01104000-75cb04000000 ---p 00000000 00:00 0 
75cb04000000-75cb04004000 r--p 00000000 08:01 6300081                    /usr/lib/jvm/java-21-openjdk-amd64/lib/libverify.so
75cb04004000-75cb0400b000 r-xp 00004000 08:01 6300081                    /usr/lib/jvm/java-21-openjdk-amd64/lib/libverify.so
75cb0400b000-75cb0400d000 r--p 0000b000 08:01 6300081                    /usr/lib/jvm/java-21-openjdk-amd64/lib/libverify.so
75cb0400d000-75cb0400f000 r--p 0000c000 08:01 6300081                    /usr/lib/jvm/java-21-openjdk-amd64/lib/libverify.so
75cb0400f000-75cb04010000 rw-p 0000e000 08:01 6300081                    /usr/lib/jvm/java-21-openjdk-amd64/lib/libverify.so
75cb04010000-75cb04012000 r--p 00000000 08:01 6300082                    /usr/lib/jvm/java-21-openjdk-amd64/lib/libzip.so
75cb04012000-75cb04017000 r-xp 00002000 08:01 6300082                    /usr/lib/jvm/java-21-openjdk-amd64/lib/libzip.so
75cb04017000-75cb04019000 r--p 00007000 08:01 6300082                    /usr/lib/jvm/java-21-openjdk-amd64/lib/libzip.so
75cb04019000-75cb0401a000 r--p 00008000 08:01 6300082                    /usr/lib/jvm/java-21-openjdk-amd64/lib/libzip.so
75cb0401a000-75cb0401b000 rw-p 00009000 08:01 6300082                    /usr/lib/jvm/java-21-openjdk-amd64/lib/libzip.so
75cb0401b000-75cb0401e000 r--p 00000000 08:01 6300074                    /usr/lib/jvm/java-21-openjdk-amd64/lib/libnet.so
75cb0401e000-75cb04026000 r-xp 00003000 08:01 6300074                    /usr/lib/jvm/java-21-openjdk-amd64/lib/libnet.so
75cb04026000-75cb04028000 r--p 0000b000 08:01 6300074                    /usr/lib/jvm/java-21-openjdk-amd64/lib/libnet.so
75cb04028000-75cb04029000 r--p 0000c000 08:01 6300074                    /usr/lib/jvm/java-21-openjdk-amd64/lib/libnet.so
75cb04029000-75cb0402a000 rw-p 0000d000 08:01 6300074                    /usr/lib/jvm/java-21-openjdk-amd64/lib/libnet.so
75cb0402a000-75cb0402f000 r--p 00000000 08:01 6300067                    /usr/lib/jvm/java-21-openjdk-amd64/lib/libjsvml.so
75cb0402f000-75cb04070000 r-xp 00005000 08:01 6300067                    /usr/lib/jvm/java-21-openjdk-amd64/lib/libjsvml.so
75cb04070000-75cb040f9000 r--p 00046000 08:01 6300067                    /usr/lib/jvm/java-21-openjdk-amd64/lib/libjsvml.so
75cb040f9000-75cb040fa000 r--p 000ce000 08:01 6300067                    /usr/lib/jvm/java-21-openjdk-amd64/lib/libjsvml.so
75cb040fa000-75cb040fb000 rw-p 000cf000 08:01 6300067                    /usr/lib/jvm/java-21-openjdk-amd64/lib/libjsvml.so
75cb040fb000-75cb040fc000 ---p 00000000 00:00 0 
75cb040fc000-75cb041fc000 rw-p 00000000 00:00 0 
75cb041fc000-75cb0432c000 rw-p 00000000 00:00 0 
75cb0432c000-75cb0434c000 ---p 00000000 00:00 0 
75cb0434c000-75cb04364000 rw-p 00000000 00:00 0 
75cb04364000-75cb044dc000 ---p 00000000 00:00 0 
75cb044dc000-75cb044ec000 rw-p 00000000 00:00 0 
75cb044ec000-75cb0687c000 ---p 00000000 00:00 0 
75cb0687c000-75cb068aa000 rw-p 00000000 00:00 0 
75cb068aa000-75cb068ae000 ---p 00000000 00:00 0 
75cb068ae000-75cb068b1000 rw-p 00000000 00:00 0 
75cb068b1000-75cb068e0000 ---p 00000000 00:00 0 
75cb068e0000-75cb068e2000 rw-p 00000000 00:00 0 
75cb068e2000-75cb06d54000 ---p 00000000 00:00 0 
75cb06d54000-75cb06d7b000 rw-p 00000000 00:00 0 
75cb06d7b000-75cb06d7f000 ---p 00000000 00:00 0 
75cb06d7f000-75cb06d82000 rw-p 00000000 00:00 0 
75cb06d82000-75cb06db1000 ---p 00000000 00:00 0 
75cb06db1000-75cb06db3000 rw-p 00000000 00:00 0 
75cb06db3000-75cb07225000 ---p 00000000 00:00 0 
75cb07225000-75cb0762f000 rw-p 00000000 00:00 0 
75cb0762f000-75cb07715000 ---p 00000000 00:00 0 
75cb07715000-75cb07727000 rw-p 00000000 00:00 0 
75cb07727000-75cb07800000 ---p 00000000 00:00 0 
75cb07800000-75cb0789d000 r--p 00000000 08:01 5779168                    /usr/lib/x86_64-linux-gnu/libstdc++.so.6.0.33
75cb0789d000-75cb079e5000 r-xp 0009d000 08:01 5779168                    /usr/lib/x86_64-linux-gnu/libstdc++.so.6.0.33
75cb079e5000-75cb07a6c000 r--p 001e5000 08:01 5779168                    /usr/lib/x86_64-linux-gnu/libstdc++.so.6.0.33
75cb07a6c000-75cb07a77000 r--p 0026b000 08:01 5779168                    /usr/lib/x86_64-linux-gnu/libstdc++.so.6.0.33
75cb07a77000-75cb07a7a000 rw-p 00276000 08:01 5779168                    /usr/lib/x86_64-linux-gnu/libstdc++.so.6.0.33
75cb07a7a000-75cb07a7e000 rw-p 00000000 00:00 0 
75cb07a7f000-75cb07b00000 rw-p 00000000 00:00 0 
75cb07b00000-75cb07b04000 ---p 00000000 00:00 0 
75cb07b04000-75cb07c00000 rw-p 00000000 00:00 0 
75cb07c00000-75cb07ea2000 r--p 00000000 08:01 6300087                    /usr/lib/jvm/java-21-openjdk-amd64/lib/server/libjvm.so
75cb07ea2000-75cb08d18000 r-xp 002a2000 08:01 6300087                    /usr/lib/jvm/java-21-openjdk-amd64/lib/server/libjvm.so
75cb08d18000-75cb08ff2000 r--p 01118000 08:01 6300087                    /usr/lib/jvm/java-21-openjdk-amd64/lib/server/libjvm.so
75cb08ff2000-75cb090c6000 r--p 013f1000 08:01 6300087                    /usr/lib/jvm/java-21-openjdk-amd64/lib/server/libjvm.so
75cb090c6000-75cb090f6000 rw-p 014c5000 08:01 6300087                    /usr/lib/jvm/java-21-openjdk-amd64/lib/server/libjvm.so
75cb090f6000-75cb0915c000 rw-p 00000000 00:00 0 
75cb0915d000-75cb09164000 r--s 00000000 08:01 5791834                    /usr/lib/x86_64-linux-gnu/gconv/gconv-modules.cache
75cb09164000-75cb09200000 rw-p 00000000 00:00 0 
75cb09200000-75cb09228000 r--p 00000000 08:01 5792426                    /usr/lib/x86_64-linux-gnu/libc.so.6
75cb09228000-75cb093b0000 r-xp 00028000 08:01 5792426                    /usr/lib/x86_64-linux-gnu/libc.so.6
75cb093b0000-75cb093ff000 r--p 001b0000 08:01 5792426                    /usr/lib/x86_64-linux-gnu/libc.so.6
75cb093ff000-75cb09403000 r--p 001fe000 08:01 5792426                    /usr/lib/x86_64-linux-gnu/libc.so.6
75cb09403000-75cb09405000 rw-p 00202000 08:01 5792426                    /usr/lib/x86_64-linux-gnu/libc.so.6
75cb09405000-75cb09412000 rw-p 00000000 00:00 0 
75cb09418000-75cb0941f000 r--p 00000000 08:01 6300075                    /usr/lib/jvm/java-21-openjdk-amd64/lib/libnio.so
75cb0941f000-75cb09428000 r-xp 00007000 08:01 6300075                    /usr/lib/jvm/java-21-openjdk-amd64/lib/libnio.so
75cb09428000-75cb0942c000 r--p 00010000 08:01 6300075                    /usr/lib/jvm/java-21-openjdk-amd64/lib/libnio.so
75cb0942c000-75cb0942d000 r--p 00014000 08:01 6300075                    /usr/lib/jvm/java-21-openjdk-amd64/lib/libnio.so
75cb0942d000-75cb0942e000 rw-p 00015000 08:01 6300075                    /usr/lib/jvm/java-21-openjdk-amd64/lib/libnio.so
75cb0942e000-75cb0945c000 rw-p 00000000 00:00 0 
75cb0945c000-75cb09463000 ---p 00000000 00:00 0 
75cb09463000-75cb09470000 r--p 00000000 08:01 6300060                    /usr/lib/jvm/java-21-openjdk-amd64/lib/libjava.so
75cb09470000-75cb0947f000 r-xp 0000d000 08:01 6300060                    /usr/lib/jvm/java-21-openjdk-amd64/lib/libjava.so
75cb0947f000-75cb09484000 r--p 0001c000 08:01 6300060                    /usr/lib/jvm/java-21-openjdk-amd64/lib/libjava.so
75cb09484000-75cb09485000 r--p 00021000 08:01 6300060                    /usr/lib/jvm/java-21-openjdk-amd64/lib/libjava.so
75cb09485000-75cb09486000 rw-p 00022000 08:01 6300060                    /usr/lib/jvm/java-21-openjdk-amd64/lib/libjava.so
75cb09486000-75cb09487000 rw-p 00000000 00:00 0 
75cb09487000-75cb0948f000 rw-s 00000000 08:01 16908378                   /tmp/hsperfdata_kbunny/6890
75cb0948f000-75cb09493000 r--p 00000000 08:01 5778774                    /usr/lib/x86_64-linux-gnu/libgcc_s.so.1
75cb09493000-75cb094b7000 r-xp 00004000 08:01 5778774                    /usr/lib/x86_64-linux-gnu/libgcc_s.so.1
75cb094b7000-75cb094bb000 r--p 00028000 08:01 5778774                    /usr/lib/x86_64-linux-gnu/libgcc_s.so.1
75cb094bb000-75cb094bc000 r--p 0002b000 08:01 5778774                    /usr/lib/x86_64-linux-gnu/libgcc_s.so.1
75cb094bc000-75cb094bd000 rw-p 0002c000 08:01 5778774                    /usr/lib/x86_64-linux-gnu/libgcc_s.so.1
75cb094bd000-75cb094cd000 r--p 00000000 08:01 5792865                    /usr/lib/x86_64-linux-gnu/libm.so.6
75cb094cd000-75cb0954c000 r-xp 00010000 08:01 5792865                    /usr/lib/x86_64-linux-gnu/libm.so.6
75cb0954c000-75cb095a4000 r--p 0008f000 08:01 5792865                    /usr/lib/x86_64-linux-gnu/libm.so.6
75cb095a4000-75cb095a5000 r--p 000e7000 08:01 5792865                    /usr/lib/x86_64-linux-gnu/libm.so.6
75cb095a5000-75cb095a6000 rw-p 000e8000 08:01 5792865                    /usr/lib/x86_64-linux-gnu/libm.so.6
75cb095a6000-75cb095a8000 rw-p 00000000 00:00 0 
75cb095a8000-75cb095aa000 r--p 00000000 08:01 6300064                    /usr/lib/jvm/java-21-openjdk-amd64/lib/libjli.so
75cb095aa000-75cb095b4000 r-xp 00002000 08:01 6300064                    /usr/lib/jvm/java-21-openjdk-amd64/lib/libjli.so
75cb095b4000-75cb095b7000 r--p 0000c000 08:01 6300064                    /usr/lib/jvm/java-21-openjdk-amd64/lib/libjli.so
75cb095b7000-75cb095b8000 r--p 0000f000 08:01 6300064                    /usr/lib/jvm/java-21-openjdk-amd64/lib/libjli.so
75cb095b8000-75cb095b9000 rw-p 00010000 08:01 6300064                    /usr/lib/jvm/java-21-openjdk-amd64/lib/libjli.so
75cb095b9000-75cb095bb000 r--p 00000000 08:01 5779300                    /usr/lib/x86_64-linux-gnu/libz.so.1.3
75cb095bb000-75cb095cd000 r-xp 00002000 08:01 5779300                    /usr/lib/x86_64-linux-gnu/libz.so.1.3
75cb095cd000-75cb095d3000 r--p 00014000 08:01 5779300                    /usr/lib/x86_64-linux-gnu/libz.so.1.3
75cb095d3000-75cb095d4000 r--p 0001a000 08:01 5779300                    /usr/lib/x86_64-linux-gnu/libz.so.1.3
75cb095d4000-75cb095d5000 rw-p 0001b000 08:01 5779300                    /usr/lib/x86_64-linux-gnu/libz.so.1.3
75cb095db000-75cb095dc000 ---p 00000000 00:00 0 
75cb095dc000-75cb095dd000 r--p 00000000 00:00 0 
75cb095dd000-75cb095de000 ---p 00000000 00:00 0 
75cb095de000-75cb095e0000 r--p 00000000 08:01 6300063                    /usr/lib/jvm/java-21-openjdk-amd64/lib/libjimage.so
75cb095e0000-75cb095e3000 r-xp 00002000 08:01 6300063                    /usr/lib/jvm/java-21-openjdk-amd64/lib/libjimage.so
75cb095e3000-75cb095e4000 r--p 00005000 08:01 6300063                    /usr/lib/jvm/java-21-openjdk-amd64/lib/libjimage.so
75cb095e4000-75cb095e5000 r--p 00006000 08:01 6300063                    /usr/lib/jvm/java-21-openjdk-amd64/lib/libjimage.so
75cb095e5000-75cb095e6000 rw-p 00007000 08:01 6300063                    /usr/lib/jvm/java-21-openjdk-amd64/lib/libjimage.so
75cb095e6000-75cb095e8000 rw-p 00000000 00:00 0 
75cb095e8000-75cb095ec000 r--p 00000000 00:00 0                          [vvar]
75cb095ec000-75cb095ee000 r--p 00000000 00:00 0                          [vvar_vclock]
75cb095ee000-75cb095f0000 r-xp 00000000 00:00 0                          [vdso]
75cb095f0000-75cb095f1000 r--p 00000000 08:01 5791883                    /usr/lib/x86_64-linux-gnu/ld-linux-x86-64.so.2
75cb095f1000-75cb0961c000 r-xp 00001000 08:01 5791883                    /usr/lib/x86_64-linux-gnu/ld-linux-x86-64.so.2
75cb0961c000-75cb09626000 r--p 0002c000 08:01 5791883                    /usr/lib/x86_64-linux-gnu/ld-linux-x86-64.so.2
75cb09626000-75cb09628000 r--p 00036000 08:01 5791883                    /usr/lib/x86_64-linux-gnu/ld-linux-x86-64.so.2
75cb09628000-75cb0962a000 rw-p 00038000 08:01 5791883                    /usr/lib/x86_64-linux-gnu/ld-linux-x86-64.so.2
7ffd786a0000-7ffd786c2000 rw-p 00000000 00:00 0                          [stack]
ffffffffff600000-ffffffffff601000 --xp 00000000 00:00 0                  [vsyscall]
Total number of mappings: 257

JVMTI agents: none


VM Arguments:
jvm_args: -Djansi.mode=force -Dclassworlds.conf=/usr/share/maven/bin/m2.conf -Dmaven.home=/usr/share/maven -Dlibrary.jansi.path=/usr/share/maven/lib/jansi-native -Dmaven.multiModuleProjectDirectory=/home/kbunny/Documents/ing.Soft/proyecto/kotliners-adopta-perrito-demo-api 
java_command: org.codehaus.plexus.classworlds.launcher.Launcher spring-boot:run
java_class_path (initial): /usr/share/maven/boot/plexus-classworlds-2.x.jar
Launcher Type: SUN_STANDARD

[Global flags]
     intx CICompilerCount                          = 3                                         {product} {ergonomic}
     uint ConcGCThreads                            = 1                                         {product} {ergonomic}
     uint G1ConcRefinementThreads                  = 4                                         {product} {ergonomic}
   size_t G1HeapRegionSize                         = 2097152                                   {product} {ergonomic}
    uintx GCDrainStackTargetSize                   = 64                                        {product} {ergonomic}
   size_t InitialHeapSize                          = 163577856                                 {product} {ergonomic}
   size_t MarkStackSize                            = 4194304                                   {product} {ergonomic}
   size_t MaxHeapSize                              = 2585788416                                {product} {ergonomic}
   size_t MaxNewSize                               = 1549795328                                {product} {ergonomic}
   size_t MinHeapDeltaBytes                        = 2097152                                   {product} {ergonomic}
   size_t MinHeapSize                              = 8388608                                   {product} {ergonomic}
    uintx NonNMethodCodeHeapSize                   = 5832780                                {pd product} {ergonomic}
    uintx NonProfiledCodeHeapSize                  = 122912730                              {pd product} {ergonomic}
    uintx ProfiledCodeHeapSize                     = 122912730                              {pd product} {ergonomic}
    uintx ReservedCodeCacheSize                    = 251658240                              {pd product} {ergonomic}
     bool SegmentedCodeCache                       = true                                      {product} {ergonomic}
   size_t SoftMaxHeapSize                          = 2585788416                             {manageable} {ergonomic}
     bool UseCompressedOops                        = true                           {product lp64_product} {ergonomic}
     bool UseG1GC                                  = true                                      {product} {ergonomic}

Logging:
Log output configuration:
 #0: stdout all=warning uptime,level,tags foldmultilines=false
 #1: stderr all=off uptime,level,tags foldmultilines=false

Release file:
IMPLEMENTOR="Ubuntu"
JAVA_RUNTIME_VERSION="21.0.10+7-Ubuntu-124.04"
JAVA_VERSION="21.0.10"
JAVA_VERSION_DATE="2026-01-20"
LIBC="gnu"
MODULES="java.base java.compiler java.datatransfer java.xml java.prefs java.desktop java.instrument java.logging java.management java.security.sasl java.naming java.rmi java.management.rmi java.net.http java.scripting java.security.jgss java.transaction.xa java.sql java.sql.rowset java.xml.crypto java.se java.smartcardio jdk.accessibility jdk.internal.jvmstat jdk.attach jdk.charsets jdk.internal.opt jdk.zipfs jdk.compiler jdk.crypto.ec jdk.crypto.cryptoki jdk.dynalink jdk.internal.ed jdk.editpad jdk.hotspot.agent jdk.httpserver jdk.incubator.vector jdk.internal.le jdk.internal.vm.ci jdk.internal.vm.compiler jdk.internal.vm.compiler.management jdk.jartool jdk.javadoc jdk.jcmd jdk.management jdk.management.agent jdk.jconsole jdk.jdeps jdk.jdwp.agent jdk.jdi jdk.jfr jdk.jlink jdk.jpackage jdk.jshell jdk.jsobject jdk.jstatd jdk.localedata jdk.management.jfr jdk.naming.dns jdk.naming.rmi jdk.net jdk.nio.mapmode jdk.random jdk.sctp jdk.security.auth jdk.security.jgss jdk.unsupported jdk.unsupported.desktop jdk.xml.dom"
OS_ARCH="x86_64"
OS_NAME="Linux"
SOURCE=""

Environment Variables:
PATH=/usr/local/sbin:/usr/local/bin:/usr/sbin:/usr/bin:/sbin:/bin:/usr/games:/usr/local/games:/snap/bin:/snap/bin
USERNAME=kbunny
SHELL=/bin/bash
DISPLAY=:0
WAYLAND_DISPLAY=wayland-0
LANG=en_US.UTF-8
TERM=xterm-256color

Active Locale:
LC_ALL=en_US.UTF-8
LC_COLLATE=en_US.UTF-8
LC_CTYPE=en_US.UTF-8
LC_MESSAGES=en_US.UTF-8
LC_MONETARY=en_US.UTF-8
LC_NUMERIC=en_US.UTF-8
LC_TIME=en_US.UTF-8

Signal Handlers:
   SIGSEGV: crash_handler in libjvm.so, mask=11100100010111111101111111111110, flags=SA_RESTART|SA_SIGINFO, unblocked
    SIGBUS: crash_handler in libjvm.so, mask=11100100010111111101111111111110, flags=SA_RESTART|SA_SIGINFO, unblocked
    SIGFPE: crash_handler in libjvm.so, mask=11100100010111111101111111111110, flags=SA_RESTART|SA_SIGINFO, unblocked
   SIGPIPE: javaSignalHandler in libjvm.so, mask=11100100010111111101111111111110, flags=SA_RESTART|SA_SIGINFO, blocked
   SIGXFSZ: javaSignalHandler in libjvm.so, mask=11100100010111111101111111111110, flags=SA_RESTART|SA_SIGINFO, blocked
    SIGILL: crash_handler in libjvm.so, mask=11100100010111111101111111111110, flags=SA_RESTART|SA_SIGINFO, unblocked
   SIGUSR2: SR_handler in libjvm.so, mask=00000000000000000000000000000000, flags=SA_RESTART|SA_SIGINFO, blocked
    SIGHUP: UserHandler in libjvm.so, mask=11100100010111111101111111111110, flags=SA_RESTART|SA_SIGINFO, blocked
    SIGINT: UserHandler in libjvm.so, mask=11100100010111111101111111111110, flags=SA_RESTART|SA_SIGINFO, blocked
   SIGTERM: UserHandler in libjvm.so, mask=11100100010111111101111111111110, flags=SA_RESTART|SA_SIGINFO, blocked
   SIGQUIT: UserHandler in libjvm.so, mask=11100100010111111101111111111110, flags=SA_RESTART|SA_SIGINFO, blocked
   SIGTRAP: crash_handler in libjvm.so, mask=11100100010111111101111111111110, flags=SA_RESTART|SA_SIGINFO, unblocked


Periodic native trim disabled

---------------  S Y S T E M  ---------------

OS:
DISTRIB_ID=Ubuntu
DISTRIB_RELEASE=24.04
DISTRIB_CODENAME=noble
DISTRIB_DESCRIPTION="Ubuntu 24.04.3 LTS"
uname: Linux 6.17.0-14-generic #14~24.04.1-Ubuntu SMP PREEMPT_DYNAMIC Thu Jan 15 15:52:10 UTC 2 x86_64
OS uptime: 0 days 1:05 hours
libc: glibc 2.39 NPTL 2.39 
rlimit (soft/hard): STACK 8192k/infinity , CORE 0k/infinity , NPROC 38826/38826 , NOFILE 1048576/1048576 , AS infinity/infinity , CPU infinity/infinity , DATA infinity/infinity , FSIZE infinity/infinity , MEMLOCK 1261604k/1261604k
load average: 0.62 0.69 0.62

/proc/meminfo:
MemTotal:       10092852 kB
MemFree:         3744560 kB
MemAvailable:    7229932 kB
Buffers:          178340 kB
Cached:          3547944 kB
SwapCached:            0 kB
Active:          4386676 kB
Inactive:        1264488 kB
Active(anon):    2000300 kB
Inactive(anon):        0 kB
Active(file):    2386376 kB
Inactive(file):  1264488 kB
Unevictable:          32 kB
Mlocked:              32 kB
SwapTotal:       4194300 kB
SwapFree:        4194300 kB
Zswap:                 0 kB
Zswapped:              0 kB
Dirty:             59412 kB
Writeback:             0 kB
AnonPages:       1925164 kB
Mapped:           662536 kB
Shmem:             75420 kB
KReclaimable:     122612 kB
Slab:             357092 kB
SReclaimable:     122612 kB
SUnreclaim:       234480 kB
KernelStack:       14304 kB
PageTables:        33584 kB
SecPageTables:      3056 kB
NFS_Unstable:          0 kB
Bounce:                0 kB
WritebackTmp:          0 kB
CommitLimit:     9240724 kB
Committed_AS:   11731408 kB
VmallocTotal:   34359738367 kB
VmallocUsed:       73144 kB
VmallocChunk:          0 kB
Percpu:             3904 kB
HardwareCorrupted:     0 kB
AnonHugePages:         0 kB
ShmemHugePages:        0 kB
ShmemPmdMapped:        0 kB
FileHugePages:     40960 kB
FilePmdMapped:         0 kB
CmaTotal:              0 kB
CmaFree:               0 kB
Unaccepted:            0 kB
Balloon:               0 kB
HugePages_Total:       0
HugePages_Free:        0
HugePages_Rsvd:        0
HugePages_Surp:        0
Hugepagesize:       2048 kB
Hugetlb:               0 kB
DirectMap4k:      270624 kB
DirectMap2M:     8030208 kB
DirectMap1G:     3145728 kB

/sys/kernel/mm/transparent_hugepage/enabled: always [madvise] never
/sys/kernel/mm/transparent_hugepage/hpage_pmd_size: 2097152
/sys/kernel/mm/transparent_hugepage/defrag (defrag/compaction efforts parameter): always defer defer+madvise [madvise] never

Process Memory:
Virtual Size: 5901496K (peak: 5901496K)
Resident Set Size: 207976K (peak: 274200K) (anon: 182292K, file: 25684K, shmem: 0K)
Swapped out: 0K
C-Heap outstanding allocations: 56952K, retained: 7271K
glibc malloc tunables: (default)

/proc/sys/kernel/threads-max (system-wide limit on the number of threads): 77652
/proc/sys/vm/max_map_count (maximum number of memory map areas a process may have): 1048576
/proc/sys/vm/swappiness (control to define how aggressively the kernel swaps out anonymous memory): 60
/proc/sys/kernel/pid_max (system-wide limit on number of process identifiers): 4194304

container information not found.
Steal ticks since vm start: 0
Steal ticks percentage since vm start:  0.000

CPU: total 4 (initial active 4) (4 cores per cpu, 1 threads per core) family 23 model 24 stepping 1 microcode 0x8108102, cx8, cmov, fxsr, mmx, 3dnowpref, sse, sse2, sse3, ssse3, sse4a, sse4.1, sse4.2, popcnt, lzcnt, tsc, tscinvbit, avx, avx2, aes, clmul, bmi1, bmi2, adx, sha, fma, vzeroupper, clflush, clflushopt, rdtscp, f16c
CPU Model and flags from /proc/cpuinfo:
model name	: AMD Ryzen 3 3300U with Radeon Vega Mobile Gfx
flags		: fpu vme de pse tsc msr pae mce cx8 apic sep mtrr pge mca cmov pat pse36 clflush mmx fxsr sse sse2 ht syscall nx mmxext fxsr_opt pdpe1gb rdtscp lm constant_tsc rep_good nopl nonstop_tsc cpuid extd_apicid aperfmperf rapl pni pclmulqdq monitor ssse3 fma cx16 sse4_1 sse4_2 movbe popcnt aes xsave avx f16c rdrand lahf_lm cmp_legacy extapic cr8_legacy abm sse4a misalignsse 3dnowprefetch osvw skinit wdt tce topoext perfctr_core perfctr_nb bpext perfctr_llc mwaitx cpb hw_pstate ssbd ibpb vmmcall fsgsbase bmi1 avx2 smep bmi2 rdseed adx smap clflushopt sha_ni xsaveopt xsavec xgetbv1 clzero xsaveerptr arat npt lbrv svm_lock nrip_save tsc_scale vmcb_clean flushbyasid decodeassists pausefilter pfthreshold avic v_vmsave_vmload vgif overflow_recov succor smca sev sev_es

Online cpus: 0-3
Offline cpus: 
BIOS frequency limitation: 2100000
Frequency switch latency (ns): 0
Available cpu frequencies: 2100000 1700000 1400000 
Current governor: schedutil
Core performance/turbo boost: 1

Memory: 4k page, physical 10092852k(7229932k free), swap 4194300k(4194300k free)
Page Sizes: 4k

vm_info: OpenJDK 64-Bit Server VM (21.0.10+7-Ubuntu-124.04) for linux-amd64 JRE (21.0.10+7-Ubuntu-124.04), built on 2026-01-22T23:46:23Z by "buildd" with gcc 13.3.0

END.
