#
# A fatal error has been detected by the Java Runtime Environment:
#
#  SIGSEGV (0xb) at pc=0x0000753de0bdc7c4, pid=6125, tid=6159
#
# JRE version: OpenJDK Runtime Environment (21.0.10+7) (build 21.0.10+7-Ubuntu-124.04)
# Java VM: OpenJDK 64-Bit Server VM (21.0.10+7-Ubuntu-124.04, mixed mode, sharing, tiered, compressed oops, compressed class ptrs, g1 gc, linux-amd64)
# Problematic frame:
# V  [libjvm.so+0x5dc7c4]  ciVirtualCallData::translate_from(ProfileData const*)+0x74
#
# Core dump will be written. Default location: Core dumps may be processed with "/usr/share/apport/apport -p%p -s%s -c%c -d%d -P%P -u%u -g%g -F%F -- %E" (or dumping to /home/kbunny/Documents/ing.Soft/proyecto/kotliners-adopta-perrito-demo-api/core.6125)
#
# If you would like to submit a bug report, please visit:
#   https://bugs.launchpad.net/ubuntu/+source/openjdk-21
#

---------------  S U M M A R Y ------------

Command Line: -Djansi.mode=force -Dclassworlds.conf=/usr/share/maven/bin/m2.conf -Dmaven.home=/usr/share/maven -Dlibrary.jansi.path=/usr/share/maven/lib/jansi-native -Dmaven.multiModuleProjectDirectory=/home/kbunny/Documents/ing.Soft/proyecto/kotliners-adopta-perrito-demo-api org.codehaus.plexus.classworlds.launcher.Launcher spring-boot:run

Host: AMD Ryzen 3 3300U with Radeon Vega Mobile Gfx, 4 cores, 9G, Ubuntu 24.04.3 LTS
Time: Mon Mar  2 11:07:43 2026 CST elapsed time: 1.663630 seconds (0d 0h 0m 1s)

---------------  T H R E A D  ---------------

Current thread (0x0000753ddc1074e0):  JavaThread "C1 CompilerThread0" daemon [_thread_in_vm, id=6159, stack(0x0000753db1d00000,0x0000753db1e00000) (1024K)]


Current CompileTask:
C1:1663 1843       3       jdk.internal.org.objectweb.asm.MethodWriter::computeAllFrames (510 bytes)

Stack: [0x0000753db1d00000,0x0000753db1e00000],  sp=0x0000753db1dfd8d0,  free space=1014k
Native frames: (J=compiled Java code, j=interpreted, Vv=VM code, C=native code)
V  [libjvm.so+0x5dc7c4]  ciVirtualCallData::translate_from(ProfileData const*)+0x74
V  [libjvm.so+0x5d9e9f]  ciMethodData::load_data()+0x36f
V  [libjvm.so+0x5d79b0]  ciMethod::ensure_method_data()+0x170
V  [libjvm.so+0x4fd2de]  GraphBuilder::try_inline_full(ciMethod*, bool, bool, Bytecodes::Code, Instruction*)+0x19e
V  [libjvm.so+0x4f6ab1]  GraphBuilder::try_inline(ciMethod*, bool, bool, Bytecodes::Code, Instruction*)+0x111
V  [libjvm.so+0x4f6fd9]  GraphBuilder::invoke(Bytecodes::Code)+0x469
V  [libjvm.so+0x4f89fd]  GraphBuilder::iterate_bytecodes_for_block(int)+0xb0d
V  [libjvm.so+0x4fd00a]  GraphBuilder::iterate_all_blocks(bool)+0x7a
V  [libjvm.so+0x4ff455]  GraphBuilder::GraphBuilder(Compilation*, IRScope*)+0x6a5
V  [libjvm.so+0x5048da]  IRScope::IRScope(Compilation*, IRScope*, int, ciMethod*, int, bool)+0x18a
V  [libjvm.so+0x50497c]  IR::IR(Compilation*, ciMethod*, int)+0x8c
V  [libjvm.so+0x4dc9d3]  Compilation::build_hir() [clone .part.0]+0x143
V  [libjvm.so+0x4de86b]  Compilation::compile_java_method()+0x38b
V  [libjvm.so+0x4dea22]  Compilation::compile_method()+0x112
V  [libjvm.so+0x4dee1b]  Compilation::Compilation(AbstractCompiler*, ciEnv*, ciMethod*, int, BufferBlob*, bool, DirectiveSet*)+0x1fb
V  [libjvm.so+0x4dfcfa]  Compiler::compile_method(ciEnv*, ciMethod*, int, bool, DirectiveSet*)+0xba
V  [libjvm.so+0x670b23]  CompileBroker::invoke_compiler_on_method(CompileTask*)+0xc73
V  [libjvm.so+0x673d48]  CompileBroker::compiler_thread_loop()+0x6d8
V  [libjvm.so+0x92c066]  JavaThread::thread_main_inner()+0x1e6
V  [libjvm.so+0xf8fef7]  Thread::call_run()+0xa7
V  [libjvm.so+0xd06565]  thread_native_entry(Thread*)+0xd5
C  [libc.so.6+0x9caa4]

siginfo: si_signo: 11 (SIGSEGV), si_code: 1 (SEGV_MAPERR), si_addr: 0x0000000200000098

Registers:
RAX=0x0000753d5f21de88, RBX=0x0000000000000002, RCX=0x0000753de1a073f8, RDX=0x0000000000000004
RSP=0x0000753db1dfd8d0, RBP=0x0000753db1dfd910, RSI=0x0000000200000000, RDI=0x0000753d38080720
R8 =0x0000000000000000, R9 =0x0000000000000000, R10=0x0000000000000000, R11=0x0000753d63ae4768
R12=0x0000753d38080720, R13=0x0000000000000004, R14=0x0000753de1acc1c0, R15=0x0000753d38080710
RIP=0x0000753de0bdc7c4, EFLAGS=0x0000000000010206, CSGSFS=0x002b000000000033, ERR=0x0000000000000004
  TRAPNO=0x000000000000000e

XMM[0]=0x0000753d38080650 0x0000753d3807dac0
XMM[1]=0x0000000000000000 0x0000753ddc1074e0
XMM[2]=0x0000000000000000 0x0000753ddc1074e0
XMM[3]=0x0000000000000000 0x0000000000100000
XMM[4]=0x0000753d3807f048 0x0000753d3807dac0
XMM[5]=0x1904360047b80404 0xed0050eb0083b806
XMM[6]=0x0000000000000000 0x0000000000000000
XMM[7]=0x0000000000000000 0x0000000000000000
XMM[8]=0x00a107ed08ed0836 0x64040056ea061908
XMM[9]=0x0000000000000000 0x0000000000000000
XMM[10]=0x3f3f3f3f3f3f3f3f 0x3f3f3f3f3f3f3f3f
XMM[11]=0x9999999999999999 0x9999999999999999
XMM[12]=0x2020202020202020 0x2020202020202020
XMM[13]=0x0000000000000000 0x0000000000000000
XMM[14]=0x0000000000000000 0x0000000000000000
XMM[15]=0x0000000000000000 0x0000000000000000
  MXCSR=0x00001fa2


Register to memory mapping:

RAX=0x0000753d5f21de88 is pointing into metadata
RBX=0x0000000000000002 is an unknown value
RCX=0x0000753de1a073f8: <offset 0x00000000014073f8> in /usr/lib/jvm/java-21-openjdk-amd64/lib/server/libjvm.so at 0x0000753de0600000
RDX=0x0000000000000004 is an unknown value
RSP=0x0000753db1dfd8d0 is pointing into the stack for thread: 0x0000753ddc1074e0
RBP=0x0000753db1dfd910 is pointing into the stack for thread: 0x0000753ddc1074e0
RSI=0x0000000200000000 is an unknown value
RDI=0x0000753d38080720 points into unknown readable memory: 0x0000753de1a073f8 | f8 73 a0 e1 3d 75 00 00
R8 =0x0 is null
R9 =0x0 is null
R10=0x0 is null
R11=0x0000753d63ae4768 is pointing into metadata
R12=0x0000753d38080720 points into unknown readable memory: 0x0000753de1a073f8 | f8 73 a0 e1 3d 75 00 00
R13=0x0000000000000004 is an unknown value
R14=0x0000753de1acc1c0: <offset 0x00000000014cc1c0> in /usr/lib/jvm/java-21-openjdk-amd64/lib/server/libjvm.so at 0x0000753de0600000
R15=0x0000753d38080710 points into unknown readable memory: 0x0000753de1a9d270 | 70 d2 a9 e1 3d 75 00 00

Top of Stack: (sp=0x0000753db1dfd8d0)
0x0000753db1dfd8d0:   0000753d5f21de88 0000753d5f21dca0
0x0000753db1dfd8e0:   0000753db1dfd910 0000753d4451eb78
0x0000753db1dfd8f0:   0000753d5f21dca0 0000753d38080720
0x0000753db1dfd900:   00000000000000a0 0000753d38080710
0x0000753db1dfd910:   0000753db1dfd990 0000753de0bd9e9f
0x0000753db1dfd920:   0000753d3807dac0 0000753d38080650
0x0000753db1dfd930:   0000000000028310 0000753d38085aa8
0x0000753db1dfd940:   0000753d38080650 0000753d3807dac0
0x0000753db1dfd950:   0000753ddc1057f0 0000753d5f21ddd0
0x0000753db1dfd960:   0000753d4451ea80 0000753d4451e9c0
0x0000753db1dfd970:   0000753d63371ca8 0000753ddc1074e0
0x0000753db1dfd980:   0000753db1dfd9a0 0000000000000001
0x0000753db1dfd990:   0000753db1dfd9d0 0000753de0bd79b0
0x0000753db1dfd9a0:   0000753d63371ca8 0000753ddc1074e0
0x0000753db1dfd9b0:   0000753d4451e9c0 00000000000000b7
0x0000753db1dfd9c0:   0000753db1dfddf0 0000000000000000
0x0000753db1dfd9d0:   0000753db1dfda70 0000753de0afd2de
0x0000753db1dfd9e0:   0000753ddc0f1240 0000753db1dfda40
0x0000753db1dfd9f0:   0000753db1dfda40 0000753db1dfddf0
0x0000753db1dfda00:   0000753db1dfda30 0000753de0c89cd1
0x0000753db1dfda10:   0000753db1dfda50 0000753ddc1074e0
0x0000753db1dfda20:   0000753db1dfe1f0 0000000000000000
0x0000753db1dfda30:   0000753db1dfda70 0000753de0c81144
0x0000753db1dfda40:   0000753d63371ca8 0000753d4451e9c0
0x0000753db1dfda50:   0000000000000000 0000000000000000
0x0000753db1dfda60:   00000000000000b7 0000753db1dfddf0
0x0000753db1dfda70:   0000753db1dfdac0 0000753de0af6ab1
0x0000753db1dfda80:   0000753db1dfdac0 0000000000000000
0x0000753db1dfda90:   0000753d63adc860 0000000000000000
0x0000753db1dfdaa0:   0000753d4451e9c0 0000753db1dfddf0
0x0000753db1dfdab0:   0000753d4451e9c0 0000000000000000
0x0000753db1dfdac0:   0000753db1dfdb80 0000753de0af6fd9 

Instructions: (pc=0x0000753de0bdc7c4)
0x0000753de0bdc6c4:   83 c4 18 5b 41 5c 41 5d 41 5e 41 5f 5d c3 66 0f
0x0000753de0bdc6d4:   1f 44 00 00 49 8b 47 08 83 c2 01 48 8d 0d 4a fb
0x0000753de0bdc6e4:   ff ff 48 63 d2 48 c7 40 08 00 00 00 00 49 8b 47
0x0000753de0bdc6f4:   08 4a c7 44 e8 08 00 00 00 00 49 8b 47 08 48 c7
0x0000753de0bdc704:   44 d0 08 00 00 00 00 49 8b 07 48 8b 40 28 48 39
0x0000753de0bdc714:   c8 75 19 49 8b 47 08 48 c7 40 10 00 00 00 00 e9
0x0000753de0bdc724:   1d ff ff ff 0f 1f 84 00 00 00 00 00 4c 89 ff ff
0x0000753de0bdc734:   d0 84 c0 0f 85 08 ff ff ff eb d8 48 8b 04 25 08
0x0000753de0bdc744:   00 00 00 0f 0b 0f 1f 80 00 00 00 00 f3 0f 1e fa
0x0000753de0bdc754:   55 48 89 e5 41 57 41 56 41 55 41 54 53 48 83 ec
0x0000753de0bdc764:   18 4c 8d 35 54 fa ee 00 41 8b 06 85 c0 0f 84 9c
0x0000753de0bdc774:   00 00 00 49 89 ff 49 89 f4 31 db eb 19 0f 1f 80
0x0000753de0bdc784:   00 00 00 00 49 8b 47 08 4a c7 44 e8 08 00 00 00
0x0000753de0bdc794:   00 41 3b 1e 73 79 49 8b 04 24 4c 89 e7 ff 50 20
0x0000753de0bdc7a4:   84 c0 0f 84 e3 00 00 00 83 c3 01 49 8b 44 24 08
0x0000753de0bdc7b4:   8d 14 1b 4c 63 ea 4a 8b 74 e8 08 48 85 f6 74 c4
0x0000753de0bdc7c4:   48 8b be 98 00 00 00 89 55 cc 48 89 75 c0 e8 89
0x0000753de0bdc7d4:   14 04 00 8b 55 cc 84 c0 74 4a 66 48 8d 3d 8a 97
0x0000753de0bdc7e4:   ee 00 66 66 48 e8 52 5d cc ff 48 8b 75 c0 48 8b
0x0000753de0bdc7f4:   00 48 8b 80 08 07 00 00 48 8b 78 38 e8 0b 44 00
0x0000753de0bdc804:   00 49 8b 57 08 4a 89 44 ea 08 41 3b 1e 72 87 48
0x0000753de0bdc814:   83 c4 18 5b 41 5c 41 5d 41 5e 41 5f 5d c3 66 0f
0x0000753de0bdc824:   1f 44 00 00 49 8b 47 08 83 c2 01 48 8d 0d fa f9
0x0000753de0bdc834:   ff ff 48 63 d2 48 c7 40 08 00 00 00 00 49 8b 47
0x0000753de0bdc844:   08 4a c7 44 e8 08 00 00 00 00 49 8b 47 08 48 c7
0x0000753de0bdc854:   44 d0 08 00 00 00 00 49 8b 07 48 8b 40 28 48 39
0x0000753de0bdc864:   c8 75 19 49 8b 47 08 48 c7 40 10 00 00 00 00 e9
0x0000753de0bdc874:   1d ff ff ff 0f 1f 84 00 00 00 00 00 4c 89 ff ff
0x0000753de0bdc884:   d0 84 c0 0f 85 08 ff ff ff eb d8 48 8b 04 25 08
0x0000753de0bdc894:   00 00 00 0f 0b 0f 1f 80 00 00 00 00 f3 0f 1e fa
0x0000753de0bdc8a4:   55 48 89 e5 41 54 4c 8d 67 10 48 89 f7 53 48 8b
0x0000753de0bdc8b4:   06 48 89 f3 ff 50 68 4c 89 e7 84 c0 b8 00 00 00 


Stack slot to memory mapping:

stack at sp + 0 slots: 0x0000753d5f21de88 is pointing into metadata
stack at sp + 1 slots: 0x0000753d5f21dca0 is pointing into metadata
stack at sp + 2 slots: 0x0000753db1dfd910 is pointing into the stack for thread: 0x0000753ddc1074e0
stack at sp + 3 slots: 0x0000753d4451eb78 points into unknown readable memory: 0x0000753de1a9d7b0 | b0 d7 a9 e1 3d 75 00 00
stack at sp + 4 slots: 0x0000753d5f21dca0 is pointing into metadata
stack at sp + 5 slots: 0x0000753d38080720 points into unknown readable memory: 0x0000753de1a073f8 | f8 73 a0 e1 3d 75 00 00
stack at sp + 6 slots: 0x00000000000000a0 is an unknown value
stack at sp + 7 slots: 0x0000753d38080710 points into unknown readable memory: 0x0000753de1a9d270 | 70 d2 a9 e1 3d 75 00 00


---------------  P R O C E S S  ---------------

Threads class SMR info:
_java_thread_list=0x0000753d3827bfd0, length=11, elements={
0x0000753ddc01a430, 0x0000753ddc0fe9a0, 0x0000753ddc0fff20, 0x0000753ddc1016c0,
0x0000753ddc102d10, 0x0000753ddc1042c0, 0x0000753ddc105e10, 0x0000753ddc1074e0,
0x0000753ddc15b300, 0x0000753ddc15e640, 0x0000753d3827af90
}

Java Threads: ( => current thread )
  0x0000753ddc01a430 JavaThread "main"                              [_thread_blocked, id=6145, stack(0x0000753de0500000,0x0000753de0600000) (1024K)]
  0x0000753ddc0fe9a0 JavaThread "Reference Handler"          daemon [_thread_blocked, id=6153, stack(0x0000753dc0300000,0x0000753dc0400000) (1024K)]
  0x0000753ddc0fff20 JavaThread "Finalizer"                  daemon [_thread_blocked, id=6154, stack(0x0000753dc0200000,0x0000753dc0300000) (1024K)]
  0x0000753ddc1016c0 JavaThread "Signal Dispatcher"          daemon [_thread_blocked, id=6155, stack(0x0000753dc0100000,0x0000753dc0200000) (1024K)]
  0x0000753ddc102d10 JavaThread "Service Thread"             daemon [_thread_blocked, id=6156, stack(0x0000753dc0000000,0x0000753dc0100000) (1024K)]
  0x0000753ddc1042c0 JavaThread "Monitor Deflation Thread"   daemon [_thread_blocked, id=6157, stack(0x0000753db1f00000,0x0000753db2000000) (1024K)]
  0x0000753ddc105e10 JavaThread "C2 CompilerThread0"         daemon [_thread_blocked, id=6158, stack(0x0000753db1e00000,0x0000753db1f00000) (1024K)]
=>0x0000753ddc1074e0 JavaThread "C1 CompilerThread0"         daemon [_thread_in_vm, id=6159, stack(0x0000753db1d00000,0x0000753db1e00000) (1024K)]
  0x0000753ddc15b300 JavaThread "Notification Thread"        daemon [_thread_blocked, id=6160, stack(0x0000753db1b2f000,0x0000753db1c2f000) (1024K)]
  0x0000753ddc15e640 JavaThread "Common-Cleaner"             daemon [_thread_blocked, id=6161, stack(0x0000753db1a2f000,0x0000753db1b2f000) (1024K)]
  0x0000753d3827af90 JavaThread "C2 CompilerThread1"         daemon [_thread_blocked, id=6165, stack(0x0000753db192f000,0x0000753db1a2f000) (1024K)]
Total: 11

Other Threads:
  0x0000753ddc0f5860 VMThread "VM Thread"                           [id=6152, stack(0x0000753dc09c9000,0x0000753dc0ac9000) (1024K)] _threads_hazard_ptr=0x0000753d3827bfd0
  0x0000753ddc0e3ea0 WatcherThread "VM Periodic Task Thread"        [id=6151, stack(0x0000753dc0aca000,0x0000753dc0bca000) (1024K)]
  0x0000753ddc065d20 WorkerThread "GC Thread#0"                     [id=6146, stack(0x0000753dc13d3000,0x0000753dc14d3000) (1024K)]
  0x0000753d58006970 WorkerThread "GC Thread#1"                     [id=6163, stack(0x0000753db182f000,0x0000753db192f000) (1024K)]
  0x0000753d580071f0 WorkerThread "GC Thread#2"                     [id=6164, stack(0x0000753db172e000,0x0000753db182e000) (1024K)]
  0x0000753ddc070c70 ConcurrentGCThread "G1 Main Marker"            [id=6147, stack(0x0000753dc12d2000,0x0000753dc13d2000) (1024K)]
  0x0000753ddc071b50 WorkerThread "G1 Conc#0"                       [id=6148, stack(0x0000753dc11d1000,0x0000753dc12d1000) (1024K)]
  0x0000753ddc0ca3f0 ConcurrentGCThread "G1 Refine#0"               [id=6149, stack(0x0000753dc0ccc000,0x0000753dc0dcc000) (1024K)]
  0x0000753ddc0cb3c0 ConcurrentGCThread "G1 Service"                [id=6150, stack(0x0000753dc0bcb000,0x0000753dc0ccb000) (1024K)]
Total: 9

Threads with active compile tasks:
C1 CompilerThread0  1712 1843       3       jdk.internal.org.objectweb.asm.MethodWriter::computeAllFrames (510 bytes)
Total: 1

VM state: not at safepoint (normal execution)

VM Mutex/Monitor currently owned by a thread: None

Heap address: 0x0000000765e00000, size: 2466 MB, Compressed Oops mode: Zero based, Oop shift amount: 3

CDS archive(s) mapped at: [0x0000753d63000000-0x0000753d63c9c000-0x0000753d63c9c000), size 13221888, SharedBaseAddress: 0x0000753d63000000, ArchiveRelocationMode: 1.
Compressed class space mapped at: 0x0000753d64000000-0x0000753da4000000, reserved size: 1073741824
Narrow klass base: 0x0000753d63000000, Narrow klass shift: 0, Narrow klass range: 0x100000000

GC Precious Log:
 CardTable entry size: 512
 Card Set container configuration: InlinePtr #cards 4 size 8 Array Of Cards #cards 16 size 48 Howl #buckets 8 coarsen threshold 3686 Howl Bitmap #cards 512 size 80 coarsen threshold 460 Card regions per heap region 1 cards per card region 4096
 CPUs: 4 total, 4 available
 Memory: 9856M
 Large Page Support: Disabled
 NUMA Support: Disabled
 Compressed Oops: Enabled (Zero based)
 Heap Region Size: 2M
 Heap Min Capacity: 8M
 Heap Initial Capacity: 156M
 Heap Max Capacity: 2466M
 Pre-touch: Disabled
 Parallel Workers: 4
 Concurrent Workers: 1
 Concurrent Refinement Workers: 4
 Periodic GC: Disabled

Heap:
 garbage-first heap   total 161792K, used 26833K [0x0000000765e00000, 0x0000000800000000)
  region size 2048K, 14 young (28672K), 1 survivors (2048K)
 Metaspace       used 10801K, committed 11072K, reserved 1114112K
  class space    used 1317K, committed 1472K, reserved 1048576K

Heap Regions: E=young(eden), S=young(survivor), O=old, HS=humongous(starts), HC=humongous(continues), CS=collection set, F=free, TAMS=top-at-mark-start, PB=parsable bottom
|   0|0x0000000765e00000, 0x0000000766000000, 0x0000000766000000|100%| O|  |TAMS 0x0000000765e00000| PB 0x0000000765e00000| Untracked 
|   1|0x0000000766000000, 0x0000000766088608, 0x0000000766200000| 26%| O|  |TAMS 0x0000000766000000| PB 0x0000000766000000| Untracked 
|   2|0x0000000766200000, 0x0000000766200000, 0x0000000766400000|  0%| F|  |TAMS 0x0000000766200000| PB 0x0000000766200000| Untracked 
|   3|0x0000000766400000, 0x0000000766400000, 0x0000000766600000|  0%| F|  |TAMS 0x0000000766400000| PB 0x0000000766400000| Untracked 
|   4|0x0000000766600000, 0x0000000766600000, 0x0000000766800000|  0%| F|  |TAMS 0x0000000766600000| PB 0x0000000766600000| Untracked 
|   5|0x0000000766800000, 0x0000000766800000, 0x0000000766a00000|  0%| F|  |TAMS 0x0000000766800000| PB 0x0000000766800000| Untracked 
|   6|0x0000000766a00000, 0x0000000766a00000, 0x0000000766c00000|  0%| F|  |TAMS 0x0000000766a00000| PB 0x0000000766a00000| Untracked 
|   7|0x0000000766c00000, 0x0000000766c00000, 0x0000000766e00000|  0%| F|  |TAMS 0x0000000766c00000| PB 0x0000000766c00000| Untracked 
|   8|0x0000000766e00000, 0x0000000766e00000, 0x0000000767000000|  0%| F|  |TAMS 0x0000000766e00000| PB 0x0000000766e00000| Untracked 
|   9|0x0000000767000000, 0x0000000767000000, 0x0000000767200000|  0%| F|  |TAMS 0x0000000767000000| PB 0x0000000767000000| Untracked 
|  10|0x0000000767200000, 0x0000000767200000, 0x0000000767400000|  0%| F|  |TAMS 0x0000000767200000| PB 0x0000000767200000| Untracked 
|  11|0x0000000767400000, 0x0000000767400000, 0x0000000767600000|  0%| F|  |TAMS 0x0000000767400000| PB 0x0000000767400000| Untracked 
|  12|0x0000000767600000, 0x0000000767600000, 0x0000000767800000|  0%| F|  |TAMS 0x0000000767600000| PB 0x0000000767600000| Untracked 
|  13|0x0000000767800000, 0x0000000767800000, 0x0000000767a00000|  0%| F|  |TAMS 0x0000000767800000| PB 0x0000000767800000| Untracked 
|  14|0x0000000767a00000, 0x0000000767a00000, 0x0000000767c00000|  0%| F|  |TAMS 0x0000000767a00000| PB 0x0000000767a00000| Untracked 
|  15|0x0000000767c00000, 0x0000000767c00000, 0x0000000767e00000|  0%| F|  |TAMS 0x0000000767c00000| PB 0x0000000767c00000| Untracked 
|  16|0x0000000767e00000, 0x0000000767e00000, 0x0000000768000000|  0%| F|  |TAMS 0x0000000767e00000| PB 0x0000000767e00000| Untracked 
|  17|0x0000000768000000, 0x0000000768000000, 0x0000000768200000|  0%| F|  |TAMS 0x0000000768000000| PB 0x0000000768000000| Untracked 
|  18|0x0000000768200000, 0x0000000768200000, 0x0000000768400000|  0%| F|  |TAMS 0x0000000768200000| PB 0x0000000768200000| Untracked 
|  19|0x0000000768400000, 0x0000000768400000, 0x0000000768600000|  0%| F|  |TAMS 0x0000000768400000| PB 0x0000000768400000| Untracked 
|  20|0x0000000768600000, 0x0000000768600000, 0x0000000768800000|  0%| F|  |TAMS 0x0000000768600000| PB 0x0000000768600000| Untracked 
|  21|0x0000000768800000, 0x0000000768800000, 0x0000000768a00000|  0%| F|  |TAMS 0x0000000768800000| PB 0x0000000768800000| Untracked 
|  22|0x0000000768a00000, 0x0000000768a00000, 0x0000000768c00000|  0%| F|  |TAMS 0x0000000768a00000| PB 0x0000000768a00000| Untracked 
|  23|0x0000000768c00000, 0x0000000768c00000, 0x0000000768e00000|  0%| F|  |TAMS 0x0000000768c00000| PB 0x0000000768c00000| Untracked 
|  24|0x0000000768e00000, 0x0000000768e00000, 0x0000000769000000|  0%| F|  |TAMS 0x0000000768e00000| PB 0x0000000768e00000| Untracked 
|  25|0x0000000769000000, 0x0000000769000000, 0x0000000769200000|  0%| F|  |TAMS 0x0000000769000000| PB 0x0000000769000000| Untracked 
|  26|0x0000000769200000, 0x0000000769200000, 0x0000000769400000|  0%| F|  |TAMS 0x0000000769200000| PB 0x0000000769200000| Untracked 
|  27|0x0000000769400000, 0x0000000769400000, 0x0000000769600000|  0%| F|  |TAMS 0x0000000769400000| PB 0x0000000769400000| Untracked 
|  28|0x0000000769600000, 0x0000000769600000, 0x0000000769800000|  0%| F|  |TAMS 0x0000000769600000| PB 0x0000000769600000| Untracked 
|  29|0x0000000769800000, 0x0000000769800000, 0x0000000769a00000|  0%| F|  |TAMS 0x0000000769800000| PB 0x0000000769800000| Untracked 
|  30|0x0000000769a00000, 0x0000000769a00000, 0x0000000769c00000|  0%| F|  |TAMS 0x0000000769a00000| PB 0x0000000769a00000| Untracked 
|  31|0x0000000769c00000, 0x0000000769c00000, 0x0000000769e00000|  0%| F|  |TAMS 0x0000000769c00000| PB 0x0000000769c00000| Untracked 
|  32|0x0000000769e00000, 0x0000000769e00000, 0x000000076a000000|  0%| F|  |TAMS 0x0000000769e00000| PB 0x0000000769e00000| Untracked 
|  33|0x000000076a000000, 0x000000076a000000, 0x000000076a200000|  0%| F|  |TAMS 0x000000076a000000| PB 0x000000076a000000| Untracked 
|  34|0x000000076a200000, 0x000000076a200000, 0x000000076a400000|  0%| F|  |TAMS 0x000000076a200000| PB 0x000000076a200000| Untracked 
|  35|0x000000076a400000, 0x000000076a400000, 0x000000076a600000|  0%| F|  |TAMS 0x000000076a400000| PB 0x000000076a400000| Untracked 
|  36|0x000000076a600000, 0x000000076a600000, 0x000000076a800000|  0%| F|  |TAMS 0x000000076a600000| PB 0x000000076a600000| Untracked 
|  37|0x000000076a800000, 0x000000076a800000, 0x000000076aa00000|  0%| F|  |TAMS 0x000000076a800000| PB 0x000000076a800000| Untracked 
|  38|0x000000076aa00000, 0x000000076aa00000, 0x000000076ac00000|  0%| F|  |TAMS 0x000000076aa00000| PB 0x000000076aa00000| Untracked 
|  39|0x000000076ac00000, 0x000000076ac00000, 0x000000076ae00000|  0%| F|  |TAMS 0x000000076ac00000| PB 0x000000076ac00000| Untracked 
|  40|0x000000076ae00000, 0x000000076ae00000, 0x000000076b000000|  0%| F|  |TAMS 0x000000076ae00000| PB 0x000000076ae00000| Untracked 
|  41|0x000000076b000000, 0x000000076b000000, 0x000000076b200000|  0%| F|  |TAMS 0x000000076b000000| PB 0x000000076b000000| Untracked 
|  42|0x000000076b200000, 0x000000076b200000, 0x000000076b400000|  0%| F|  |TAMS 0x000000076b200000| PB 0x000000076b200000| Untracked 
|  43|0x000000076b400000, 0x000000076b400000, 0x000000076b600000|  0%| F|  |TAMS 0x000000076b400000| PB 0x000000076b400000| Untracked 
|  44|0x000000076b600000, 0x000000076b600000, 0x000000076b800000|  0%| F|  |TAMS 0x000000076b600000| PB 0x000000076b600000| Untracked 
|  45|0x000000076b800000, 0x000000076b800000, 0x000000076ba00000|  0%| F|  |TAMS 0x000000076b800000| PB 0x000000076b800000| Untracked 
|  46|0x000000076ba00000, 0x000000076ba00000, 0x000000076bc00000|  0%| F|  |TAMS 0x000000076ba00000| PB 0x000000076ba00000| Untracked 
|  47|0x000000076bc00000, 0x000000076bc00000, 0x000000076be00000|  0%| F|  |TAMS 0x000000076bc00000| PB 0x000000076bc00000| Untracked 
|  48|0x000000076be00000, 0x000000076be00000, 0x000000076c000000|  0%| F|  |TAMS 0x000000076be00000| PB 0x000000076be00000| Untracked 
|  49|0x000000076c000000, 0x000000076c000000, 0x000000076c200000|  0%| F|  |TAMS 0x000000076c000000| PB 0x000000076c000000| Untracked 
|  50|0x000000076c200000, 0x000000076c200000, 0x000000076c400000|  0%| F|  |TAMS 0x000000076c200000| PB 0x000000076c200000| Untracked 
|  51|0x000000076c400000, 0x000000076c400000, 0x000000076c600000|  0%| F|  |TAMS 0x000000076c400000| PB 0x000000076c400000| Untracked 
|  52|0x000000076c600000, 0x000000076c600000, 0x000000076c800000|  0%| F|  |TAMS 0x000000076c600000| PB 0x000000076c600000| Untracked 
|  53|0x000000076c800000, 0x000000076c800000, 0x000000076ca00000|  0%| F|  |TAMS 0x000000076c800000| PB 0x000000076c800000| Untracked 
|  54|0x000000076ca00000, 0x000000076ca00000, 0x000000076cc00000|  0%| F|  |TAMS 0x000000076ca00000| PB 0x000000076ca00000| Untracked 
|  55|0x000000076cc00000, 0x000000076cc00000, 0x000000076ce00000|  0%| F|  |TAMS 0x000000076cc00000| PB 0x000000076cc00000| Untracked 
|  56|0x000000076ce00000, 0x000000076ce00000, 0x000000076d000000|  0%| F|  |TAMS 0x000000076ce00000| PB 0x000000076ce00000| Untracked 
|  57|0x000000076d000000, 0x000000076d000000, 0x000000076d200000|  0%| F|  |TAMS 0x000000076d000000| PB 0x000000076d000000| Untracked 
|  58|0x000000076d200000, 0x000000076d200000, 0x000000076d400000|  0%| F|  |TAMS 0x000000076d200000| PB 0x000000076d200000| Untracked 
|  59|0x000000076d400000, 0x000000076d400000, 0x000000076d600000|  0%| F|  |TAMS 0x000000076d400000| PB 0x000000076d400000| Untracked 
|  60|0x000000076d600000, 0x000000076d600000, 0x000000076d800000|  0%| F|  |TAMS 0x000000076d600000| PB 0x000000076d600000| Untracked 
|  61|0x000000076d800000, 0x000000076d800000, 0x000000076da00000|  0%| F|  |TAMS 0x000000076d800000| PB 0x000000076d800000| Untracked 
|  62|0x000000076da00000, 0x000000076da00000, 0x000000076dc00000|  0%| F|  |TAMS 0x000000076da00000| PB 0x000000076da00000| Untracked 
|  63|0x000000076dc00000, 0x000000076dc00000, 0x000000076de00000|  0%| F|  |TAMS 0x000000076dc00000| PB 0x000000076dc00000| Untracked 
|  64|0x000000076de00000, 0x000000076deb1150, 0x000000076e000000| 34%| E|  |TAMS 0x000000076de00000| PB 0x000000076de00000| Complete 
|  65|0x000000076e000000, 0x000000076e200000, 0x000000076e200000|100%| E|CS|TAMS 0x000000076e000000| PB 0x000000076e000000| Complete 
|  66|0x000000076e200000, 0x000000076e400000, 0x000000076e400000|100%| E|CS|TAMS 0x000000076e200000| PB 0x000000076e200000| Complete 
|  67|0x000000076e400000, 0x000000076e600000, 0x000000076e600000|100%| E|CS|TAMS 0x000000076e400000| PB 0x000000076e400000| Complete 
|  68|0x000000076e600000, 0x000000076e800000, 0x000000076e800000|100%| E|CS|TAMS 0x000000076e600000| PB 0x000000076e600000| Complete 
|  69|0x000000076e800000, 0x000000076ea00000, 0x000000076ea00000|100%| E|CS|TAMS 0x000000076e800000| PB 0x000000076e800000| Complete 
|  70|0x000000076ea00000, 0x000000076ea9f8d0, 0x000000076ec00000| 31%| S|CS|TAMS 0x000000076ea00000| PB 0x000000076ea00000| Complete 
|  71|0x000000076ec00000, 0x000000076ee00000, 0x000000076ee00000|100%| E|CS|TAMS 0x000000076ec00000| PB 0x000000076ec00000| Complete 
|  72|0x000000076ee00000, 0x000000076f000000, 0x000000076f000000|100%| E|CS|TAMS 0x000000076ee00000| PB 0x000000076ee00000| Complete 
|  73|0x000000076f000000, 0x000000076f200000, 0x000000076f200000|100%| E|CS|TAMS 0x000000076f000000| PB 0x000000076f000000| Complete 
|  74|0x000000076f200000, 0x000000076f400000, 0x000000076f400000|100%| E|CS|TAMS 0x000000076f200000| PB 0x000000076f200000| Complete 
|  75|0x000000076f400000, 0x000000076f600000, 0x000000076f600000|100%| E|CS|TAMS 0x000000076f400000| PB 0x000000076f400000| Complete 
|  76|0x000000076f600000, 0x000000076f800000, 0x000000076f800000|100%| E|CS|TAMS 0x000000076f600000| PB 0x000000076f600000| Complete 
|  77|0x000000076f800000, 0x000000076fa00000, 0x000000076fa00000|100%| E|  |TAMS 0x000000076f800000| PB 0x000000076f800000| Complete 
|1232|0x00000007ffe00000, 0x00000007fff0c6d0, 0x0000000800000000| 52%| O|  |TAMS 0x00000007ffe00000| PB 0x00000007ffe00000| Untracked 

Card table byte_map: [0x0000753dc3b5b000,0x0000753dc402c000] _byte_map_base: 0x0000753dc002c000

Marking Bits: (CMBitMap*) 0x0000753ddc066790
 Bits: [0x0000753dc14d3000, 0x0000753dc3b5b000)

Polling page: 0x0000753de1f65000

Metaspace:

Usage:
  Non-class:      9.26 MB used.
      Class:      1.29 MB used.
       Both:     10.55 MB used.

Virtual space:
  Non-class space:       64.00 MB reserved,       9.38 MB ( 15%) committed,  1 nodes.
      Class space:        1.00 GB reserved,       1.44 MB ( <1%) committed,  1 nodes.
             Both:        1.06 GB reserved,      10.81 MB ( <1%) committed. 

Chunk freelists:
   Non-Class:  5.22 MB
       Class:  14.60 MB
        Both:  19.82 MB

MaxMetaspaceSize: unlimited
CompressedClassSpaceSize: 1.00 GB
Initial GC threshold: 21.00 MB
Current GC threshold: 21.00 MB
CDS: on
 - commit_granule_bytes: 65536.
 - commit_granule_words: 8192.
 - virtual_space_node_default_size: 8388608.
 - enlarge_chunks_in_place: 1.
 - use_allocation_guard: 0.


Internal statistics:

num_allocs_failed_limit: 0.
num_arena_births: 206.
num_arena_deaths: 0.
num_vsnodes_births: 2.
num_vsnodes_deaths: 0.
num_space_committed: 173.
num_space_uncommitted: 0.
num_chunks_returned_to_freelist: 0.
num_chunks_taken_from_freelist: 551.
num_chunk_merges: 0.
num_chunk_splits: 406.
num_chunks_enlarged: 302.
num_inconsistent_stats: 0.

CodeHeap 'non-profiled nmethods': size=120032Kb used=779Kb max_used=779Kb free=119252Kb
 bounds [0x0000753dcc2c8000, 0x0000753dcc538000, 0x0000753dd3800000]
CodeHeap 'profiled nmethods': size=120028Kb used=3398Kb max_used=3398Kb free=116629Kb
 bounds [0x0000753dc4800000, 0x0000753dc4b60000, 0x0000753dcbd37000]
CodeHeap 'non-nmethods': size=5700Kb used=1364Kb max_used=1398Kb free=4335Kb
 bounds [0x0000753dcbd37000, 0x0000753dcbfa7000, 0x0000753dcc2c8000]
CodeCache: size=245760Kb, used=5541Kb, max_used=5575Kb, free=240216Kb
 total_blobs=2357, nmethods=1879, adapters=383, full_count=0
Compilation: enabled, stopped_count=0, restarted_count=0

Compilation events (20 events):
Event: 1.560 Thread 0x0000753ddc1074e0 1824       3       com.google.inject.internal.InternalContext::pushState (7 bytes)
Event: 1.560 Thread 0x0000753ddc1074e0 nmethod 1824 0x0000753dc4b4dc10 code [0x0000753dc4b4ddc0, 0x0000753dc4b4def8]
Event: 1.561 Thread 0x0000753ddc1074e0 1825       1       jdk.internal.util.ClassFileDumper::isEnabled (5 bytes)
Event: 1.561 Thread 0x0000753ddc1074e0 nmethod 1825 0x0000753dcc374310 code [0x0000753dcc3744a0, 0x0000753dcc374568]
Event: 1.561 Thread 0x0000753d3827af90 1826       4       jdk.internal.org.objectweb.asm.SymbolTable::put (150 bytes)
Event: 1.562 Thread 0x0000753ddc1074e0 1827       3       java.lang.invoke.MethodType::insertParameterTypes (121 bytes)
Event: 1.562 Thread 0x0000753ddc105e10 1828       4       jdk.internal.org.objectweb.asm.Symbol::<init> (38 bytes)
Event: 1.564 Thread 0x0000753ddc1074e0 nmethod 1827 0x0000753dc4b4df90 code [0x0000753dc4b4e280, 0x0000753dc4b4f140]
Event: 1.564 Thread 0x0000753ddc1074e0 1830       3       java.lang.invoke.LambdaForm$NamedFunction::returnType (11 bytes)
Event: 1.565 Thread 0x0000753ddc1074e0 nmethod 1830 0x0000753dc4b4f710 code [0x0000753dc4b4f920, 0x0000753dc4b4fe80]
Event: 1.565 Thread 0x0000753ddc1074e0 1833       3       java.lang.invoke.LambdaForm$NamedFunction::methodType (28 bytes)
Event: 1.565 Thread 0x0000753ddc1074e0 nmethod 1833 0x0000753dc4b50090 code [0x0000753dc4b50240, 0x0000753dc4b50570]
Event: 1.565 Thread 0x0000753ddc1074e0 1829       3       jdk.internal.org.objectweb.asm.MethodWriter::visitCode (1 bytes)
Event: 1.565 Thread 0x0000753ddc1074e0 nmethod 1829 0x0000753dc4b50690 code [0x0000753dc4b50820, 0x0000753dc4b50920]
Event: 1.565 Thread 0x0000753ddc1074e0 1831       3       java.lang.invoke.LambdaFormEditor$Transform::equals (32 bytes)
Event: 1.566 Thread 0x0000753ddc1074e0 nmethod 1831 0x0000753dc4b50990 code [0x0000753dc4b50b40, 0x0000753dc4b50d18]
Event: 1.567 Thread 0x0000753ddc105e10 nmethod 1828 0x0000753dcc375810 code [0x0000753dcc3759a0, 0x0000753dcc375d38]
Event: 1.567 Thread 0x0000753ddc1074e0 1839       3       java.lang.invoke.MemberName$Factory::resolveOrFail (79 bytes)
Event: 1.568 Thread 0x0000753ddc1074e0 nmethod 1839 0x0000753dc4b50e10 code [0x0000753dc4b51020, 0x0000753dc4b516d0]
Event: 1.568 Thread 0x0000753ddc1074e0 1843       3       jdk.internal.org.objectweb.asm.MethodWriter::computeAllFrames (510 bytes)

GC Heap History (4 events):
Event: 0.517 GC heap before
{Heap before GC invocations=0 (full 0):
 garbage-first heap   total 161792K, used 13361K [0x0000000765e00000, 0x0000000800000000)
  region size 2048K, 6 young (12288K), 0 survivors (0K)
 Metaspace       used 4123K, committed 4224K, reserved 1114112K
  class space    used 436K, committed 512K, reserved 1048576K
}
Event: 0.522 GC heap after
{Heap after GC invocations=1 (full 0):
 garbage-first heap   total 161792K, used 3533K [0x0000000765e00000, 0x0000000800000000)
  region size 2048K, 1 young (2048K), 1 survivors (2048K)
 Metaspace       used 4123K, committed 4224K, reserved 1114112K
  class space    used 436K, committed 512K, reserved 1048576K
}
Event: 0.803 GC heap before
{Heap before GC invocations=1 (full 0):
 garbage-first heap   total 161792K, used 15821K [0x0000000765e00000, 0x0000000800000000)
  region size 2048K, 7 young (14336K), 1 survivors (2048K)
 Metaspace       used 5797K, committed 5952K, reserved 1114112K
  class space    used 658K, committed 704K, reserved 1048576K
}
Event: 0.807 GC heap after
{Heap after GC invocations=2 (full 0):
 garbage-first heap   total 161792K, used 4305K [0x0000000765e00000, 0x0000000800000000)
  region size 2048K, 1 young (2048K), 1 survivors (2048K)
 Metaspace       used 5797K, committed 5952K, reserved 1114112K
  class space    used 658K, committed 704K, reserved 1048576K
}

Dll operation events (7 events):
Event: 0.003 Loaded shared library /usr/lib/jvm/java-21-openjdk-amd64/lib/libjava.so
Event: 0.034 Loaded shared library /usr/lib/jvm/java-21-openjdk-amd64/lib/libjsvml.so
Event: 0.041 Loaded shared library /usr/lib/jvm/java-21-openjdk-amd64/lib/libnio.so
Event: 0.045 Loaded shared library /usr/lib/jvm/java-21-openjdk-amd64/lib/libzip.so
Event: 0.055 Loaded shared library /usr/lib/jvm/java-21-openjdk-amd64/lib/libnet.so
Event: 0.161 Loaded shared library /usr/lib/jvm/java-21-openjdk-amd64/lib/libjimage.so
Event: 0.277 Loaded shared library /usr/lib/jvm/java-21-openjdk-amd64/lib/libverify.so

Deoptimization events (20 events):
Event: 1.384 Thread 0x0000753ddc01a430 Uncommon trap: trap_request=0xffffffc6 fr.pc=0x0000753dcc2ffa84 relative=0x0000000000000404
Event: 1.384 Thread 0x0000753ddc01a430 Uncommon trap: reason=bimorphic_or_optimized_type_check action=maybe_recompile pc=0x0000753dcc2ffa84 method=java.util.concurrent.ConcurrentHashMap.get(Ljava/lang/Object;)Ljava/lang/Object; @ 149 c2
Event: 1.384 Thread 0x0000753ddc01a430 DEOPT PACKING pc=0x0000753dcc2ffa84 sp=0x0000753de05fd000
Event: 1.384 Thread 0x0000753ddc01a430 DEOPT UNPACKING pc=0x0000753dcbd8af99 sp=0x0000753de05fcf90 mode 2
Event: 1.477 Thread 0x0000753ddc01a430 Uncommon trap: trap_request=0xffffffc6 fr.pc=0x0000753dcc3509d0 relative=0x0000000000001830
Event: 1.477 Thread 0x0000753ddc01a430 Uncommon trap: reason=bimorphic_or_optimized_type_check action=maybe_recompile pc=0x0000753dcc3509d0 method=java.util.HashMap.putVal(ILjava/lang/Object;Ljava/lang/Object;ZZ)Ljava/lang/Object; @ 203 c2
Event: 1.477 Thread 0x0000753ddc01a430 DEOPT PACKING pc=0x0000753dcc3509d0 sp=0x0000753de05fdbc0
Event: 1.477 Thread 0x0000753ddc01a430 DEOPT UNPACKING pc=0x0000753dcbd8af99 sp=0x0000753de05fdb80 mode 2
Event: 1.477 Thread 0x0000753ddc01a430 Uncommon trap: trap_request=0xffffffc6 fr.pc=0x0000753dcc3509d0 relative=0x0000000000001830
Event: 1.477 Thread 0x0000753ddc01a430 Uncommon trap: reason=bimorphic_or_optimized_type_check action=maybe_recompile pc=0x0000753dcc3509d0 method=java.util.HashMap.putVal(ILjava/lang/Object;Ljava/lang/Object;ZZ)Ljava/lang/Object; @ 203 c2
Event: 1.477 Thread 0x0000753ddc01a430 DEOPT PACKING pc=0x0000753dcc3509d0 sp=0x0000753de05fdbc0
Event: 1.477 Thread 0x0000753ddc01a430 DEOPT UNPACKING pc=0x0000753dcbd8af99 sp=0x0000753de05fdb80 mode 2
Event: 1.477 Thread 0x0000753ddc01a430 Uncommon trap: trap_request=0xffffffc6 fr.pc=0x0000753dcc3509d0 relative=0x0000000000001830
Event: 1.477 Thread 0x0000753ddc01a430 Uncommon trap: reason=bimorphic_or_optimized_type_check action=maybe_recompile pc=0x0000753dcc3509d0 method=java.util.HashMap.putVal(ILjava/lang/Object;Ljava/lang/Object;ZZ)Ljava/lang/Object; @ 203 c2
Event: 1.477 Thread 0x0000753ddc01a430 DEOPT PACKING pc=0x0000753dcc3509d0 sp=0x0000753de05fdbc0
Event: 1.477 Thread 0x0000753ddc01a430 DEOPT UNPACKING pc=0x0000753dcbd8af99 sp=0x0000753de05fdb80 mode 2
Event: 1.477 Thread 0x0000753ddc01a430 Uncommon trap: trap_request=0xffffffc6 fr.pc=0x0000753dcc3509d0 relative=0x0000000000001830
Event: 1.477 Thread 0x0000753ddc01a430 Uncommon trap: reason=bimorphic_or_optimized_type_check action=maybe_recompile pc=0x0000753dcc3509d0 method=java.util.HashMap.putVal(ILjava/lang/Object;Ljava/lang/Object;ZZ)Ljava/lang/Object; @ 203 c2
Event: 1.477 Thread 0x0000753ddc01a430 DEOPT PACKING pc=0x0000753dcc3509d0 sp=0x0000753de05fdbc0
Event: 1.477 Thread 0x0000753ddc01a430 DEOPT UNPACKING pc=0x0000753dcbd8af99 sp=0x0000753de05fdb80 mode 2

Classes loaded (20 events):
Event: 1.152 Loading class java/util/EventObject
Event: 1.152 Loading class java/util/EventObject done
Event: 1.157 Loading class java/lang/NumberFormatException
Event: 1.157 Loading class java/lang/NumberFormatException done
Event: 1.174 Loading class java/util/concurrent/locks/ReentrantReadWriteLock
Event: 1.174 Loading class java/util/concurrent/locks/ReadWriteLock
Event: 1.174 Loading class java/util/concurrent/locks/ReadWriteLock done
Event: 1.174 Loading class java/util/concurrent/locks/ReentrantReadWriteLock done
Event: 1.208 Loading class java/lang/invoke/MethodHandle$1
Event: 1.208 Loading class java/lang/invoke/MethodHandle$1 done
Event: 1.295 Loading class sun/reflect/generics/repository/FieldRepository
Event: 1.295 Loading class sun/reflect/generics/repository/FieldRepository done
Event: 1.447 Loading class sun/reflect/generics/scope/MethodScope
Event: 1.448 Loading class sun/reflect/generics/scope/MethodScope done
Event: 1.448 Loading class sun/reflect/generics/repository/MethodRepository
Event: 1.448 Loading class sun/reflect/generics/repository/MethodRepository done
Event: 1.489 Loading class java/util/ConcurrentModificationException
Event: 1.489 Loading class java/util/ConcurrentModificationException done
Event: 1.520 Loading class java/lang/ClassFormatError
Event: 1.520 Loading class java/lang/ClassFormatError done

Classes unloaded (0 events):
No events

Classes redefined (0 events):
No events

Internal exceptions (11 events):
Event: 0.082 Thread 0x0000753ddc01a430 Exception <a 'java/lang/NoSuchMethodError'{0x000000076f92fbd8}: 'int java.lang.invoke.DirectMethodHandle$Holder.invokeSpecial(java.lang.Object, java.lang.Object, java.lang.Object)'> (0x000000076f92fbd8) 
thrown [./src/hotspot/share/interpreter/linkResolver.cpp, line 772]
Event: 0.144 Thread 0x0000753ddc01a430 Exception <a 'java/lang/NoSuchMethodError'{0x000000076f6d88d8}: 'java.lang.Object java.lang.invoke.Invokers$Holder.invokeExact_MT(java.lang.Object, java.lang.Object, java.lang.Object, java.lang.Object, java.lang.Object)'> (0x000000076f6d88d8) 
thrown [./src/hotspot/share/interpreter/linkResolver.cpp, line 772]
Event: 0.155 Thread 0x0000753ddc01a430 Exception <a 'java/lang/NullPointerException'{0x000000076f725d20}> (0x000000076f725d20) 
thrown [./src/hotspot/share/interpreter/linkResolver.cpp, line 1372]
Event: 0.170 Thread 0x0000753ddc01a430 Exception <a 'java/lang/UnsatisfiedLinkError'{0x000000076f7b2090}: 'int org.fusesource.jansi.internal.CLibrary.isatty(int)'> (0x000000076f7b2090) 
thrown [./src/hotspot/share/prims/nativeLookup.cpp, line 415]
Event: 0.179 Thread 0x0000753ddc01a430 Exception <a 'java/lang/UnsatisfiedLinkError'{0x000000076f7d2f28}: 'int org.fusesource.jansi.internal.CLibrary.isatty(int)'> (0x000000076f7d2f28) 
thrown [./src/hotspot/share/prims/nativeLookup.cpp, line 415]
Event: 0.472 Thread 0x0000753ddc01a430 Exception <a 'java/lang/NoSuchMethodError'{0x000000076ee7c0d0}: 'void java.lang.invoke.DirectMethodHandle$Holder.invokeSpecial(java.lang.Object, java.lang.Object, java.lang.Object)'> (0x000000076ee7c0d0) 
thrown [./src/hotspot/share/interpreter/linkResolver.cpp, line 772]
Event: 0.572 Thread 0x0000753ddc01a430 Exception <a 'java/lang/NoSuchMethodError'{0x000000076f957008}: 'java.lang.Object java.lang.invoke.DirectMethodHandle$Holder.newInvokeSpecial(java.lang.Object, java.lang.Object, java.lang.Object, java.lang.Object, java.lang.Object)'> (0x000000076f957008) 
thrown [./src/hotspot/share/interpreter/linkResolver.cpp, line 772]
Event: 1.496 Thread 0x0000753ddc01a430 Exception <a 'java/lang/NoSuchMethodError'{0x000000076e31fee8}: 'void java.lang.invoke.Invokers$Holder.invokeExact_MT(java.lang.Object, java.lang.Object, java.lang.Object, java.lang.Object)'> (0x000000076e31fee8) 
thrown [./src/hotspot/share/interpreter/linkResolver.cpp, line 772]
Event: 1.520 Thread 0x0000753ddc01a430 Exception <a 'java/lang/NoClassDefFoundError'{0x000000076e3a3fe0}: com/google/inject/servlet/ServletModuleTargetVisitor> (0x000000076e3a3fe0) 
thrown [./src/hotspot/share/classfile/systemDictionary.cpp, line 301]
Event: 1.566 Thread 0x0000753ddc01a430 Exception <a 'java/lang/NoSuchMethodError'{0x000000076e055668}: 'java.lang.Object java.lang.invoke.DirectMethodHandle$Holder.invokeStatic(java.lang.Object, java.lang.Object, int)'> (0x000000076e055668) 
thrown [./src/hotspot/share/interpreter/linkResolver.cpp, line 772]
Event: 1.568 Thread 0x0000753ddc01a430 Exception <a 'java/lang/NoSuchMethodError'{0x000000076e061420}: 'void java.lang.invoke.DelegatingMethodHandle$Holder.delegate(java.lang.Object, java.lang.Object, int, java.lang.Object)'> (0x000000076e061420) 
thrown [./src/hotspot/share/interpreter/linkResolver.cpp, line 772]

ZGC Phase Switch (0 events):
No events

VM Operations (20 events):
Event: 0.171 Executing non-safepoint VM operation: HandshakeAllThreads (Deoptimize)
Event: 0.171 Executing non-safepoint VM operation: HandshakeAllThreads (Deoptimize) done
Event: 0.517 Executing safepoint VM operation: G1CollectForAllocation (G1 Evacuation Pause)
Event: 0.522 Executing safepoint VM operation: G1CollectForAllocation (G1 Evacuation Pause) done
Event: 0.802 Executing safepoint VM operation: G1CollectForAllocation (G1 Evacuation Pause)
Event: 0.807 Executing safepoint VM operation: G1CollectForAllocation (G1 Evacuation Pause) done
Event: 1.046 Executing non-safepoint VM operation: HandshakeAllThreads (Deoptimize)
Event: 1.046 Executing non-safepoint VM operation: HandshakeAllThreads (Deoptimize) done
Event: 1.162 Executing non-safepoint VM operation: HandshakeAllThreads (Deoptimize)
Event: 1.162 Executing non-safepoint VM operation: HandshakeAllThreads (Deoptimize) done
Event: 1.390 Executing non-safepoint VM operation: HandshakeAllThreads (Deoptimize)
Event: 1.390 Executing non-safepoint VM operation: HandshakeAllThreads (Deoptimize) done
Event: 1.392 Executing non-safepoint VM operation: HandshakeAllThreads (Deoptimize)
Event: 1.392 Executing non-safepoint VM operation: HandshakeAllThreads (Deoptimize) done
Event: 1.488 Executing non-safepoint VM operation: HandshakeAllThreads (Deoptimize)
Event: 1.488 Executing non-safepoint VM operation: HandshakeAllThreads (Deoptimize) done
Event: 1.500 Executing safepoint VM operation: ICBufferFull
Event: 1.500 Executing safepoint VM operation: ICBufferFull done
Event: 1.565 Executing non-safepoint VM operation: HandshakeAllThreads (Deoptimize)
Event: 1.565 Executing non-safepoint VM operation: HandshakeAllThreads (Deoptimize) done

Memory protections (12 events):
Event: 0.003 Protecting memory [0x0000753de0500000,0x0000753de0504000] with protection modes 0
Event: 0.032 Protecting memory [0x0000753dc0300000,0x0000753dc0304000] with protection modes 0
Event: 0.032 Protecting memory [0x0000753dc0200000,0x0000753dc0204000] with protection modes 0
Event: 0.032 Protecting memory [0x0000753dc0100000,0x0000753dc0104000] with protection modes 0
Event: 0.032 Protecting memory [0x0000753dc0000000,0x0000753dc0004000] with protection modes 0
Event: 0.032 Protecting memory [0x0000753db1f00000,0x0000753db1f04000] with protection modes 0
Event: 0.032 Protecting memory [0x0000753db1e00000,0x0000753db1e04000] with protection modes 0
Event: 0.033 Protecting memory [0x0000753db1d00000,0x0000753db1d04000] with protection modes 0
Event: 0.037 Protecting memory [0x0000753db1b2f000,0x0000753db1b33000] with protection modes 0
Event: 0.040 Protecting memory [0x0000753db1a2f000,0x0000753db1a33000] with protection modes 0
Event: 0.158 Protecting memory [0x0000753db192f000,0x0000753db1933000] with protection modes 0
Event: 0.650 Protecting memory [0x0000753db192f000,0x0000753db1933000] with protection modes 0

Nmethod flushes (0 events):
No events

Events (13 events):
Event: 0.021 Thread 0x0000753ddc01a430 Thread added: 0x0000753ddc01a430
Event: 0.031 Thread 0x0000753ddc01a430 Thread added: 0x0000753ddc0fe9a0
Event: 0.032 Thread 0x0000753ddc01a430 Thread added: 0x0000753ddc0fff20
Event: 0.032 Thread 0x0000753ddc01a430 Thread added: 0x0000753ddc1016c0
Event: 0.032 Thread 0x0000753ddc01a430 Thread added: 0x0000753ddc102d10
Event: 0.032 Thread 0x0000753ddc01a430 Thread added: 0x0000753ddc1042c0
Event: 0.032 Thread 0x0000753ddc01a430 Thread added: 0x0000753ddc105e10
Event: 0.033 Thread 0x0000753ddc01a430 Thread added: 0x0000753ddc1074e0
Event: 0.037 Thread 0x0000753ddc01a430 Thread added: 0x0000753ddc15b300
Event: 0.040 Thread 0x0000753ddc01a430 Thread added: 0x0000753ddc15e640
Event: 0.158 Thread 0x0000753ddc01a430 Thread added: 0x0000753ddc31a270
Event: 0.173 Thread 0x0000753ddc31a270 Thread exited: 0x0000753ddc31a270
Event: 0.650 Thread 0x0000753ddc1074e0 Thread added: 0x0000753d3827af90


Dynamic libraries:
765e00000-76fa00000 rw-p 00000000 00:00 0 
76fa00000-7ffe00000 ---p 00000000 00:00 0 
7ffe00000-7fff0d000 rw-p 00cdb000 08:01 6300084                          /usr/lib/jvm/java-21-openjdk-amd64/lib/server/classes.jsa
7fff0d000-800000000 rw-p 00000000 00:00 0 
58301cd3f000-58301cd40000 r--p 00000000 08:01 6291496                    /usr/lib/jvm/java-21-openjdk-amd64/bin/java
58301cd40000-58301cd41000 r-xp 00001000 08:01 6291496                    /usr/lib/jvm/java-21-openjdk-amd64/bin/java
58301cd41000-58301cd42000 r--p 00002000 08:01 6291496                    /usr/lib/jvm/java-21-openjdk-amd64/bin/java
58301cd42000-58301cd43000 r--p 00002000 08:01 6291496                    /usr/lib/jvm/java-21-openjdk-amd64/bin/java
58301cd43000-58301cd44000 rw-p 00003000 08:01 6291496                    /usr/lib/jvm/java-21-openjdk-amd64/bin/java
583024caa000-583024cf1000 rw-p 00000000 00:00 0                          [heap]
753d28000000-753d28021000 rw-p 00000000 00:00 0 
753d28021000-753d2c000000 ---p 00000000 00:00 0 
753d2c000000-753d2c45f000 rw-p 00000000 00:00 0 
753d2c45f000-753d30000000 ---p 00000000 00:00 0 
753d30000000-753d30021000 rw-p 00000000 00:00 0 
753d30021000-753d34000000 ---p 00000000 00:00 0 
753d34000000-753d34021000 rw-p 00000000 00:00 0 
753d34021000-753d38000000 ---p 00000000 00:00 0 
753d38000000-753d384d9000 rw-p 00000000 00:00 0 
753d384d9000-753d3c000000 ---p 00000000 00:00 0 
753d3c000000-753d3c021000 rw-p 00000000 00:00 0 
753d3c021000-753d40000000 ---p 00000000 00:00 0 
753d40000000-753d40021000 rw-p 00000000 00:00 0 
753d40021000-753d44000000 ---p 00000000 00:00 0 
753d44000000-753d4479a000 rw-p 00000000 00:00 0 
753d4479a000-753d48000000 ---p 00000000 00:00 0 
753d48000000-753d48021000 rw-p 00000000 00:00 0 
753d48021000-753d4c000000 ---p 00000000 00:00 0 
753d4c000000-753d4c021000 rw-p 00000000 00:00 0 
753d4c021000-753d50000000 ---p 00000000 00:00 0 
753d50000000-753d50021000 rw-p 00000000 00:00 0 
753d50021000-753d54000000 ---p 00000000 00:00 0 
753d54000000-753d54021000 rw-p 00000000 00:00 0 
753d54021000-753d58000000 ---p 00000000 00:00 0 
753d58000000-753d58021000 rw-p 00000000 00:00 0 
753d58021000-753d5c000000 ---p 00000000 00:00 0 
753d5f000000-753d5f290000 rw-p 00000000 00:00 0 
753d5f290000-753d5f400000 ---p 00000000 00:00 0 
753d5f400000-753d5fad0000 rw-p 00000000 00:00 0 
753d5fad0000-753d63000000 ---p 00000000 00:00 0 
753d63000000-753d63c9c000 rw-p 00001000 08:01 6300084                    /usr/lib/jvm/java-21-openjdk-amd64/lib/server/classes.jsa
753d63c9c000-753d64000000 ---p 00000000 00:00 0 
753d64000000-753d64040000 rw-p 00000000 00:00 0 
753d64040000-753d64080000 rw-p 00000000 00:00 0 
753d64080000-753d64170000 rw-p 00000000 00:00 0 
753d64170000-753da4000000 ---p 00000000 00:00 0 
753da4000000-753da4021000 rw-p 00000000 00:00 0 
753da4021000-753da8000000 ---p 00000000 00:00 0 
753da8000000-753da8021000 rw-p 00000000 00:00 0 
753da8021000-753dac000000 ---p 00000000 00:00 0 
753dac000000-753dac021000 rw-p 00000000 00:00 0 
753dac021000-753db0000000 ---p 00000000 00:00 0 
753db12c8000-753db172d000 rw-p 00000000 00:00 0 
753db172d000-753db172e000 ---p 00000000 00:00 0 
753db172e000-753db182e000 rw-p 00000000 00:00 0 
753db182e000-753db182f000 ---p 00000000 00:00 0 
753db182f000-753db192f000 rw-p 00000000 00:00 0 
753db192f000-753db1933000 ---p 00000000 00:00 0 
753db1933000-753db1a2f000 rw-p 00000000 00:00 0 
753db1a2f000-753db1a33000 ---p 00000000 00:00 0 
753db1a33000-753db1b2f000 rw-p 00000000 00:00 0 
753db1b2f000-753db1b33000 ---p 00000000 00:00 0 
753db1b33000-753db1c2f000 rw-p 00000000 00:00 0 
753db1c2f000-753db1c34000 r--p 00000000 08:01 6300067                    /usr/lib/jvm/java-21-openjdk-amd64/lib/libjsvml.so
753db1c34000-753db1c75000 r-xp 00005000 08:01 6300067                    /usr/lib/jvm/java-21-openjdk-amd64/lib/libjsvml.so
753db1c75000-753db1cfe000 r--p 00046000 08:01 6300067                    /usr/lib/jvm/java-21-openjdk-amd64/lib/libjsvml.so
753db1cfe000-753db1cff000 r--p 000ce000 08:01 6300067                    /usr/lib/jvm/java-21-openjdk-amd64/lib/libjsvml.so
753db1cff000-753db1d00000 rw-p 000cf000 08:01 6300067                    /usr/lib/jvm/java-21-openjdk-amd64/lib/libjsvml.so
753db1d00000-753db1d04000 ---p 00000000 00:00 0 
753db1d04000-753db1e00000 rw-p 00000000 00:00 0 
753db1e00000-753db1e04000 ---p 00000000 00:00 0 
753db1e04000-753db1f00000 rw-p 00000000 00:00 0 
753db1f00000-753db1f04000 ---p 00000000 00:00 0 
753db1f04000-753db2000000 rw-p 00000000 00:00 0 
753db2000000-753db4021000 rw-p 00000000 00:00 0 
753db4021000-753db8000000 ---p 00000000 00:00 0 
753db8000000-753db8021000 rw-p 00000000 00:00 0 
753db8021000-753dbc000000 ---p 00000000 00:00 0 
753dbc000000-753dbc021000 rw-p 00000000 00:00 0 
753dbc021000-753dc0004000 ---p 00000000 00:00 0 
753dc0004000-753dc0100000 rw-p 00000000 00:00 0 
753dc0100000-753dc0104000 ---p 00000000 00:00 0 
753dc0104000-753dc0200000 rw-p 00000000 00:00 0 
753dc0200000-753dc0204000 ---p 00000000 00:00 0 
753dc0204000-753dc0300000 rw-p 00000000 00:00 0 
753dc0300000-753dc0304000 ---p 00000000 00:00 0 
753dc0304000-753dc0400000 rw-p 00000000 00:00 0 
753dc0400000-753dc0975000 r--p 00000000 08:01 5767242                    /usr/lib/locale/locale-archive
753dc09c8000-753dc09c9000 ---p 00000000 00:00 0 
753dc09c9000-753dc0ac9000 rw-p 00000000 00:00 0 
753dc0ac9000-753dc0aca000 ---p 00000000 00:00 0 
753dc0aca000-753dc0bca000 rw-p 00000000 00:00 0 
753dc0bca000-753dc0bcb000 ---p 00000000 00:00 0 
753dc0bcb000-753dc0ccb000 rw-p 00000000 00:00 0 
753dc0ccb000-753dc0ccc000 ---p 00000000 00:00 0 
753dc0ccc000-753dc0dcc000 rw-p 00000000 00:00 0 
753dc0dcc000-753dc11d0000 rw-p 00000000 00:00 0 
753dc11d0000-753dc11d1000 ---p 00000000 00:00 0 
753dc11d1000-753dc12d1000 rw-p 00000000 00:00 0 
753dc12d1000-753dc12d2000 ---p 00000000 00:00 0 
753dc12d2000-753dc13d2000 rw-p 00000000 00:00 0 
753dc13d2000-753dc13d3000 ---p 00000000 00:00 0 
753dc13d3000-753dc14d3000 rw-p 00000000 00:00 0 
753dc14d3000-753dc1743000 rw-p 00000000 00:00 0 
753dc1743000-753dc3b53000 ---p 00000000 00:00 0 
753dc3b53000-753dc3ba9000 rw-p 00000000 00:00 0 
753dc3ba9000-753dc402b000 ---p 00000000 00:00 0 
753dc402b000-753dc407a000 rw-p 00000000 00:00 0 
753dc407a000-753dc44fc000 ---p 00000000 00:00 0 
753dc44fc000-753dc4800000 rw-p 00000000 00:00 0 
753dc4800000-753dc4b60000 rwxp 00000000 00:00 0 
753dc4b60000-753dcbd37000 ---p 00000000 00:00 0 
753dcbd37000-753dcbfa7000 rwxp 00000000 00:00 0 
753dcbfa7000-753dcc2c8000 ---p 00000000 00:00 0 
753dcc2c8000-753dcc538000 rwxp 00000000 00:00 0 
753dcc538000-753dd3800000 ---p 00000000 00:00 0 
753dd3800000-753ddbe3e000 r--s 00000000 08:01 6300083                    /usr/lib/jvm/java-21-openjdk-amd64/lib/modules
753ddbe7e000-753ddc890000 rw-p 00000000 00:00 0 
753ddc890000-753de0000000 ---p 00000000 00:00 0 
753de000f000-753de0013000 r--p 00000000 08:01 6300081                    /usr/lib/jvm/java-21-openjdk-amd64/lib/libverify.so
753de0013000-753de001a000 r-xp 00004000 08:01 6300081                    /usr/lib/jvm/java-21-openjdk-amd64/lib/libverify.so
753de001a000-753de001c000 r--p 0000b000 08:01 6300081                    /usr/lib/jvm/java-21-openjdk-amd64/lib/libverify.so
753de001c000-753de001e000 r--p 0000c000 08:01 6300081                    /usr/lib/jvm/java-21-openjdk-amd64/lib/libverify.so
753de001e000-753de001f000 rw-p 0000e000 08:01 6300081                    /usr/lib/jvm/java-21-openjdk-amd64/lib/libverify.so
753de001f000-753de0021000 r--p 00000000 08:01 6300082                    /usr/lib/jvm/java-21-openjdk-amd64/lib/libzip.so
753de0021000-753de0026000 r-xp 00002000 08:01 6300082                    /usr/lib/jvm/java-21-openjdk-amd64/lib/libzip.so
753de0026000-753de0028000 r--p 00007000 08:01 6300082                    /usr/lib/jvm/java-21-openjdk-amd64/lib/libzip.so
753de0028000-753de0029000 r--p 00008000 08:01 6300082                    /usr/lib/jvm/java-21-openjdk-amd64/lib/libzip.so
753de0029000-753de002a000 rw-p 00009000 08:01 6300082                    /usr/lib/jvm/java-21-openjdk-amd64/lib/libzip.so
753de002a000-753de002f000 rw-p 00000000 00:00 0 
753de002f000-753de0115000 ---p 00000000 00:00 0 
753de0115000-753de011c000 rw-p 00000000 00:00 0 
753de011c000-753de0200000 ---p 00000000 00:00 0 
753de0200000-753de029d000 r--p 00000000 08:01 5779168                    /usr/lib/x86_64-linux-gnu/libstdc++.so.6.0.33
753de029d000-753de03e5000 r-xp 0009d000 08:01 5779168                    /usr/lib/x86_64-linux-gnu/libstdc++.so.6.0.33
753de03e5000-753de046c000 r--p 001e5000 08:01 5779168                    /usr/lib/x86_64-linux-gnu/libstdc++.so.6.0.33
753de046c000-753de0477000 r--p 0026b000 08:01 5779168                    /usr/lib/x86_64-linux-gnu/libstdc++.so.6.0.33
753de0477000-753de047a000 rw-p 00276000 08:01 5779168                    /usr/lib/x86_64-linux-gnu/libstdc++.so.6.0.33
753de047a000-753de047e000 rw-p 00000000 00:00 0 
753de0480000-753de0483000 r--p 00000000 08:01 6300074                    /usr/lib/jvm/java-21-openjdk-amd64/lib/libnet.so
753de0483000-753de048b000 r-xp 00003000 08:01 6300074                    /usr/lib/jvm/java-21-openjdk-amd64/lib/libnet.so
753de048b000-753de048d000 r--p 0000b000 08:01 6300074                    /usr/lib/jvm/java-21-openjdk-amd64/lib/libnet.so
753de048d000-753de048e000 r--p 0000c000 08:01 6300074                    /usr/lib/jvm/java-21-openjdk-amd64/lib/libnet.so
753de048e000-753de048f000 rw-p 0000d000 08:01 6300074                    /usr/lib/jvm/java-21-openjdk-amd64/lib/libnet.so
753de048f000-753de0496000 r--p 00000000 08:01 6300075                    /usr/lib/jvm/java-21-openjdk-amd64/lib/libnio.so
753de0496000-753de049f000 r-xp 00007000 08:01 6300075                    /usr/lib/jvm/java-21-openjdk-amd64/lib/libnio.so
753de049f000-753de04a3000 r--p 00010000 08:01 6300075                    /usr/lib/jvm/java-21-openjdk-amd64/lib/libnio.so
753de04a3000-753de04a4000 r--p 00014000 08:01 6300075                    /usr/lib/jvm/java-21-openjdk-amd64/lib/libnio.so
753de04a4000-753de04a5000 rw-p 00015000 08:01 6300075                    /usr/lib/jvm/java-21-openjdk-amd64/lib/libnio.so
753de04a5000-753de0500000 rw-p 00000000 00:00 0 
753de0500000-753de0504000 ---p 00000000 00:00 0 
753de0504000-753de0600000 rw-p 00000000 00:00 0 
753de0600000-753de08a2000 r--p 00000000 08:01 6300087                    /usr/lib/jvm/java-21-openjdk-amd64/lib/server/libjvm.so
753de08a2000-753de1718000 r-xp 002a2000 08:01 6300087                    /usr/lib/jvm/java-21-openjdk-amd64/lib/server/libjvm.so
753de1718000-753de19f2000 r--p 01118000 08:01 6300087                    /usr/lib/jvm/java-21-openjdk-amd64/lib/server/libjvm.so
753de19f2000-753de1ac6000 r--p 013f1000 08:01 6300087                    /usr/lib/jvm/java-21-openjdk-amd64/lib/server/libjvm.so
753de1ac6000-753de1af6000 rw-p 014c5000 08:01 6300087                    /usr/lib/jvm/java-21-openjdk-amd64/lib/server/libjvm.so
753de1af6000-753de1b5c000 rw-p 00000000 00:00 0 
753de1b5e000-753de1bcd000 rw-p 00000000 00:00 0 
753de1bcd000-753de1bd4000 ---p 00000000 00:00 0 
753de1bd4000-753de1be1000 r--p 00000000 08:01 6300060                    /usr/lib/jvm/java-21-openjdk-amd64/lib/libjava.so
753de1be1000-753de1bf0000 r-xp 0000d000 08:01 6300060                    /usr/lib/jvm/java-21-openjdk-amd64/lib/libjava.so
753de1bf0000-753de1bf5000 r--p 0001c000 08:01 6300060                    /usr/lib/jvm/java-21-openjdk-amd64/lib/libjava.so
753de1bf5000-753de1bf6000 r--p 00021000 08:01 6300060                    /usr/lib/jvm/java-21-openjdk-amd64/lib/libjava.so
753de1bf6000-753de1bf7000 rw-p 00022000 08:01 6300060                    /usr/lib/jvm/java-21-openjdk-amd64/lib/libjava.so
753de1bf7000-753de1bf8000 rw-p 00000000 00:00 0 
753de1bf8000-753de1c00000 rw-s 00000000 08:01 16908378                   /tmp/hsperfdata_kbunny/6125
753de1c00000-753de1c28000 r--p 00000000 08:01 5792426                    /usr/lib/x86_64-linux-gnu/libc.so.6
753de1c28000-753de1db0000 r-xp 00028000 08:01 5792426                    /usr/lib/x86_64-linux-gnu/libc.so.6
753de1db0000-753de1dff000 r--p 001b0000 08:01 5792426                    /usr/lib/x86_64-linux-gnu/libc.so.6
753de1dff000-753de1e03000 r--p 001fe000 08:01 5792426                    /usr/lib/x86_64-linux-gnu/libc.so.6
753de1e03000-753de1e05000 rw-p 00202000 08:01 5792426                    /usr/lib/x86_64-linux-gnu/libc.so.6
753de1e05000-753de1e12000 rw-p 00000000 00:00 0 
753de1e12000-753de1e19000 r--s 00000000 08:01 5791834                    /usr/lib/x86_64-linux-gnu/gconv/gconv-modules.cache
753de1e19000-753de1e1d000 r--p 00000000 08:01 5778774                    /usr/lib/x86_64-linux-gnu/libgcc_s.so.1
753de1e1d000-753de1e41000 r-xp 00004000 08:01 5778774                    /usr/lib/x86_64-linux-gnu/libgcc_s.so.1
753de1e41000-753de1e45000 r--p 00028000 08:01 5778774                    /usr/lib/x86_64-linux-gnu/libgcc_s.so.1
753de1e45000-753de1e46000 r--p 0002b000 08:01 5778774                    /usr/lib/x86_64-linux-gnu/libgcc_s.so.1
753de1e46000-753de1e47000 rw-p 0002c000 08:01 5778774                    /usr/lib/x86_64-linux-gnu/libgcc_s.so.1
753de1e47000-753de1e57000 r--p 00000000 08:01 5792865                    /usr/lib/x86_64-linux-gnu/libm.so.6
753de1e57000-753de1ed6000 r-xp 00010000 08:01 5792865                    /usr/lib/x86_64-linux-gnu/libm.so.6
753de1ed6000-753de1f2e000 r--p 0008f000 08:01 5792865                    /usr/lib/x86_64-linux-gnu/libm.so.6
753de1f2e000-753de1f2f000 r--p 000e7000 08:01 5792865                    /usr/lib/x86_64-linux-gnu/libm.so.6
753de1f2f000-753de1f30000 rw-p 000e8000 08:01 5792865                    /usr/lib/x86_64-linux-gnu/libm.so.6
753de1f30000-753de1f32000 rw-p 00000000 00:00 0 
753de1f32000-753de1f34000 r--p 00000000 08:01 6300064                    /usr/lib/jvm/java-21-openjdk-amd64/lib/libjli.so
753de1f34000-753de1f3e000 r-xp 00002000 08:01 6300064                    /usr/lib/jvm/java-21-openjdk-amd64/lib/libjli.so
753de1f3e000-753de1f41000 r--p 0000c000 08:01 6300064                    /usr/lib/jvm/java-21-openjdk-amd64/lib/libjli.so
753de1f41000-753de1f42000 r--p 0000f000 08:01 6300064                    /usr/lib/jvm/java-21-openjdk-amd64/lib/libjli.so
753de1f42000-753de1f43000 rw-p 00010000 08:01 6300064                    /usr/lib/jvm/java-21-openjdk-amd64/lib/libjli.so
753de1f43000-753de1f45000 r--p 00000000 08:01 5779300                    /usr/lib/x86_64-linux-gnu/libz.so.1.3
753de1f45000-753de1f57000 r-xp 00002000 08:01 5779300                    /usr/lib/x86_64-linux-gnu/libz.so.1.3
753de1f57000-753de1f5d000 r--p 00014000 08:01 5779300                    /usr/lib/x86_64-linux-gnu/libz.so.1.3
753de1f5d000-753de1f5e000 r--p 0001a000 08:01 5779300                    /usr/lib/x86_64-linux-gnu/libz.so.1.3
753de1f5e000-753de1f5f000 rw-p 0001b000 08:01 5779300                    /usr/lib/x86_64-linux-gnu/libz.so.1.3
753de1f65000-753de1f66000 ---p 00000000 00:00 0 
753de1f66000-753de1f67000 r--p 00000000 00:00 0 
753de1f67000-753de1f68000 ---p 00000000 00:00 0 
753de1f68000-753de1f6a000 r--p 00000000 08:01 6300063                    /usr/lib/jvm/java-21-openjdk-amd64/lib/libjimage.so
753de1f6a000-753de1f6d000 r-xp 00002000 08:01 6300063                    /usr/lib/jvm/java-21-openjdk-amd64/lib/libjimage.so
753de1f6d000-753de1f6e000 r--p 00005000 08:01 6300063                    /usr/lib/jvm/java-21-openjdk-amd64/lib/libjimage.so
753de1f6e000-753de1f6f000 r--p 00006000 08:01 6300063                    /usr/lib/jvm/java-21-openjdk-amd64/lib/libjimage.so
753de1f6f000-753de1f70000 rw-p 00007000 08:01 6300063                    /usr/lib/jvm/java-21-openjdk-amd64/lib/libjimage.so
753de1f70000-753de1f72000 rw-p 00000000 00:00 0 
753de1f72000-753de1f76000 r--p 00000000 00:00 0                          [vvar]
753de1f76000-753de1f78000 r--p 00000000 00:00 0                          [vvar_vclock]
753de1f78000-753de1f7a000 r-xp 00000000 00:00 0                          [vdso]
753de1f7a000-753de1f7b000 r--p 00000000 08:01 5791883                    /usr/lib/x86_64-linux-gnu/ld-linux-x86-64.so.2
753de1f7b000-753de1fa6000 r-xp 00001000 08:01 5791883                    /usr/lib/x86_64-linux-gnu/ld-linux-x86-64.so.2
753de1fa6000-753de1fb0000 r--p 0002c000 08:01 5791883                    /usr/lib/x86_64-linux-gnu/ld-linux-x86-64.so.2
753de1fb0000-753de1fb2000 r--p 00036000 08:01 5791883                    /usr/lib/x86_64-linux-gnu/ld-linux-x86-64.so.2
753de1fb2000-753de1fb4000 rw-p 00038000 08:01 5791883                    /usr/lib/x86_64-linux-gnu/ld-linux-x86-64.so.2
7ffcc007e000-7ffcc00a0000 rw-p 00000000 00:00 0                          [stack]
ffffffffff600000-ffffffffff601000 --xp 00000000 00:00 0                  [vsyscall]
Total number of mappings: 214

JVMTI agents: none


VM Arguments:
jvm_args: -Djansi.mode=force -Dclassworlds.conf=/usr/share/maven/bin/m2.conf -Dmaven.home=/usr/share/maven -Dlibrary.jansi.path=/usr/share/maven/lib/jansi-native -Dmaven.multiModuleProjectDirectory=/home/kbunny/Documents/ing.Soft/proyecto/kotliners-adopta-perrito-demo-api 
java_command: org.codehaus.plexus.classworlds.launcher.Launcher spring-boot:run
java_class_path (initial): /usr/share/maven/boot/plexus-classworlds-2.x.jar
Launcher Type: SUN_STANDARD

[Global flags]
     intx CICompilerCount                          = 3                                         {product} {ergonomic}
     uint ConcGCThreads                            = 1                                         {product} {ergonomic}
     uint G1ConcRefinementThreads                  = 4                                         {product} {ergonomic}
   size_t G1HeapRegionSize                         = 2097152                                   {product} {ergonomic}
    uintx GCDrainStackTargetSize                   = 64                                        {product} {ergonomic}
   size_t InitialHeapSize                          = 163577856                                 {product} {ergonomic}
   size_t MarkStackSize                            = 4194304                                   {product} {ergonomic}
   size_t MaxHeapSize                              = 2585788416                                {product} {ergonomic}
   size_t MaxNewSize                               = 1549795328                                {product} {ergonomic}
   size_t MinHeapDeltaBytes                        = 2097152                                   {product} {ergonomic}
   size_t MinHeapSize                              = 8388608                                   {product} {ergonomic}
    uintx NonNMethodCodeHeapSize                   = 5832780                                {pd product} {ergonomic}
    uintx NonProfiledCodeHeapSize                  = 122912730                              {pd product} {ergonomic}
    uintx ProfiledCodeHeapSize                     = 122912730                              {pd product} {ergonomic}
    uintx ReservedCodeCacheSize                    = 251658240                              {pd product} {ergonomic}
     bool SegmentedCodeCache                       = true                                      {product} {ergonomic}
   size_t SoftMaxHeapSize                          = 2585788416                             {manageable} {ergonomic}
     bool UseCompressedOops                        = true                           {product lp64_product} {ergonomic}
     bool UseG1GC                                  = true                                      {product} {ergonomic}

Logging:
Log output configuration:
 #0: stdout all=warning uptime,level,tags foldmultilines=false
 #1: stderr all=off uptime,level,tags foldmultilines=false

Release file:
IMPLEMENTOR="Ubuntu"
JAVA_RUNTIME_VERSION="21.0.10+7-Ubuntu-124.04"
JAVA_VERSION="21.0.10"
JAVA_VERSION_DATE="2026-01-20"
LIBC="gnu"
MODULES="java.base java.compiler java.datatransfer java.xml java.prefs java.desktop java.instrument java.logging java.management java.security.sasl java.naming java.rmi java.management.rmi java.net.http java.scripting java.security.jgss java.transaction.xa java.sql java.sql.rowset java.xml.crypto java.se java.smartcardio jdk.accessibility jdk.internal.jvmstat jdk.attach jdk.charsets jdk.internal.opt jdk.zipfs jdk.compiler jdk.crypto.ec jdk.crypto.cryptoki jdk.dynalink jdk.internal.ed jdk.editpad jdk.hotspot.agent jdk.httpserver jdk.incubator.vector jdk.internal.le jdk.internal.vm.ci jdk.internal.vm.compiler jdk.internal.vm.compiler.management jdk.jartool jdk.javadoc jdk.jcmd jdk.management jdk.management.agent jdk.jconsole jdk.jdeps jdk.jdwp.agent jdk.jdi jdk.jfr jdk.jlink jdk.jpackage jdk.jshell jdk.jsobject jdk.jstatd jdk.localedata jdk.management.jfr jdk.naming.dns jdk.naming.rmi jdk.net jdk.nio.mapmode jdk.random jdk.sctp jdk.security.auth jdk.security.jgss jdk.unsupported jdk.unsupported.desktop jdk.xml.dom"
OS_ARCH="x86_64"
OS_NAME="Linux"
SOURCE=""

Environment Variables:
PATH=/usr/local/sbin:/usr/local/bin:/usr/sbin:/usr/bin:/sbin:/bin:/usr/games:/usr/local/games:/snap/bin:/snap/bin
USERNAME=kbunny
SHELL=/bin/bash
DISPLAY=:0
WAYLAND_DISPLAY=wayland-0
LANG=en_US.UTF-8
TERM=xterm-256color

Active Locale:
LC_ALL=en_US.UTF-8
LC_COLLATE=en_US.UTF-8
LC_CTYPE=en_US.UTF-8
LC_MESSAGES=en_US.UTF-8
LC_MONETARY=en_US.UTF-8
LC_NUMERIC=en_US.UTF-8
LC_TIME=en_US.UTF-8

Signal Handlers:
   SIGSEGV: crash_handler in libjvm.so, mask=11100100010111111101111111111110, flags=SA_RESTART|SA_SIGINFO, unblocked
    SIGBUS: crash_handler in libjvm.so, mask=11100100010111111101111111111110, flags=SA_RESTART|SA_SIGINFO, unblocked
    SIGFPE: crash_handler in libjvm.so, mask=11100100010111111101111111111110, flags=SA_RESTART|SA_SIGINFO, unblocked
   SIGPIPE: javaSignalHandler in libjvm.so, mask=11100100010111111101111111111110, flags=SA_RESTART|SA_SIGINFO, blocked
   SIGXFSZ: javaSignalHandler in libjvm.so, mask=11100100010111111101111111111110, flags=SA_RESTART|SA_SIGINFO, blocked
    SIGILL: crash_handler in libjvm.so, mask=11100100010111111101111111111110, flags=SA_RESTART|SA_SIGINFO, unblocked
   SIGUSR2: SR_handler in libjvm.so, mask=00000000000000000000000000000000, flags=SA_RESTART|SA_SIGINFO, blocked
    SIGHUP: UserHandler in libjvm.so, mask=11100100010111111101111111111110, flags=SA_RESTART|SA_SIGINFO, blocked
    SIGINT: UserHandler in libjvm.so, mask=11100100010111111101111111111110, flags=SA_RESTART|SA_SIGINFO, blocked
   SIGTERM: UserHandler in libjvm.so, mask=11100100010111111101111111111110, flags=SA_RESTART|SA_SIGINFO, blocked
   SIGQUIT: UserHandler in libjvm.so, mask=11100100010111111101111111111110, flags=SA_RESTART|SA_SIGINFO, blocked
   SIGTRAP: crash_handler in libjvm.so, mask=11100100010111111101111111111110, flags=SA_RESTART|SA_SIGINFO, unblocked


Periodic native trim disabled

---------------  S Y S T E M  ---------------

OS:
DISTRIB_ID=Ubuntu
DISTRIB_RELEASE=24.04
DISTRIB_CODENAME=noble
DISTRIB_DESCRIPTION="Ubuntu 24.04.3 LTS"
uname: Linux 6.17.0-14-generic #14~24.04.1-Ubuntu SMP PREEMPT_DYNAMIC Thu Jan 15 15:52:10 UTC 2 x86_64
OS uptime: 0 days 0:59 hours
libc: glibc 2.39 NPTL 2.39 
rlimit (soft/hard): STACK 8192k/infinity , CORE 0k/infinity , NPROC 38826/38826 , NOFILE 1048576/1048576 , AS infinity/infinity , CPU infinity/infinity , DATA infinity/infinity , FSIZE infinity/infinity , MEMLOCK 1261604k/1261604k
load average: 0.74 0.74 0.58

/proc/meminfo:
MemTotal:       10092852 kB
MemFree:         4093968 kB
MemAvailable:    7507776 kB
Buffers:          175844 kB
Cached:          3494684 kB
SwapCached:            0 kB
Active:          4090568 kB
Inactive:        1238788 kB
Active(anon):    1748300 kB
Inactive(anon):        0 kB
Active(file):    2342268 kB
Inactive(file):  1238788 kB
Unevictable:          32 kB
Mlocked:              32 kB
SwapTotal:       4194300 kB
SwapFree:        4194300 kB
Zswap:                 0 kB
Zswapped:              0 kB
Dirty:               396 kB
Writeback:             0 kB
AnonPages:       1659076 kB
Mapped:           673512 kB
Shmem:             89452 kB
KReclaimable:     119100 kB
Slab:             352248 kB
SReclaimable:     119100 kB
SUnreclaim:       233148 kB
KernelStack:       13872 kB
PageTables:        32040 kB
SecPageTables:      3052 kB
NFS_Unstable:          0 kB
Bounce:                0 kB
WritebackTmp:          0 kB
CommitLimit:     9240724 kB
Committed_AS:   10971072 kB
VmallocTotal:   34359738367 kB
VmallocUsed:       72720 kB
VmallocChunk:          0 kB
Percpu:             3904 kB
HardwareCorrupted:     0 kB
AnonHugePages:         0 kB
ShmemHugePages:        0 kB
ShmemPmdMapped:        0 kB
FileHugePages:     32768 kB
FilePmdMapped:         0 kB
CmaTotal:              0 kB
CmaFree:               0 kB
Unaccepted:            0 kB
Balloon:               0 kB
HugePages_Total:       0
HugePages_Free:        0
HugePages_Rsvd:        0
HugePages_Surp:        0
Hugepagesize:       2048 kB
Hugetlb:               0 kB
DirectMap4k:      270624 kB
DirectMap2M:     8030208 kB
DirectMap1G:     3145728 kB

/sys/kernel/mm/transparent_hugepage/enabled: always [madvise] never
/sys/kernel/mm/transparent_hugepage/hpage_pmd_size: 2097152
/sys/kernel/mm/transparent_hugepage/defrag (defrag/compaction efforts parameter): always defer defer+madvise [madvise] never

Process Memory:
Virtual Size: 5503672K (peak: 5503672K)
Resident Set Size: 114388K (peak: 114388K) (anon: 89436K, file: 24952K, shmem: 0K)
Swapped out: 0K
C-Heap outstanding allocations: 33575K, retained: 8696K
glibc malloc tunables: (default)

/proc/sys/kernel/threads-max (system-wide limit on the number of threads): 77652
/proc/sys/vm/max_map_count (maximum number of memory map areas a process may have): 1048576
/proc/sys/vm/swappiness (control to define how aggressively the kernel swaps out anonymous memory): 60
/proc/sys/kernel/pid_max (system-wide limit on number of process identifiers): 4194304

container information not found.
Steal ticks since vm start: 0
Steal ticks percentage since vm start:  0.000

CPU: total 4 (initial active 4) (4 cores per cpu, 1 threads per core) family 23 model 24 stepping 1 microcode 0x8108102, cx8, cmov, fxsr, mmx, 3dnowpref, sse, sse2, sse3, ssse3, sse4a, sse4.1, sse4.2, popcnt, lzcnt, tsc, tscinvbit, avx, avx2, aes, clmul, bmi1, bmi2, adx, sha, fma, vzeroupper, clflush, clflushopt, rdtscp, f16c
CPU Model and flags from /proc/cpuinfo:
model name	: AMD Ryzen 3 3300U with Radeon Vega Mobile Gfx
flags		: fpu vme de pse tsc msr pae mce cx8 apic sep mtrr pge mca cmov pat pse36 clflush mmx fxsr sse sse2 ht syscall nx mmxext fxsr_opt pdpe1gb rdtscp lm constant_tsc rep_good nopl nonstop_tsc cpuid extd_apicid aperfmperf rapl pni pclmulqdq monitor ssse3 fma cx16 sse4_1 sse4_2 movbe popcnt aes xsave avx f16c rdrand lahf_lm cmp_legacy extapic cr8_legacy abm sse4a misalignsse 3dnowprefetch osvw skinit wdt tce topoext perfctr_core perfctr_nb bpext perfctr_llc mwaitx cpb hw_pstate ssbd ibpb vmmcall fsgsbase bmi1 avx2 smep bmi2 rdseed adx smap clflushopt sha_ni xsaveopt xsavec xgetbv1 clzero xsaveerptr arat npt lbrv svm_lock nrip_save tsc_scale vmcb_clean flushbyasid decodeassists pausefilter pfthreshold avic v_vmsave_vmload vgif overflow_recov succor smca sev sev_es

Online cpus: 0-3
Offline cpus: 
BIOS frequency limitation: 2100000
Frequency switch latency (ns): 0
Available cpu frequencies: 2100000 1700000 1400000 
Current governor: schedutil
Core performance/turbo boost: 1

Memory: 4k page, physical 10092852k(7507776k free), swap 4194300k(4194300k free)
Page Sizes: 4k

vm_info: OpenJDK 64-Bit Server VM (21.0.10+7-Ubuntu-124.04) for linux-amd64 JRE (21.0.10+7-Ubuntu-124.04), built on 2026-01-22T23:46:23Z by "buildd" with gcc 13.3.0

END.
